<?xml version="1.0" encoding="UTF-8"?>
<testsuite xmlns:xsi="http://www.w3.org/2001/XMLSchema-instance" xsi:noNamespaceSchemaLocation="https://maven.apache.org/surefire/maven-surefire-plugin/xsd/surefire-test-report.xsd" name="com.example.demo.PostControllerTest" time="20.05" tests="9" errors="0" skipped="0" failures="7">
  <properties>
    <property name="java.specification.version" value="17"/>
    <property name="sun.cpu.isalist" value="amd64"/>
    <property name="sun.jnu.encoding" value="Cp1256"/>
    <property name="java.class.path" value="C:\Users\MHMD\node-projects\autoshiftnew\api\target\test-classes;C:\Users\MHMD\node-projects\autoshiftnew\api\target\classes;C:\Users\MHMD\.m2\repository\org\springframework\boot\spring-boot-starter-webflux\3.0.5\spring-boot-starter-webflux-3.0.5.jar;C:\Users\MHMD\.m2\repository\org\springframework\boot\spring-boot-starter\3.0.5\spring-boot-starter-3.0.5.jar;C:\Users\MHMD\.m2\repository\org\springframework\boot\spring-boot\3.0.5\spring-boot-3.0.5.jar;C:\Users\MHMD\.m2\repository\org\springframework\boot\spring-boot-autoconfigure\3.0.5\spring-boot-autoconfigure-3.0.5.jar;C:\Users\MHMD\.m2\repository\org\springframework\boot\spring-boot-starter-logging\3.0.5\spring-boot-starter-logging-3.0.5.jar;C:\Users\MHMD\.m2\repository\ch\qos\logback\logback-classic\1.4.6\logback-classic-1.4.6.jar;C:\Users\MHMD\.m2\repository\ch\qos\logback\logback-core\1.4.6\logback-core-1.4.6.jar;C:\Users\MHMD\.m2\repository\org\apache\logging\log4j\log4j-to-slf4j\2.19.0\log4j-to-slf4j-2.19.0.jar;C:\Users\MHMD\.m2\repository\org\apache\logging\log4j\log4j-api\2.19.0\log4j-api-2.19.0.jar;C:\Users\MHMD\.m2\repository\org\slf4j\jul-to-slf4j\2.0.7\jul-to-slf4j-2.0.7.jar;C:\Users\MHMD\.m2\repository\jakarta\annotation\jakarta.annotation-api\2.1.1\jakarta.annotation-api-2.1.1.jar;C:\Users\MHMD\.m2\repository\org\yaml\snakeyaml\1.33\snakeyaml-1.33.jar;C:\Users\MHMD\.m2\repository\org\springframework\boot\spring-boot-starter-json\3.0.5\spring-boot-starter-json-3.0.5.jar;C:\Users\MHMD\.m2\repository\com\fasterxml\jackson\core\jackson-databind\2.14.2\jackson-databind-2.14.2.jar;C:\Users\MHMD\.m2\repository\com\fasterxml\jackson\core\jackson-annotations\2.14.2\jackson-annotations-2.14.2.jar;C:\Users\MHMD\.m2\repository\com\fasterxml\jackson\core\jackson-core\2.14.2\jackson-core-2.14.2.jar;C:\Users\MHMD\.m2\repository\com\fasterxml\jackson\datatype\jackson-datatype-jdk8\2.14.2\jackson-datatype-jdk8-2.14.2.jar;C:\Users\MHMD\.m2\repository\com\fasterxml\jackson\datatype\jackson-datatype-jsr310\2.14.2\jackson-datatype-jsr310-2.14.2.jar;C:\Users\MHMD\.m2\repository\com\fasterxml\jackson\module\jackson-module-parameter-names\2.14.2\jackson-module-parameter-names-2.14.2.jar;C:\Users\MHMD\.m2\repository\org\springframework\boot\spring-boot-starter-reactor-netty\3.0.5\spring-boot-starter-reactor-netty-3.0.5.jar;C:\Users\MHMD\.m2\repository\io\projectreactor\netty\reactor-netty-http\1.1.5\reactor-netty-http-1.1.5.jar;C:\Users\MHMD\.m2\repository\io\netty\netty-codec-http\4.1.90.Final\netty-codec-http-4.1.90.Final.jar;C:\Users\MHMD\.m2\repository\io\netty\netty-buffer\4.1.90.Final\netty-buffer-4.1.90.Final.jar;C:\Users\MHMD\.m2\repository\io\netty\netty-codec\4.1.90.Final\netty-codec-4.1.90.Final.jar;C:\Users\MHMD\.m2\repository\io\netty\netty-codec-http2\4.1.90.Final\netty-codec-http2-4.1.90.Final.jar;C:\Users\MHMD\.m2\repository\io\netty\netty-resolver-dns\4.1.90.Final\netty-resolver-dns-4.1.90.Final.jar;C:\Users\MHMD\.m2\repository\io\netty\netty-resolver\4.1.90.Final\netty-resolver-4.1.90.Final.jar;C:\Users\MHMD\.m2\repository\io\netty\netty-codec-dns\4.1.90.Final\netty-codec-dns-4.1.90.Final.jar;C:\Users\MHMD\.m2\repository\io\netty\netty-resolver-dns-native-macos\4.1.90.Final\netty-resolver-dns-native-macos-4.1.90.Final-osx-x86_64.jar;C:\Users\MHMD\.m2\repository\io\netty\netty-resolver-dns-classes-macos\4.1.90.Final\netty-resolver-dns-classes-macos-4.1.90.Final.jar;C:\Users\MHMD\.m2\repository\io\netty\netty-transport-native-epoll\4.1.90.Final\netty-transport-native-epoll-4.1.90.Final-linux-x86_64.jar;C:\Users\MHMD\.m2\repository\io\netty\netty-transport-native-unix-common\4.1.90.Final\netty-transport-native-unix-common-4.1.90.Final.jar;C:\Users\MHMD\.m2\repository\io\netty\netty-transport-classes-epoll\4.1.90.Final\netty-transport-classes-epoll-4.1.90.Final.jar;C:\Users\MHMD\.m2\repository\io\projectreactor\netty\reactor-netty-core\1.1.5\reactor-netty-core-1.1.5.jar;C:\Users\MHMD\.m2\repository\io\netty\netty-handler-proxy\4.1.90.Final\netty-handler-proxy-4.1.90.Final.jar;C:\Users\MHMD\.m2\repository\io\netty\netty-codec-socks\4.1.90.Final\netty-codec-socks-4.1.90.Final.jar;C:\Users\MHMD\.m2\repository\org\springframework\spring-web\6.0.7\spring-web-6.0.7.jar;C:\Users\MHMD\.m2\repository\org\springframework\spring-beans\6.0.7\spring-beans-6.0.7.jar;C:\Users\MHMD\.m2\repository\org\springframework\spring-webflux\6.0.7\spring-webflux-6.0.7.jar;C:\Users\MHMD\.m2\repository\org\springframework\boot\spring-boot-starter-validation\3.0.5\spring-boot-starter-validation-3.0.5.jar;C:\Users\MHMD\.m2\repository\org\apache\tomcat\embed\tomcat-embed-el\10.1.7\tomcat-embed-el-10.1.7.jar;C:\Users\MHMD\.m2\repository\org\hibernate\validator\hibernate-validator\8.0.0.Final\hibernate-validator-8.0.0.Final.jar;C:\Users\MHMD\.m2\repository\jakarta\validation\jakarta.validation-api\3.0.2\jakarta.validation-api-3.0.2.jar;C:\Users\MHMD\.m2\repository\org\jboss\logging\jboss-logging\3.5.0.Final\jboss-logging-3.5.0.Final.jar;C:\Users\MHMD\.m2\repository\com\fasterxml\classmate\1.5.1\classmate-1.5.1.jar;C:\Users\MHMD\.m2\repository\org\springframework\boot\spring-boot-starter-actuator\3.0.5\spring-boot-starter-actuator-3.0.5.jar;C:\Users\MHMD\.m2\repository\org\springframework\boot\spring-boot-actuator-autoconfigure\3.0.5\spring-boot-actuator-autoconfigure-3.0.5.jar;C:\Users\MHMD\.m2\repository\org\springframework\boot\spring-boot-actuator\3.0.5\spring-boot-actuator-3.0.5.jar;C:\Users\MHMD\.m2\repository\io\micrometer\micrometer-observation\1.10.5\micrometer-observation-1.10.5.jar;C:\Users\MHMD\.m2\repository\io\micrometer\micrometer-commons\1.10.5\micrometer-commons-1.10.5.jar;C:\Users\MHMD\.m2\repository\io\micrometer\micrometer-core\1.10.5\micrometer-core-1.10.5.jar;C:\Users\MHMD\.m2\repository\org\hdrhistogram\HdrHistogram\2.1.12\HdrHistogram-2.1.12.jar;C:\Users\MHMD\.m2\repository\org\latencyutils\LatencyUtils\2.0.3\LatencyUtils-2.0.3.jar;C:\Users\MHMD\.m2\repository\org\springframework\session\spring-session-data-redis\3.0.1\spring-session-data-redis-3.0.1.jar;C:\Users\MHMD\.m2\repository\org\springframework\session\spring-session-core\3.0.1\spring-session-core-3.0.1.jar;C:\Users\MHMD\.m2\repository\org\springframework\spring-jcl\6.0.7\spring-jcl-6.0.7.jar;C:\Users\MHMD\.m2\repository\org\springframework\data\spring-data-redis\3.0.4\spring-data-redis-3.0.4.jar;C:\Users\MHMD\.m2\repository\org\springframework\data\spring-data-keyvalue\3.0.4\spring-data-keyvalue-3.0.4.jar;C:\Users\MHMD\.m2\repository\org\springframework\spring-tx\6.0.7\spring-tx-6.0.7.jar;C:\Users\MHMD\.m2\repository\org\springframework\spring-oxm\6.0.7\spring-oxm-6.0.7.jar;C:\Users\MHMD\.m2\repository\org\springframework\spring-context-support\6.0.7\spring-context-support-6.0.7.jar;C:\Users\MHMD\.m2\repository\org\slf4j\slf4j-api\2.0.7\slf4j-api-2.0.7.jar;C:\Users\MHMD\.m2\repository\org\springframework\boot\spring-boot-starter-data-redis-reactive\3.0.5\spring-boot-starter-data-redis-reactive-3.0.5.jar;C:\Users\MHMD\.m2\repository\org\springframework\boot\spring-boot-starter-data-redis\3.0.5\spring-boot-starter-data-redis-3.0.5.jar;C:\Users\MHMD\.m2\repository\io\lettuce\lettuce-core\6.2.3.RELEASE\lettuce-core-6.2.3.RELEASE.jar;C:\Users\MHMD\.m2\repository\io\netty\netty-common\4.1.90.Final\netty-common-4.1.90.Final.jar;C:\Users\MHMD\.m2\repository\io\netty\netty-handler\4.1.90.Final\netty-handler-4.1.90.Final.jar;C:\Users\MHMD\.m2\repository\io\netty\netty-transport\4.1.90.Final\netty-transport-4.1.90.Final.jar;C:\Users\MHMD\.m2\repository\org\springframework\boot\spring-boot-starter-data-mongodb-reactive\3.0.5\spring-boot-starter-data-mongodb-reactive-3.0.5.jar;C:\Users\MHMD\.m2\repository\io\projectreactor\reactor-core\3.5.4\reactor-core-3.5.4.jar;C:\Users\MHMD\.m2\repository\org\reactivestreams\reactive-streams\1.0.4\reactive-streams-1.0.4.jar;C:\Users\MHMD\.m2\repository\org\mongodb\mongodb-driver-reactivestreams\4.8.2\mongodb-driver-reactivestreams-4.8.2.jar;C:\Users\MHMD\.m2\repository\org\mongodb\bson\4.8.2\bson-4.8.2.jar;C:\Users\MHMD\.m2\repository\org\mongodb\mongodb-driver-core\4.8.2\mongodb-driver-core-4.8.2.jar;C:\Users\MHMD\.m2\repository\org\mongodb\bson-record-codec\4.8.2\bson-record-codec-4.8.2.jar;C:\Users\MHMD\.m2\repository\org\springframework\data\spring-data-mongodb\4.0.4\spring-data-mongodb-4.0.4.jar;C:\Users\MHMD\.m2\repository\org\springframework\spring-context\6.0.7\spring-context-6.0.7.jar;C:\Users\MHMD\.m2\repository\org\springframework\spring-expression\6.0.7\spring-expression-6.0.7.jar;C:\Users\MHMD\.m2\repository\org\springframework\data\spring-data-commons\3.0.4\spring-data-commons-3.0.4.jar;C:\Users\MHMD\.m2\repository\org\springframework\boot\spring-boot-starter-security\3.0.5\spring-boot-starter-security-3.0.5.jar;C:\Users\MHMD\.m2\repository\org\springframework\spring-aop\6.0.7\spring-aop-6.0.7.jar;C:\Users\MHMD\.m2\repository\org\springframework\security\spring-security-config\6.0.2\spring-security-config-6.0.2.jar;C:\Users\MHMD\.m2\repository\org\springframework\security\spring-security-web\6.0.2\spring-security-web-6.0.2.jar;C:\Users\MHMD\.m2\repository\org\projectlombok\lombok\1.18.26\lombok-1.18.26.jar;C:\Users\MHMD\.m2\repository\org\springframework\boot\spring-boot-starter-test\3.0.5\spring-boot-starter-test-3.0.5.jar;C:\Users\MHMD\.m2\repository\org\springframework\boot\spring-boot-test\3.0.5\spring-boot-test-3.0.5.jar;C:\Users\MHMD\.m2\repository\org\springframework\boot\spring-boot-test-autoconfigure\3.0.5\spring-boot-test-autoconfigure-3.0.5.jar;C:\Users\MHMD\.m2\repository\com\jayway\jsonpath\json-path\2.7.0\json-path-2.7.0.jar;C:\Users\MHMD\.m2\repository\net\minidev\json-smart\2.4.10\json-smart-2.4.10.jar;C:\Users\MHMD\.m2\repository\net\minidev\accessors-smart\2.4.9\accessors-smart-2.4.9.jar;C:\Users\MHMD\.m2\repository\org\ow2\asm\asm\9.3\asm-9.3.jar;C:\Users\MHMD\.m2\repository\jakarta\xml\bind\jakarta.xml.bind-api\4.0.0\jakarta.xml.bind-api-4.0.0.jar;C:\Users\MHMD\.m2\repository\jakarta\activation\jakarta.activation-api\2.1.1\jakarta.activation-api-2.1.1.jar;C:\Users\MHMD\.m2\repository\org\assertj\assertj-core\3.23.1\assertj-core-3.23.1.jar;C:\Users\MHMD\.m2\repository\net\bytebuddy\byte-buddy\1.12.23\byte-buddy-1.12.23.jar;C:\Users\MHMD\.m2\repository\org\hamcrest\hamcrest\2.2\hamcrest-2.2.jar;C:\Users\MHMD\.m2\repository\org\junit\jupiter\junit-jupiter\5.9.2\junit-jupiter-5.9.2.jar;C:\Users\MHMD\.m2\repository\org\junit\jupiter\junit-jupiter-api\5.9.2\junit-jupiter-api-5.9.2.jar;C:\Users\MHMD\.m2\repository\org\opentest4j\opentest4j\1.2.0\opentest4j-1.2.0.jar;C:\Users\MHMD\.m2\repository\org\junit\platform\junit-platform-commons\1.9.2\junit-platform-commons-1.9.2.jar;C:\Users\MHMD\.m2\repository\org\apiguardian\apiguardian-api\1.1.2\apiguardian-api-1.1.2.jar;C:\Users\MHMD\.m2\repository\org\junit\jupiter\junit-jupiter-params\5.9.2\junit-jupiter-params-5.9.2.jar;C:\Users\MHMD\.m2\repository\org\junit\jupiter\junit-jupiter-engine\5.9.2\junit-jupiter-engine-5.9.2.jar;C:\Users\MHMD\.m2\repository\org\junit\platform\junit-platform-engine\1.9.2\junit-platform-engine-1.9.2.jar;C:\Users\MHMD\.m2\repository\org\mockito\mockito-core\4.8.1\mockito-core-4.8.1.jar;C:\Users\MHMD\.m2\repository\net\bytebuddy\byte-buddy-agent\1.12.23\byte-buddy-agent-1.12.23.jar;C:\Users\MHMD\.m2\repository\org\objenesis\objenesis\3.2\objenesis-3.2.jar;C:\Users\MHMD\.m2\repository\org\mockito\mockito-junit-jupiter\4.8.1\mockito-junit-jupiter-4.8.1.jar;C:\Users\MHMD\.m2\repository\org\skyscreamer\jsonassert\1.5.1\jsonassert-1.5.1.jar;C:\Users\MHMD\.m2\repository\com\vaadin\external\google\android-json\0.0.20131108.vaadin1\android-json-0.0.20131108.vaadin1.jar;C:\Users\MHMD\.m2\repository\org\springframework\spring-core\6.0.7\spring-core-6.0.7.jar;C:\Users\MHMD\.m2\repository\org\springframework\spring-test\6.0.7\spring-test-6.0.7.jar;C:\Users\MHMD\.m2\repository\org\xmlunit\xmlunit-core\2.9.1\xmlunit-core-2.9.1.jar;C:\Users\MHMD\.m2\repository\io\projectreactor\reactor-test\3.5.4\reactor-test-3.5.4.jar;C:\Users\MHMD\.m2\repository\org\springframework\security\spring-security-test\6.0.2\spring-security-test-6.0.2.jar;C:\Users\MHMD\.m2\repository\org\springframework\security\spring-security-core\6.0.2\spring-security-core-6.0.2.jar;C:\Users\MHMD\.m2\repository\org\springframework\security\spring-security-crypto\6.0.2\spring-security-crypto-6.0.2.jar;C:\Users\MHMD\.m2\repository\org\testcontainers\junit-jupiter\1.20.1\junit-jupiter-1.20.1.jar;C:\Users\MHMD\.m2\repository\org\testcontainers\testcontainers\1.20.1\testcontainers-1.20.1.jar;C:\Users\MHMD\.m2\repository\junit\junit\4.13.2\junit-4.13.2.jar;C:\Users\MHMD\.m2\repository\org\hamcrest\hamcrest-core\2.2\hamcrest-core-2.2.jar;C:\Users\MHMD\.m2\repository\org\apache\commons\commons-compress\1.24.0\commons-compress-1.24.0.jar;C:\Users\MHMD\.m2\repository\org\rnorth\duct-tape\duct-tape\1.0.8\duct-tape-1.0.8.jar;C:\Users\MHMD\.m2\repository\org\jetbrains\annotations\17.0.0\annotations-17.0.0.jar;C:\Users\MHMD\.m2\repository\com\github\docker-java\docker-java-api\3.4.0\docker-java-api-3.4.0.jar;C:\Users\MHMD\.m2\repository\com\github\docker-java\docker-java-transport-zerodep\3.4.0\docker-java-transport-zerodep-3.4.0.jar;C:\Users\MHMD\.m2\repository\com\github\docker-java\docker-java-transport\3.4.0\docker-java-transport-3.4.0.jar;C:\Users\MHMD\.m2\repository\net\java\dev\jna\jna\5.13.0\jna-5.13.0.jar;C:\Users\MHMD\.m2\repository\org\testcontainers\mongodb\1.20.1\mongodb-1.20.1.jar;"/>
    <property name="java.vm.vendor" value="Azul Systems, Inc."/>
    <property name="sun.arch.data.model" value="64"/>
    <property name="user.variant" value=""/>
    <property name="java.vendor.url" value="http://www.azul.com/"/>
    <property name="user.timezone" value="Asia/Baghdad"/>
    <property name="os.name" value="Windows 10"/>
    <property name="java.vm.specification.version" value="17"/>
    <property name="sun.java.launcher" value="SUN_STANDARD"/>
    <property name="user.country" value="GB"/>
    <property name="sun.boot.library.path" value="C:\Users\MHMD\.jdks\azul-17.0.13\bin"/>
    <property name="sun.java.command" value="C:\Users\MHMD\AppData\Local\Temp\surefire12936137504611055013\surefirebooter10253621934135387770.jar C:\Users\MHMD\AppData\Local\Temp\surefire12936137504611055013 2024-12-24T01-45-19_585-jvmRun1 surefire12550105674922756974tmp surefire_02719263359477927084tmp"/>
    <property name="jdk.debug" value="release"/>
    <property name="surefire.test.class.path" value="C:\Users\MHMD\node-projects\autoshiftnew\api\target\test-classes;C:\Users\MHMD\node-projects\autoshiftnew\api\target\classes;C:\Users\MHMD\.m2\repository\org\springframework\boot\spring-boot-starter-webflux\3.0.5\spring-boot-starter-webflux-3.0.5.jar;C:\Users\MHMD\.m2\repository\org\springframework\boot\spring-boot-starter\3.0.5\spring-boot-starter-3.0.5.jar;C:\Users\MHMD\.m2\repository\org\springframework\boot\spring-boot\3.0.5\spring-boot-3.0.5.jar;C:\Users\MHMD\.m2\repository\org\springframework\boot\spring-boot-autoconfigure\3.0.5\spring-boot-autoconfigure-3.0.5.jar;C:\Users\MHMD\.m2\repository\org\springframework\boot\spring-boot-starter-logging\3.0.5\spring-boot-starter-logging-3.0.5.jar;C:\Users\MHMD\.m2\repository\ch\qos\logback\logback-classic\1.4.6\logback-classic-1.4.6.jar;C:\Users\MHMD\.m2\repository\ch\qos\logback\logback-core\1.4.6\logback-core-1.4.6.jar;C:\Users\MHMD\.m2\repository\org\apache\logging\log4j\log4j-to-slf4j\2.19.0\log4j-to-slf4j-2.19.0.jar;C:\Users\MHMD\.m2\repository\org\apache\logging\log4j\log4j-api\2.19.0\log4j-api-2.19.0.jar;C:\Users\MHMD\.m2\repository\org\slf4j\jul-to-slf4j\2.0.7\jul-to-slf4j-2.0.7.jar;C:\Users\MHMD\.m2\repository\jakarta\annotation\jakarta.annotation-api\2.1.1\jakarta.annotation-api-2.1.1.jar;C:\Users\MHMD\.m2\repository\org\yaml\snakeyaml\1.33\snakeyaml-1.33.jar;C:\Users\MHMD\.m2\repository\org\springframework\boot\spring-boot-starter-json\3.0.5\spring-boot-starter-json-3.0.5.jar;C:\Users\MHMD\.m2\repository\com\fasterxml\jackson\core\jackson-databind\2.14.2\jackson-databind-2.14.2.jar;C:\Users\MHMD\.m2\repository\com\fasterxml\jackson\core\jackson-annotations\2.14.2\jackson-annotations-2.14.2.jar;C:\Users\MHMD\.m2\repository\com\fasterxml\jackson\core\jackson-core\2.14.2\jackson-core-2.14.2.jar;C:\Users\MHMD\.m2\repository\com\fasterxml\jackson\datatype\jackson-datatype-jdk8\2.14.2\jackson-datatype-jdk8-2.14.2.jar;C:\Users\MHMD\.m2\repository\com\fasterxml\jackson\datatype\jackson-datatype-jsr310\2.14.2\jackson-datatype-jsr310-2.14.2.jar;C:\Users\MHMD\.m2\repository\com\fasterxml\jackson\module\jackson-module-parameter-names\2.14.2\jackson-module-parameter-names-2.14.2.jar;C:\Users\MHMD\.m2\repository\org\springframework\boot\spring-boot-starter-reactor-netty\3.0.5\spring-boot-starter-reactor-netty-3.0.5.jar;C:\Users\MHMD\.m2\repository\io\projectreactor\netty\reactor-netty-http\1.1.5\reactor-netty-http-1.1.5.jar;C:\Users\MHMD\.m2\repository\io\netty\netty-codec-http\4.1.90.Final\netty-codec-http-4.1.90.Final.jar;C:\Users\MHMD\.m2\repository\io\netty\netty-buffer\4.1.90.Final\netty-buffer-4.1.90.Final.jar;C:\Users\MHMD\.m2\repository\io\netty\netty-codec\4.1.90.Final\netty-codec-4.1.90.Final.jar;C:\Users\MHMD\.m2\repository\io\netty\netty-codec-http2\4.1.90.Final\netty-codec-http2-4.1.90.Final.jar;C:\Users\MHMD\.m2\repository\io\netty\netty-resolver-dns\4.1.90.Final\netty-resolver-dns-4.1.90.Final.jar;C:\Users\MHMD\.m2\repository\io\netty\netty-resolver\4.1.90.Final\netty-resolver-4.1.90.Final.jar;C:\Users\MHMD\.m2\repository\io\netty\netty-codec-dns\4.1.90.Final\netty-codec-dns-4.1.90.Final.jar;C:\Users\MHMD\.m2\repository\io\netty\netty-resolver-dns-native-macos\4.1.90.Final\netty-resolver-dns-native-macos-4.1.90.Final-osx-x86_64.jar;C:\Users\MHMD\.m2\repository\io\netty\netty-resolver-dns-classes-macos\4.1.90.Final\netty-resolver-dns-classes-macos-4.1.90.Final.jar;C:\Users\MHMD\.m2\repository\io\netty\netty-transport-native-epoll\4.1.90.Final\netty-transport-native-epoll-4.1.90.Final-linux-x86_64.jar;C:\Users\MHMD\.m2\repository\io\netty\netty-transport-native-unix-common\4.1.90.Final\netty-transport-native-unix-common-4.1.90.Final.jar;C:\Users\MHMD\.m2\repository\io\netty\netty-transport-classes-epoll\4.1.90.Final\netty-transport-classes-epoll-4.1.90.Final.jar;C:\Users\MHMD\.m2\repository\io\projectreactor\netty\reactor-netty-core\1.1.5\reactor-netty-core-1.1.5.jar;C:\Users\MHMD\.m2\repository\io\netty\netty-handler-proxy\4.1.90.Final\netty-handler-proxy-4.1.90.Final.jar;C:\Users\MHMD\.m2\repository\io\netty\netty-codec-socks\4.1.90.Final\netty-codec-socks-4.1.90.Final.jar;C:\Users\MHMD\.m2\repository\org\springframework\spring-web\6.0.7\spring-web-6.0.7.jar;C:\Users\MHMD\.m2\repository\org\springframework\spring-beans\6.0.7\spring-beans-6.0.7.jar;C:\Users\MHMD\.m2\repository\org\springframework\spring-webflux\6.0.7\spring-webflux-6.0.7.jar;C:\Users\MHMD\.m2\repository\org\springframework\boot\spring-boot-starter-validation\3.0.5\spring-boot-starter-validation-3.0.5.jar;C:\Users\MHMD\.m2\repository\org\apache\tomcat\embed\tomcat-embed-el\10.1.7\tomcat-embed-el-10.1.7.jar;C:\Users\MHMD\.m2\repository\org\hibernate\validator\hibernate-validator\8.0.0.Final\hibernate-validator-8.0.0.Final.jar;C:\Users\MHMD\.m2\repository\jakarta\validation\jakarta.validation-api\3.0.2\jakarta.validation-api-3.0.2.jar;C:\Users\MHMD\.m2\repository\org\jboss\logging\jboss-logging\3.5.0.Final\jboss-logging-3.5.0.Final.jar;C:\Users\MHMD\.m2\repository\com\fasterxml\classmate\1.5.1\classmate-1.5.1.jar;C:\Users\MHMD\.m2\repository\org\springframework\boot\spring-boot-starter-actuator\3.0.5\spring-boot-starter-actuator-3.0.5.jar;C:\Users\MHMD\.m2\repository\org\springframework\boot\spring-boot-actuator-autoconfigure\3.0.5\spring-boot-actuator-autoconfigure-3.0.5.jar;C:\Users\MHMD\.m2\repository\org\springframework\boot\spring-boot-actuator\3.0.5\spring-boot-actuator-3.0.5.jar;C:\Users\MHMD\.m2\repository\io\micrometer\micrometer-observation\1.10.5\micrometer-observation-1.10.5.jar;C:\Users\MHMD\.m2\repository\io\micrometer\micrometer-commons\1.10.5\micrometer-commons-1.10.5.jar;C:\Users\MHMD\.m2\repository\io\micrometer\micrometer-core\1.10.5\micrometer-core-1.10.5.jar;C:\Users\MHMD\.m2\repository\org\hdrhistogram\HdrHistogram\2.1.12\HdrHistogram-2.1.12.jar;C:\Users\MHMD\.m2\repository\org\latencyutils\LatencyUtils\2.0.3\LatencyUtils-2.0.3.jar;C:\Users\MHMD\.m2\repository\org\springframework\session\spring-session-data-redis\3.0.1\spring-session-data-redis-3.0.1.jar;C:\Users\MHMD\.m2\repository\org\springframework\session\spring-session-core\3.0.1\spring-session-core-3.0.1.jar;C:\Users\MHMD\.m2\repository\org\springframework\spring-jcl\6.0.7\spring-jcl-6.0.7.jar;C:\Users\MHMD\.m2\repository\org\springframework\data\spring-data-redis\3.0.4\spring-data-redis-3.0.4.jar;C:\Users\MHMD\.m2\repository\org\springframework\data\spring-data-keyvalue\3.0.4\spring-data-keyvalue-3.0.4.jar;C:\Users\MHMD\.m2\repository\org\springframework\spring-tx\6.0.7\spring-tx-6.0.7.jar;C:\Users\MHMD\.m2\repository\org\springframework\spring-oxm\6.0.7\spring-oxm-6.0.7.jar;C:\Users\MHMD\.m2\repository\org\springframework\spring-context-support\6.0.7\spring-context-support-6.0.7.jar;C:\Users\MHMD\.m2\repository\org\slf4j\slf4j-api\2.0.7\slf4j-api-2.0.7.jar;C:\Users\MHMD\.m2\repository\org\springframework\boot\spring-boot-starter-data-redis-reactive\3.0.5\spring-boot-starter-data-redis-reactive-3.0.5.jar;C:\Users\MHMD\.m2\repository\org\springframework\boot\spring-boot-starter-data-redis\3.0.5\spring-boot-starter-data-redis-3.0.5.jar;C:\Users\MHMD\.m2\repository\io\lettuce\lettuce-core\6.2.3.RELEASE\lettuce-core-6.2.3.RELEASE.jar;C:\Users\MHMD\.m2\repository\io\netty\netty-common\4.1.90.Final\netty-common-4.1.90.Final.jar;C:\Users\MHMD\.m2\repository\io\netty\netty-handler\4.1.90.Final\netty-handler-4.1.90.Final.jar;C:\Users\MHMD\.m2\repository\io\netty\netty-transport\4.1.90.Final\netty-transport-4.1.90.Final.jar;C:\Users\MHMD\.m2\repository\org\springframework\boot\spring-boot-starter-data-mongodb-reactive\3.0.5\spring-boot-starter-data-mongodb-reactive-3.0.5.jar;C:\Users\MHMD\.m2\repository\io\projectreactor\reactor-core\3.5.4\reactor-core-3.5.4.jar;C:\Users\MHMD\.m2\repository\org\reactivestreams\reactive-streams\1.0.4\reactive-streams-1.0.4.jar;C:\Users\MHMD\.m2\repository\org\mongodb\mongodb-driver-reactivestreams\4.8.2\mongodb-driver-reactivestreams-4.8.2.jar;C:\Users\MHMD\.m2\repository\org\mongodb\bson\4.8.2\bson-4.8.2.jar;C:\Users\MHMD\.m2\repository\org\mongodb\mongodb-driver-core\4.8.2\mongodb-driver-core-4.8.2.jar;C:\Users\MHMD\.m2\repository\org\mongodb\bson-record-codec\4.8.2\bson-record-codec-4.8.2.jar;C:\Users\MHMD\.m2\repository\org\springframework\data\spring-data-mongodb\4.0.4\spring-data-mongodb-4.0.4.jar;C:\Users\MHMD\.m2\repository\org\springframework\spring-context\6.0.7\spring-context-6.0.7.jar;C:\Users\MHMD\.m2\repository\org\springframework\spring-expression\6.0.7\spring-expression-6.0.7.jar;C:\Users\MHMD\.m2\repository\org\springframework\data\spring-data-commons\3.0.4\spring-data-commons-3.0.4.jar;C:\Users\MHMD\.m2\repository\org\springframework\boot\spring-boot-starter-security\3.0.5\spring-boot-starter-security-3.0.5.jar;C:\Users\MHMD\.m2\repository\org\springframework\spring-aop\6.0.7\spring-aop-6.0.7.jar;C:\Users\MHMD\.m2\repository\org\springframework\security\spring-security-config\6.0.2\spring-security-config-6.0.2.jar;C:\Users\MHMD\.m2\repository\org\springframework\security\spring-security-web\6.0.2\spring-security-web-6.0.2.jar;C:\Users\MHMD\.m2\repository\org\projectlombok\lombok\1.18.26\lombok-1.18.26.jar;C:\Users\MHMD\.m2\repository\org\springframework\boot\spring-boot-starter-test\3.0.5\spring-boot-starter-test-3.0.5.jar;C:\Users\MHMD\.m2\repository\org\springframework\boot\spring-boot-test\3.0.5\spring-boot-test-3.0.5.jar;C:\Users\MHMD\.m2\repository\org\springframework\boot\spring-boot-test-autoconfigure\3.0.5\spring-boot-test-autoconfigure-3.0.5.jar;C:\Users\MHMD\.m2\repository\com\jayway\jsonpath\json-path\2.7.0\json-path-2.7.0.jar;C:\Users\MHMD\.m2\repository\net\minidev\json-smart\2.4.10\json-smart-2.4.10.jar;C:\Users\MHMD\.m2\repository\net\minidev\accessors-smart\2.4.9\accessors-smart-2.4.9.jar;C:\Users\MHMD\.m2\repository\org\ow2\asm\asm\9.3\asm-9.3.jar;C:\Users\MHMD\.m2\repository\jakarta\xml\bind\jakarta.xml.bind-api\4.0.0\jakarta.xml.bind-api-4.0.0.jar;C:\Users\MHMD\.m2\repository\jakarta\activation\jakarta.activation-api\2.1.1\jakarta.activation-api-2.1.1.jar;C:\Users\MHMD\.m2\repository\org\assertj\assertj-core\3.23.1\assertj-core-3.23.1.jar;C:\Users\MHMD\.m2\repository\net\bytebuddy\byte-buddy\1.12.23\byte-buddy-1.12.23.jar;C:\Users\MHMD\.m2\repository\org\hamcrest\hamcrest\2.2\hamcrest-2.2.jar;C:\Users\MHMD\.m2\repository\org\junit\jupiter\junit-jupiter\5.9.2\junit-jupiter-5.9.2.jar;C:\Users\MHMD\.m2\repository\org\junit\jupiter\junit-jupiter-api\5.9.2\junit-jupiter-api-5.9.2.jar;C:\Users\MHMD\.m2\repository\org\opentest4j\opentest4j\1.2.0\opentest4j-1.2.0.jar;C:\Users\MHMD\.m2\repository\org\junit\platform\junit-platform-commons\1.9.2\junit-platform-commons-1.9.2.jar;C:\Users\MHMD\.m2\repository\org\apiguardian\apiguardian-api\1.1.2\apiguardian-api-1.1.2.jar;C:\Users\MHMD\.m2\repository\org\junit\jupiter\junit-jupiter-params\5.9.2\junit-jupiter-params-5.9.2.jar;C:\Users\MHMD\.m2\repository\org\junit\jupiter\junit-jupiter-engine\5.9.2\junit-jupiter-engine-5.9.2.jar;C:\Users\MHMD\.m2\repository\org\junit\platform\junit-platform-engine\1.9.2\junit-platform-engine-1.9.2.jar;C:\Users\MHMD\.m2\repository\org\mockito\mockito-core\4.8.1\mockito-core-4.8.1.jar;C:\Users\MHMD\.m2\repository\net\bytebuddy\byte-buddy-agent\1.12.23\byte-buddy-agent-1.12.23.jar;C:\Users\MHMD\.m2\repository\org\objenesis\objenesis\3.2\objenesis-3.2.jar;C:\Users\MHMD\.m2\repository\org\mockito\mockito-junit-jupiter\4.8.1\mockito-junit-jupiter-4.8.1.jar;C:\Users\MHMD\.m2\repository\org\skyscreamer\jsonassert\1.5.1\jsonassert-1.5.1.jar;C:\Users\MHMD\.m2\repository\com\vaadin\external\google\android-json\0.0.20131108.vaadin1\android-json-0.0.20131108.vaadin1.jar;C:\Users\MHMD\.m2\repository\org\springframework\spring-core\6.0.7\spring-core-6.0.7.jar;C:\Users\MHMD\.m2\repository\org\springframework\spring-test\6.0.7\spring-test-6.0.7.jar;C:\Users\MHMD\.m2\repository\org\xmlunit\xmlunit-core\2.9.1\xmlunit-core-2.9.1.jar;C:\Users\MHMD\.m2\repository\io\projectreactor\reactor-test\3.5.4\reactor-test-3.5.4.jar;C:\Users\MHMD\.m2\repository\org\springframework\security\spring-security-test\6.0.2\spring-security-test-6.0.2.jar;C:\Users\MHMD\.m2\repository\org\springframework\security\spring-security-core\6.0.2\spring-security-core-6.0.2.jar;C:\Users\MHMD\.m2\repository\org\springframework\security\spring-security-crypto\6.0.2\spring-security-crypto-6.0.2.jar;C:\Users\MHMD\.m2\repository\org\testcontainers\junit-jupiter\1.20.1\junit-jupiter-1.20.1.jar;C:\Users\MHMD\.m2\repository\org\testcontainers\testcontainers\1.20.1\testcontainers-1.20.1.jar;C:\Users\MHMD\.m2\repository\junit\junit\4.13.2\junit-4.13.2.jar;C:\Users\MHMD\.m2\repository\org\hamcrest\hamcrest-core\2.2\hamcrest-core-2.2.jar;C:\Users\MHMD\.m2\repository\org\apache\commons\commons-compress\1.24.0\commons-compress-1.24.0.jar;C:\Users\MHMD\.m2\repository\org\rnorth\duct-tape\duct-tape\1.0.8\duct-tape-1.0.8.jar;C:\Users\MHMD\.m2\repository\org\jetbrains\annotations\17.0.0\annotations-17.0.0.jar;C:\Users\MHMD\.m2\repository\com\github\docker-java\docker-java-api\3.4.0\docker-java-api-3.4.0.jar;C:\Users\MHMD\.m2\repository\com\github\docker-java\docker-java-transport-zerodep\3.4.0\docker-java-transport-zerodep-3.4.0.jar;C:\Users\MHMD\.m2\repository\com\github\docker-java\docker-java-transport\3.4.0\docker-java-transport-3.4.0.jar;C:\Users\MHMD\.m2\repository\net\java\dev\jna\jna\5.13.0\jna-5.13.0.jar;C:\Users\MHMD\.m2\repository\org\testcontainers\mongodb\1.20.1\mongodb-1.20.1.jar;"/>
    <property name="sun.cpu.endian" value="little"/>
    <property name="user.home" value="C:\Users\MHMD"/>
    <property name="user.language" value="en"/>
    <property name="java.specification.vendor" value="Oracle Corporation"/>
    <property name="java.version.date" value="2024-10-15"/>
    <property name="java.home" value="C:\Users\MHMD\.jdks\azul-17.0.13"/>
    <property name="file.separator" value="\"/>
    <property name="basedir" value="C:\Users\MHMD\node-projects\autoshiftnew\api"/>
    <property name="java.vm.compressedOopsMode" value="Zero based"/>
    <property name="line.separator" value="&#10;"/>
    <property name="java.vm.specification.vendor" value="Oracle Corporation"/>
    <property name="java.specification.name" value="Java Platform API Specification"/>
    <property name="surefire.real.class.path" value="C:\Users\MHMD\AppData\Local\Temp\surefire12936137504611055013\surefirebooter10253621934135387770.jar"/>
    <property name="user.script" value=""/>
    <property name="sun.management.compiler" value="HotSpot 64-Bit Tiered Compilers"/>
    <property name="java.runtime.version" value="17.0.13+11-LTS"/>
    <property name="user.name" value="MHMD"/>
    <property name="path.separator" value=";"/>
    <property name="os.version" value="10.0"/>
    <property name="java.runtime.name" value="OpenJDK Runtime Environment"/>
    <property name="file.encoding" value="Cp1256"/>
    <property name="java.vm.name" value="OpenJDK 64-Bit Server VM"/>
    <property name="java.vendor.version" value="Zulu17.54+21-CA"/>
    <property name="localRepository" value="C:\Users\MHMD\.m2\repository"/>
    <property name="java.vendor.url.bug" value="http://www.azul.com/support/"/>
    <property name="java.io.tmpdir" value="C:\Users\MHMD\AppData\Local\Temp\"/>
    <property name="idea.version" value="2024.1.4"/>
    <property name="java.version" value="17.0.13"/>
    <property name="user.dir" value="C:\Users\MHMD\node-projects\autoshiftnew\api"/>
    <property name="os.arch" value="amd64"/>
    <property name="java.vm.specification.name" value="Java Virtual Machine Specification"/>
    <property name="sun.os.patch.level" value=""/>
    <property name="native.encoding" value="Cp1256"/>
    <property name="java.library.path" value="C:\Users\MHMD\.jdks\azul-17.0.13\bin;C:\WINDOWS\Sun\Java\bin;C:\WINDOWS\system32;C:\WINDOWS;C:\Program Files\Common Files\Oracle\Java\javapath;C:\Program Files (x86)\Intel\iCLS Client\;C:\Program Files\Intel\iCLS Client\;C:\WINDOWS\system32;C:\WINDOWS;C:\WINDOWS\System32\Wbem;C:\WINDOWS\System32\WindowsPowerShell\v1.0\;C:\Program Files\Intel\Intel(R) Management Engine Components\DAL;C:\Program Files\Intel\Intel(R) Management Engine Components\IPT;C:\Program Files (x86)\Intel\Intel(R) Management Engine Components\DAL;C:\Program Files (x86)\Intel\Intel(R) Management Engine Components\IPT;C:\Program Files\PuTTY\;C:\Program Files\nodejs\;C:\Program Files\Git\cmd;C:\Users\MHMD\AppData\Local\Flutter-sdk\flutter\bin;C:\WINDOWS\System32\OpenSSH\;C:\Program Files\dotnet\;C:\Program Files\Go\bin;C:\php-8.3.10-Win32-vs16-x64;C:\ProgramData\ComposerSetup\bin;C:\Program Files (x86)\Bitvise SSH Client;C:\ProgramData\chocolatey\bin;C:\Program Files\SlikSvn\bin;C:\Program Files\Docker\Docker\resources\bin;C:\Users\MHMD\AppData\Local\pnpm;C:\Users\MHMD\AppData\Roaming\npm;C:\Users\MHMD\AppData\Local\Programs\Microsoft VS Code\bin;C:\Program Files\JetBrains\IntelliJ IDEA 2024.1.4\bin;;C:\Users\MHMD\AppData\Local\Microsoft\WindowsApps;C:\Users\MHMD\.dotnet\tools;C:\Users\MHMD\go\bin;C:\Program Files (x86)\Nmap;C:\Program Files\JetBrains\PhpStorm 2024.1.4\bin;;C:\Users\MHMD\AppData\Roaming\Composer\vendor\bin;C:\Program Files\MySQL\MySQL Workbench 8.0 CE;;C:\Program Files\JetBrains\PyCharm 2024.1.4\bin;;C:\Program Files\JetBrains\JetBrains Rider 2024.2\bin;;C:\Program Files\JetBrains\JetBrains Gateway 2024.2.1\bin;;C:\Users\MHMD\AppData\Local\Programs\oh-my-posh\bin;C:\Users\MHMD\AppData\Local\Programs\mongosh\;C:\tools\dart-sdk\bin;C:\Users\MHMD\AppData\Local\Pub\Cache\bin;."/>
    <property name="java.vm.info" value="mixed mode, sharing"/>
    <property name="java.vendor" value="Azul Systems, Inc."/>
    <property name="java.vm.version" value="17.0.13+11-LTS"/>
    <property name="java.specification.maintenance.version" value="1"/>
    <property name="sun.io.unicode.encoding" value="UnicodeLittle"/>
    <property name="java.class.version" value="61.0"/>
  </properties>
  <testcase name="getCommentsByPostId_shouldBeOk" classname="com.example.demo.PostControllerTest" time="3.502">
    <failure message="No value at JSON path &quot;$.[0].id&quot;" type="java.lang.AssertionError">java.lang.AssertionError: No value at JSON path "$.[0].id"
	at com.example.demo.PostControllerTest.getCommentsByPostId_shouldBeOk(PostControllerTest.java:260)
Caused by: com.jayway.jsonpath.PathNotFoundException: No results for path: $[0]['id']
</failure>
    <system-out><![CDATA[2024-12-24T01:46:34.684+03:00  INFO 8752 --- [           main] .b.t.c.SpringBootTestContextBootstrapper : Found @SpringBootConfiguration com.example.demo.Application for test class com.example.demo.PostControllerTest
2024-12-24T01:46:34.739+03:00 DEBUG 8752 --- [           main] com.example.demo.PostControllerTest      : before all...

  .   ____          _            __ _ _
 /\\ / ___'_ __ _ _(_)_ __  __ _ \ \ \ \
( ( )\___ | '_ | '_| | '_ \/ _` | \ \ \ \
 \\/  ___)| |_)| | | | | || (_| |  ) ) ) )
  '  |____| .__|_| |_|_| |_\__, | / / / /
 =========|_|==============|___/=/_/_/_/
 :: Spring Boot ::                (v3.0.5)

2024-12-24T01:46:35.510+03:00  INFO 8752 --- [           main] com.example.demo.PostControllerTest      : Starting PostControllerTest using Java 17.0.13 with PID 8752 (started by MHMD in C:\Users\MHMD\node-projects\autoshiftnew\api)
2024-12-24T01:46:35.511+03:00 DEBUG 8752 --- [           main] com.example.demo.PostControllerTest      : Running with Spring Boot v3.0.5, Spring v6.0.7
2024-12-24T01:46:35.524+03:00  INFO 8752 --- [           main] com.example.demo.PostControllerTest      : No active profile set, falling back to 1 default profile: "default"
2024-12-24T01:46:45.780+03:00 TRACE 8752 --- [           main] s.w.r.r.m.a.RequestMappingHandlerMapping : 
	c.e.d.i.PostController:
	{GET /posts/{id}}: get(String)
	{PUT /posts/{id}}: update(String,UpdatePostCommand)
	{DELETE /posts/{id}}: delete(String)
	{POST /posts}: create(CreatPostCommand)
	{GET /posts}: all(String,int,int)
	{PUT /posts/{id}/status}: updateStatus(String,UpdatePostStatusCommand)
	{POST /posts/{id}/comments}: createCommentsOf(String,CommentForm)
	{GET /posts/{id}/comments}: getCommentsOf(String)
2024-12-24T01:46:45.810+03:00 DEBUG 8752 --- [           main] s.w.r.r.m.a.RequestMappingHandlerMapping : 8 mappings in 'requestMappingHandlerMapping'
2024-12-24T01:46:45.849+03:00 TRACE 8752 --- [           main] o.s.w.r.f.s.s.RouterFunctionMapping      : 0 RouterFunction(s) in 'routerFunctionMapping'
2024-12-24T01:46:45.916+03:00 TRACE 8752 --- [           main] o.s.w.r.handler.SimpleUrlHandlerMapping  : Mapped [/webjars/**] onto ResourceWebHandler [classpath [META-INF/resources/webjars/]]
2024-12-24T01:46:45.917+03:00 TRACE 8752 --- [           main] o.s.w.r.handler.SimpleUrlHandlerMapping  : Mapped [/**] onto ResourceWebHandler [classpath [META-INF/resources/], classpath [resources/], classpath [static/], classpath [public/]]
2024-12-24T01:46:45.918+03:00 DEBUG 8752 --- [           main] o.s.w.r.handler.SimpleUrlHandlerMapping  : Patterns [/webjars/**, /**] in 'resourceHandlerMapping'
2024-12-24T01:46:46.214+03:00 DEBUG 8752 --- [           main] o.s.w.r.r.m.a.ControllerMethodResolver   : ControllerAdvice beans: none
2024-12-24T01:46:46.505+03:00 DEBUG 8752 --- [           main] o.s.w.s.adapter.HttpWebHandlerAdapter    : enableLoggingRequestDetails='false': form data and headers will be masked to prevent unsafe logging of potentially sensitive data
2024-12-24T01:46:46.733+03:00  INFO 8752 --- [           main] com.example.demo.PostControllerTest      : Started PostControllerTest in 11.877 seconds (process running for 86.024)
2024-12-24T01:46:47.092+03:00 DEBUG 8752 --- [           main] com.example.demo.PostControllerTest      : before each...
2024-12-24T01:46:47.600+03:00 TRACE 8752 --- [           main] o.s.w.r.f.client.ExchangeFunctions       : [60f6d689] HTTP GET /posts/1/comments, headers={masked}
2024-12-24T01:46:48.016+03:00 TRACE 8752 --- [     parallel-1] o.s.w.s.adapter.HttpWebHandlerAdapter    : [31e133a9] HTTP GET "/posts/1/comments", headers={masked}
2024-12-24T01:46:48.434+03:00 DEBUG 8752 --- [     parallel-1] o.s.s.w.s.u.m.OrServerWebExchangeMatcher : Trying to match using PathMatcherServerWebExchangeMatcher{pattern='/login', method=POST}
2024-12-24T01:46:48.437+03:00 DEBUG 8752 --- [     parallel-1] athPatternParserServerWebExchangeMatcher : Request 'GET /posts/1/comments' doesn't match 'POST /login'
2024-12-24T01:46:48.438+03:00 DEBUG 8752 --- [     parallel-1] o.s.s.w.s.u.m.OrServerWebExchangeMatcher : No matches found
2024-12-24T01:46:48.515+03:00 DEBUG 8752 --- [     parallel-2] o.s.w.s.s.DefaultWebSessionManager       : Created new WebSession.
2024-12-24T01:46:48.520+03:00 DEBUG 8752 --- [     parallel-2] o.s.s.w.s.u.m.OrServerWebExchangeMatcher : Trying to match using PathMatcherServerWebExchangeMatcher{pattern='/logout', method=POST}
2024-12-24T01:46:48.521+03:00 DEBUG 8752 --- [     parallel-2] athPatternParserServerWebExchangeMatcher : Request 'GET /posts/1/comments' doesn't match 'POST /logout'
2024-12-24T01:46:48.522+03:00 DEBUG 8752 --- [     parallel-2] o.s.s.w.s.u.m.OrServerWebExchangeMatcher : No matches found
2024-12-24T01:46:48.532+03:00 DEBUG 8752 --- [     parallel-2] o.s.s.w.s.u.m.OrServerWebExchangeMatcher : Trying to match using PathMatcherServerWebExchangeMatcher{pattern='/', method=null}
2024-12-24T01:46:48.534+03:00 DEBUG 8752 --- [     parallel-2] athPatternParserServerWebExchangeMatcher : Request 'GET /posts/1/comments' doesn't match 'null /'
2024-12-24T01:46:48.542+03:00 DEBUG 8752 --- [     parallel-2] o.s.s.w.s.u.m.OrServerWebExchangeMatcher : Trying to match using PathMatcherServerWebExchangeMatcher{pattern='/login', method=null}
2024-12-24T01:46:48.544+03:00 DEBUG 8752 --- [     parallel-2] athPatternParserServerWebExchangeMatcher : Request 'GET /posts/1/comments' doesn't match 'null /login'
2024-12-24T01:46:48.546+03:00 DEBUG 8752 --- [     parallel-2] o.s.s.w.s.u.m.OrServerWebExchangeMatcher : Trying to match using PathMatcherServerWebExchangeMatcher{pattern='/logout', method=null}
2024-12-24T01:46:48.548+03:00 DEBUG 8752 --- [     parallel-2] athPatternParserServerWebExchangeMatcher : Request 'GET /posts/1/comments' doesn't match 'null /logout'
2024-12-24T01:46:48.551+03:00 DEBUG 8752 --- [     parallel-2] o.s.s.w.s.u.m.OrServerWebExchangeMatcher : No matches found
2024-12-24T01:46:48.554+03:00 DEBUG 8752 --- [     parallel-2] o.s.s.w.s.u.m.OrServerWebExchangeMatcher : Trying to match using PathMatcherServerWebExchangeMatcher{pattern='/posts/**', method=GET}
2024-12-24T01:46:48.558+03:00 DEBUG 8752 --- [     parallel-2] athPatternParserServerWebExchangeMatcher : Checking match of request : '/posts/1/comments'; against '/posts/**'
2024-12-24T01:46:48.560+03:00 DEBUG 8752 --- [     parallel-2] o.s.s.w.s.u.m.OrServerWebExchangeMatcher : matched
2024-12-24T01:46:48.562+03:00 DEBUG 8752 --- [     parallel-2] a.DelegatingReactiveAuthorizationManager : Checking authorization on '/posts/1/comments' using org.springframework.security.config.web.server.ServerHttpSecurity$AuthorizeExchangeSpec$Access$$Lambda$1018/0x0000020e40670660@32a58016
2024-12-24T01:46:48.565+03:00 DEBUG 8752 --- [     parallel-2] o.s.s.w.s.a.AuthorizationWebFilter       : Authorization successful
2024-12-24T01:46:48.567+03:00 DEBUG 8752 --- [     parallel-2] o.s.s.w.s.u.m.OrServerWebExchangeMatcher : Trying to match using PathMatcherServerWebExchangeMatcher{pattern='/login', method=POST}
2024-12-24T01:46:48.570+03:00 DEBUG 8752 --- [     parallel-2] athPatternParserServerWebExchangeMatcher : Request 'GET /posts/1/comments' doesn't match 'POST /login'
2024-12-24T01:46:48.570+03:00 DEBUG 8752 --- [     parallel-2] o.s.s.w.s.u.m.OrServerWebExchangeMatcher : No matches found
2024-12-24T01:46:48.573+03:00 DEBUG 8752 --- [     parallel-2] o.s.s.w.s.u.m.OrServerWebExchangeMatcher : Trying to match using PathMatcherServerWebExchangeMatcher{pattern='/logout', method=POST}
2024-12-24T01:46:48.575+03:00 DEBUG 8752 --- [     parallel-2] athPatternParserServerWebExchangeMatcher : Request 'GET /posts/1/comments' doesn't match 'POST /logout'
2024-12-24T01:46:48.577+03:00 DEBUG 8752 --- [     parallel-2] o.s.s.w.s.u.m.OrServerWebExchangeMatcher : No matches found
2024-12-24T01:46:48.630+03:00 DEBUG 8752 --- [     parallel-2] s.w.r.r.m.a.RequestMappingHandlerMapping : [31e133a9] Mapped to com.example.demo.interfaces.PostController#getCommentsOf(String)
2024-12-24T01:46:49.538+03:00 DEBUG 8752 --- [     parallel-2] o.s.w.r.r.m.a.ResponseBodyResultHandler  : [31e133a9] Using 'application/json' given [*/*] and supported [application/json, application/*+json, application/x-ndjson, text/event-stream]
2024-12-24T01:46:49.540+03:00 DEBUG 8752 --- [     parallel-2] o.s.w.r.r.m.a.ResponseBodyResultHandler  : [31e133a9] 0..N [com.example.demo.domain.model.Comment]
2024-12-24T01:46:49.682+03:00 TRACE 8752 --- [     parallel-2] o.s.w.s.adapter.HttpWebHandlerAdapter    : [31e133a9] Completed 200 OK, headers={masked}
2024-12-24T01:46:49.706+03:00 TRACE 8752 --- [     parallel-2] o.s.w.r.f.client.ExchangeFunctions       : [60f6d689] [6663b9eb] Response 200 OK, headers={masked}
2024-12-24T01:46:49.885+03:00 DEBUG 8752 --- [           main] o.s.core.codec.ResourceDecoder           : [60f6d689] [6663b9eb] Read 2 bytes
2024-12-24T01:46:50.319+03:00 DEBUG 8752 --- [           main] com.example.demo.PostControllerTest      : after each...
]]></system-out>
  </testcase>
  <testcase name="getAllPosts_shouldBeOk" classname="com.example.demo.PostControllerTest" time="1.482">
    <failure message="Status expected:&lt;200 OK&gt; but was:&lt;500 INTERNAL_SERVER_ERROR&gt;" type="java.lang.AssertionError"><![CDATA[java.lang.AssertionError: Status expected:<200 OK> but was:<500 INTERNAL_SERVER_ERROR>
	at com.example.demo.PostControllerTest.getAllPosts_shouldBeOk(PostControllerTest.java:86)
]]></failure>
    <system-out><![CDATA[2024-12-24T01:46:50.413+03:00 DEBUG 8752 --- [           main] com.example.demo.PostControllerTest      : before each...
2024-12-24T01:46:50.421+03:00 TRACE 8752 --- [           main] o.s.w.r.f.client.ExchangeFunctions       : [68823b6b] HTTP GET /posts, headers={masked}
2024-12-24T01:46:50.433+03:00 TRACE 8752 --- [     parallel-3] o.s.w.s.adapter.HttpWebHandlerAdapter    : [7a3849e3] HTTP GET "/posts", headers={masked}
2024-12-24T01:46:50.441+03:00 DEBUG 8752 --- [     parallel-3] o.s.s.w.s.u.m.OrServerWebExchangeMatcher : Trying to match using PathMatcherServerWebExchangeMatcher{pattern='/login', method=POST}
2024-12-24T01:46:50.447+03:00 DEBUG 8752 --- [     parallel-3] athPatternParserServerWebExchangeMatcher : Request 'GET /posts' doesn't match 'POST /login'
2024-12-24T01:46:50.449+03:00 DEBUG 8752 --- [     parallel-3] o.s.s.w.s.u.m.OrServerWebExchangeMatcher : No matches found
2024-12-24T01:46:50.472+03:00 DEBUG 8752 --- [     parallel-4] o.s.w.s.s.DefaultWebSessionManager       : Created new WebSession.
2024-12-24T01:46:50.474+03:00 DEBUG 8752 --- [     parallel-4] o.s.s.w.s.u.m.OrServerWebExchangeMatcher : Trying to match using PathMatcherServerWebExchangeMatcher{pattern='/logout', method=POST}
2024-12-24T01:46:50.478+03:00 DEBUG 8752 --- [     parallel-4] athPatternParserServerWebExchangeMatcher : Request 'GET /posts' doesn't match 'POST /logout'
2024-12-24T01:46:50.480+03:00 DEBUG 8752 --- [     parallel-4] o.s.s.w.s.u.m.OrServerWebExchangeMatcher : No matches found
2024-12-24T01:46:50.485+03:00 DEBUG 8752 --- [     parallel-4] o.s.s.w.s.u.m.OrServerWebExchangeMatcher : Trying to match using PathMatcherServerWebExchangeMatcher{pattern='/', method=null}
2024-12-24T01:46:50.487+03:00 DEBUG 8752 --- [     parallel-4] athPatternParserServerWebExchangeMatcher : Request 'GET /posts' doesn't match 'null /'
2024-12-24T01:46:50.488+03:00 DEBUG 8752 --- [     parallel-4] o.s.s.w.s.u.m.OrServerWebExchangeMatcher : Trying to match using PathMatcherServerWebExchangeMatcher{pattern='/login', method=null}
2024-12-24T01:46:50.490+03:00 DEBUG 8752 --- [     parallel-4] athPatternParserServerWebExchangeMatcher : Request 'GET /posts' doesn't match 'null /login'
2024-12-24T01:46:50.493+03:00 DEBUG 8752 --- [     parallel-4] o.s.s.w.s.u.m.OrServerWebExchangeMatcher : Trying to match using PathMatcherServerWebExchangeMatcher{pattern='/logout', method=null}
2024-12-24T01:46:50.493+03:00 DEBUG 8752 --- [     parallel-4] athPatternParserServerWebExchangeMatcher : Request 'GET /posts' doesn't match 'null /logout'
2024-12-24T01:46:50.499+03:00 DEBUG 8752 --- [     parallel-4] o.s.s.w.s.u.m.OrServerWebExchangeMatcher : No matches found
2024-12-24T01:46:50.501+03:00 DEBUG 8752 --- [     parallel-4] o.s.s.w.s.u.m.OrServerWebExchangeMatcher : Trying to match using PathMatcherServerWebExchangeMatcher{pattern='/posts/**', method=GET}
2024-12-24T01:46:50.503+03:00 DEBUG 8752 --- [     parallel-4] athPatternParserServerWebExchangeMatcher : Checking match of request : '/posts'; against '/posts/**'
2024-12-24T01:46:50.504+03:00 DEBUG 8752 --- [     parallel-4] o.s.s.w.s.u.m.OrServerWebExchangeMatcher : matched
2024-12-24T01:46:50.667+03:00 DEBUG 8752 --- [     parallel-4] a.DelegatingReactiveAuthorizationManager : Checking authorization on '/posts' using org.springframework.security.config.web.server.ServerHttpSecurity$AuthorizeExchangeSpec$Access$$Lambda$1018/0x0000020e40670660@32a58016
2024-12-24T01:46:50.673+03:00 DEBUG 8752 --- [     parallel-4] o.s.s.w.s.a.AuthorizationWebFilter       : Authorization successful
2024-12-24T01:46:50.679+03:00 DEBUG 8752 --- [     parallel-4] o.s.s.w.s.u.m.OrServerWebExchangeMatcher : Trying to match using PathMatcherServerWebExchangeMatcher{pattern='/login', method=POST}
2024-12-24T01:46:50.682+03:00 DEBUG 8752 --- [     parallel-4] athPatternParserServerWebExchangeMatcher : Request 'GET /posts' doesn't match 'POST /login'
2024-12-24T01:46:50.686+03:00 DEBUG 8752 --- [     parallel-4] o.s.s.w.s.u.m.OrServerWebExchangeMatcher : No matches found
2024-12-24T01:46:50.698+03:00 DEBUG 8752 --- [     parallel-4] o.s.s.w.s.u.m.OrServerWebExchangeMatcher : Trying to match using PathMatcherServerWebExchangeMatcher{pattern='/logout', method=POST}
2024-12-24T01:46:50.701+03:00 DEBUG 8752 --- [     parallel-4] athPatternParserServerWebExchangeMatcher : Request 'GET /posts' doesn't match 'POST /logout'
2024-12-24T01:46:50.705+03:00 DEBUG 8752 --- [     parallel-4] o.s.s.w.s.u.m.OrServerWebExchangeMatcher : No matches found
2024-12-24T01:46:50.709+03:00 DEBUG 8752 --- [     parallel-4] s.w.r.r.m.a.RequestMappingHandlerMapping : [7a3849e3] Mapped to com.example.demo.interfaces.PostController#all(String, int, int)
2024-12-24T01:46:50.811+03:00 TRACE 8752 --- [     parallel-4] o.s.w.r.function.server.RouterFunctions  : [7a3849e3] Matched org.springframework.web.reactive.function.server.RequestPredicates$$Lambda$1431/0x0000020e407a6f80@6b0f7c5a
2024-12-24T01:46:50.834+03:00 DEBUG 8752 --- [     parallel-4] org.springframework.web.HttpLogging      : [7a3849e3] Resolved [NullPointerException: Cannot invoke "reactor.core.publisher.Flux.collectList()" because the return value of "com.example.demo.domain.repository.PostRepository.findByKeyword(String, int, int)" is null] for HTTP GET /posts
2024-12-24T01:46:50.839+03:00 ERROR 8752 --- [     parallel-4] a.w.r.e.AbstractErrorWebExceptionHandler : [7a3849e3]  500 Server Error for HTTP GET "/posts"

java.lang.NullPointerException: Cannot invoke "reactor.core.publisher.Flux.collectList()" because the return value of "com.example.demo.domain.repository.PostRepository.findByKeyword(String, int, int)" is null
	at com.example.demo.interfaces.PostController.all(PostController.java:38) ~[classes/:na]
	Suppressed: reactor.core.publisher.FluxOnAssembly$OnAssemblyException: 
Error has been observed at the following site(s):
	*__checkpoint ? org.springframework.security.web.server.authentication.logout.LogoutWebFilter [DefaultWebFilterChain]
	*__checkpoint ? org.springframework.security.web.server.authentication.AuthenticationWebFilter [DefaultWebFilterChain]
	*__checkpoint ? org.springframework.security.web.server.authorization.AuthorizationWebFilter [DefaultWebFilterChain]
	*__checkpoint ? org.springframework.security.web.server.authorization.ExceptionTranslationWebFilter [DefaultWebFilterChain]
	*__checkpoint ? org.springframework.security.web.server.authentication.logout.LogoutWebFilter [DefaultWebFilterChain]
	*__checkpoint ? org.springframework.security.web.server.savedrequest.ServerRequestCacheWebFilter [DefaultWebFilterChain]
	*__checkpoint ? org.springframework.security.web.server.context.SecurityContextServerWebExchangeWebFilter [DefaultWebFilterChain]
	*__checkpoint ? org.springframework.security.web.server.authentication.AuthenticationWebFilter [DefaultWebFilterChain]
	*__checkpoint ? org.springframework.security.web.server.context.ReactorContextWebFilter [DefaultWebFilterChain]
	*__checkpoint ? org.springframework.security.web.server.header.HttpHeaderWriterWebFilter [DefaultWebFilterChain]
	*__checkpoint ? org.springframework.security.config.web.server.ServerHttpSecurity$ServerWebExchangeReactorContextWebFilter [DefaultWebFilterChain]
	*__checkpoint ? org.springframework.security.web.server.WebFilterChainProxy [DefaultWebFilterChain]
	*__checkpoint ? org.springframework.security.test.web.reactive.server.SecurityMockServerConfigurers$MutatorFilter [DefaultWebFilterChain]
	*__checkpoint ? HTTP GET "/posts" [ExceptionHandlingWebHandler]
Original Stack Trace:
		at com.example.demo.interfaces.PostController.all(PostController.java:38) ~[classes/:na]
		at java.base/jdk.internal.reflect.NativeMethodAccessorImpl.invoke0(Native Method) ~[na:na]
		at java.base/jdk.internal.reflect.NativeMethodAccessorImpl.invoke(NativeMethodAccessorImpl.java:77) ~[na:na]
		at java.base/jdk.internal.reflect.DelegatingMethodAccessorImpl.invoke(DelegatingMethodAccessorImpl.java:43) ~[na:na]
		at java.base/java.lang.reflect.Method.invoke(Method.java:569) ~[na:na]
		at org.springframework.aop.support.AopUtils.invokeJoinpointUsingReflection(AopUtils.java:343) ~[spring-aop-6.0.7.jar:6.0.7]
		at org.springframework.aop.framework.ReflectiveMethodInvocation.invokeJoinpoint(ReflectiveMethodInvocation.java:196) ~[spring-aop-6.0.7.jar:6.0.7]
		at org.springframework.aop.framework.ReflectiveMethodInvocation.proceed(ReflectiveMethodInvocation.java:163) ~[spring-aop-6.0.7.jar:6.0.7]
		at org.springframework.aop.framework.CglibAopProxy$CglibMethodInvocation.proceed(CglibAopProxy.java:750) ~[spring-aop-6.0.7.jar:6.0.7]
		at org.springframework.validation.beanvalidation.MethodValidationInterceptor.invoke(MethodValidationInterceptor.java:141) ~[spring-context-6.0.7.jar:6.0.7]
		at org.springframework.aop.framework.ReflectiveMethodInvocation.proceed(ReflectiveMethodInvocation.java:184) ~[spring-aop-6.0.7.jar:6.0.7]
		at org.springframework.aop.framework.CglibAopProxy$CglibMethodInvocation.proceed(CglibAopProxy.java:750) ~[spring-aop-6.0.7.jar:6.0.7]
		at org.springframework.aop.framework.CglibAopProxy$DynamicAdvisedInterceptor.intercept(CglibAopProxy.java:702) ~[spring-aop-6.0.7.jar:6.0.7]
		at com.example.demo.interfaces.PostController$$SpringCGLIB$$0.all(<generated>) ~[classes/:na]
		at java.base/jdk.internal.reflect.NativeMethodAccessorImpl.invoke0(Native Method) ~[na:na]
		at java.base/jdk.internal.reflect.NativeMethodAccessorImpl.invoke(NativeMethodAccessorImpl.java:77) ~[na:na]
		at java.base/jdk.internal.reflect.DelegatingMethodAccessorImpl.invoke(DelegatingMethodAccessorImpl.java:43) ~[na:na]
		at java.base/java.lang.reflect.Method.invoke(Method.java:569) ~[na:na]
		at org.springframework.web.reactive.result.method.InvocableHandlerMethod.lambda$invoke$0(InvocableHandlerMethod.java:145) ~[spring-webflux-6.0.7.jar:6.0.7]
		at reactor.core.publisher.MonoFlatMap$FlatMapMain.onNext(MonoFlatMap.java:132) ~[reactor-core-3.5.4.jar:3.5.4]
		at reactor.core.publisher.MonoZip$ZipCoordinator.signal(MonoZip.java:293) ~[reactor-core-3.5.4.jar:3.5.4]
		at reactor.core.publisher.MonoZip$ZipInner.onNext(MonoZip.java:474) ~[reactor-core-3.5.4.jar:3.5.4]
		at reactor.core.publisher.MonoPeekTerminal$MonoTerminalPeekSubscriber.onNext(MonoPeekTerminal.java:180) ~[reactor-core-3.5.4.jar:3.5.4]
		at reactor.core.publisher.FluxDefaultIfEmpty$DefaultIfEmptySubscriber.onNext(FluxDefaultIfEmpty.java:122) ~[reactor-core-3.5.4.jar:3.5.4]
		at reactor.core.publisher.FluxSwitchIfEmpty$SwitchIfEmptySubscriber.onNext(FluxSwitchIfEmpty.java:74) ~[reactor-core-3.5.4.jar:3.5.4]
		at org.springframework.security.test.context.support.ReactorContextTestExecutionListener$DelegateTestExecutionListener$SecuritySubContext.onNext(ReactorContextTestExecutionListener.java:120) ~[spring-security-test-6.0.2.jar:6.0.2]
		at reactor.core.publisher.MonoSupplier$MonoSupplierSubscription.request(MonoSupplier.java:145) ~[reactor-core-3.5.4.jar:3.5.4]
		at reactor.core.publisher.Operators$MultiSubscriptionSubscriber.set(Operators.java:2341) ~[reactor-core-3.5.4.jar:3.5.4]
		at reactor.core.publisher.Operators$MultiSubscriptionSubscriber.onSubscribe(Operators.java:2215) ~[reactor-core-3.5.4.jar:3.5.4]
		at org.springframework.security.test.context.support.ReactorContextTestExecutionListener$DelegateTestExecutionListener$SecuritySubContext.onSubscribe(ReactorContextTestExecutionListener.java:115) ~[spring-security-test-6.0.2.jar:6.0.2]
		at reactor.core.publisher.MonoSupplier.subscribe(MonoSupplier.java:48) ~[reactor-core-3.5.4.jar:3.5.4]
		at reactor.core.publisher.Mono.subscribe(Mono.java:4485) ~[reactor-core-3.5.4.jar:3.5.4]
		at reactor.core.publisher.FluxSwitchIfEmpty$SwitchIfEmptySubscriber.onComplete(FluxSwitchIfEmpty.java:82) ~[reactor-core-3.5.4.jar:3.5.4]
		at reactor.core.publisher.Operators.complete(Operators.java:137) ~[reactor-core-3.5.4.jar:3.5.4]
		at reactor.core.publisher.FluxFlatMap.trySubscribeScalarMap(FluxFlatMap.java:145) ~[reactor-core-3.5.4.jar:3.5.4]
		at reactor.core.publisher.MonoFlatMap.subscribeOrReturn(MonoFlatMap.java:53) ~[reactor-core-3.5.4.jar:3.5.4]
		at reactor.core.publisher.InternalMonoOperator.subscribe(InternalMonoOperator.java:57) ~[reactor-core-3.5.4.jar:3.5.4]
		at reactor.core.publisher.MonoZip$ZipCoordinator.request(MonoZip.java:216) ~[reactor-core-3.5.4.jar:3.5.4]
		at reactor.core.publisher.MonoFlatMap$FlatMapMain.request(MonoFlatMap.java:194) ~[reactor-core-3.5.4.jar:3.5.4]
		at reactor.core.publisher.MonoIgnoreThen$ThenIgnoreMain.onSubscribe(MonoIgnoreThen.java:134) ~[reactor-core-3.5.4.jar:3.5.4]
		at reactor.core.publisher.MonoFlatMap$FlatMapMain.onSubscribe(MonoFlatMap.java:117) ~[reactor-core-3.5.4.jar:3.5.4]
		at reactor.core.publisher.MonoZip.subscribe(MonoZip.java:125) ~[reactor-core-3.5.4.jar:3.5.4]
		at reactor.core.publisher.InternalMonoOperator.subscribe(InternalMonoOperator.java:64) ~[reactor-core-3.5.4.jar:3.5.4]
		at reactor.core.publisher.MonoDefer.subscribe(MonoDefer.java:52) ~[reactor-core-3.5.4.jar:3.5.4]
		at reactor.core.publisher.MonoIgnoreThen$ThenIgnoreMain.subscribeNext(MonoIgnoreThen.java:240) ~[reactor-core-3.5.4.jar:3.5.4]
		at reactor.core.publisher.MonoIgnoreThen$ThenIgnoreMain.onComplete(MonoIgnoreThen.java:203) ~[reactor-core-3.5.4.jar:3.5.4]
		at org.springframework.security.test.context.support.ReactorContextTestExecutionListener$DelegateTestExecutionListener$SecuritySubContext.onComplete(ReactorContextTestExecutionListener.java:130) ~[spring-security-test-6.0.2.jar:6.0.2]
		at reactor.core.publisher.MonoFlatMap$FlatMapMain.onComplete(MonoFlatMap.java:189) ~[reactor-core-3.5.4.jar:3.5.4]
		at reactor.core.publisher.Operators.complete(Operators.java:137) ~[reactor-core-3.5.4.jar:3.5.4]
		at reactor.core.publisher.MonoZip.subscribe(MonoZip.java:121) ~[reactor-core-3.5.4.jar:3.5.4]
		at reactor.core.publisher.Mono.subscribe(Mono.java:4485) ~[reactor-core-3.5.4.jar:3.5.4]
		at reactor.core.publisher.MonoIgnoreThen$ThenIgnoreMain.subscribeNext(MonoIgnoreThen.java:263) ~[reactor-core-3.5.4.jar:3.5.4]
		at reactor.core.publisher.MonoIgnoreThen.subscribe(MonoIgnoreThen.java:51) ~[reactor-core-3.5.4.jar:3.5.4]
		at reactor.core.publisher.InternalMonoOperator.subscribe(InternalMonoOperator.java:64) ~[reactor-core-3.5.4.jar:3.5.4]
		at reactor.core.publisher.MonoFlatMap$FlatMapMain.onNext(MonoFlatMap.java:165) ~[reactor-core-3.5.4.jar:3.5.4]
		at reactor.core.publisher.FluxOnErrorResume$ResumeSubscriber.onNext(FluxOnErrorResume.java:79) ~[reactor-core-3.5.4.jar:3.5.4]
		at reactor.core.publisher.FluxSwitchIfEmpty$SwitchIfEmptySubscriber.onNext(FluxSwitchIfEmpty.java:74) ~[reactor-core-3.5.4.jar:3.5.4]
		at reactor.core.publisher.MonoNext$NextSubscriber.onNext(MonoNext.java:82) ~[reactor-core-3.5.4.jar:3.5.4]
		at reactor.core.publisher.FluxConcatMapNoPrefetch$FluxConcatMapNoPrefetchSubscriber.innerNext(FluxConcatMapNoPrefetch.java:258) ~[reactor-core-3.5.4.jar:3.5.4]
		at reactor.core.publisher.FluxConcatMap$ConcatMapInner.onNext(FluxConcatMap.java:863) ~[reactor-core-3.5.4.jar:3.5.4]
		at org.springframework.security.test.context.support.ReactorContextTestExecutionListener$DelegateTestExecutionListener$SecuritySubContext.onNext(ReactorContextTestExecutionListener.java:120) ~[spring-security-test-6.0.2.jar:6.0.2]
		at reactor.core.publisher.FluxMapFuseable$MapFuseableSubscriber.onNext(FluxMapFuseable.java:129) ~[reactor-core-3.5.4.jar:3.5.4]
		at reactor.core.publisher.MonoPeekTerminal$MonoTerminalPeekSubscriber.onNext(MonoPeekTerminal.java:180) ~[reactor-core-3.5.4.jar:3.5.4]
		at reactor.core.publisher.Operators$ScalarSubscription.request(Operators.java:2545) ~[reactor-core-3.5.4.jar:3.5.4]
		at reactor.core.publisher.MonoPeekTerminal$MonoTerminalPeekSubscriber.request(MonoPeekTerminal.java:139) ~[reactor-core-3.5.4.jar:3.5.4]
		at reactor.core.publisher.FluxMapFuseable$MapFuseableSubscriber.request(FluxMapFuseable.java:171) ~[reactor-core-3.5.4.jar:3.5.4]
		at reactor.core.publisher.Operators$MultiSubscriptionSubscriber.request(Operators.java:2305) ~[reactor-core-3.5.4.jar:3.5.4]
		at reactor.core.publisher.FluxConcatMapNoPrefetch$FluxConcatMapNoPrefetchSubscriber.request(FluxConcatMapNoPrefetch.java:338) ~[reactor-core-3.5.4.jar:3.5.4]
		at reactor.core.publisher.MonoNext$NextSubscriber.request(MonoNext.java:108) ~[reactor-core-3.5.4.jar:3.5.4]
		at reactor.core.publisher.Operators$MultiSubscriptionSubscriber.set(Operators.java:2341) ~[reactor-core-3.5.4.jar:3.5.4]
		at reactor.core.publisher.Operators$MultiSubscriptionSubscriber.onSubscribe(Operators.java:2215) ~[reactor-core-3.5.4.jar:3.5.4]
		at reactor.core.publisher.MonoNext$NextSubscriber.onSubscribe(MonoNext.java:70) ~[reactor-core-3.5.4.jar:3.5.4]
		at reactor.core.publisher.FluxConcatMapNoPrefetch$FluxConcatMapNoPrefetchSubscriber.onSubscribe(FluxConcatMapNoPrefetch.java:164) ~[reactor-core-3.5.4.jar:3.5.4]
		at reactor.core.publisher.FluxIterable.subscribe(FluxIterable.java:201) ~[reactor-core-3.5.4.jar:3.5.4]
		at reactor.core.publisher.FluxIterable.subscribe(FluxIterable.java:83) ~[reactor-core-3.5.4.jar:3.5.4]
		at reactor.core.publisher.InternalMonoOperator.subscribe(InternalMonoOperator.java:64) ~[reactor-core-3.5.4.jar:3.5.4]
		at reactor.core.publisher.MonoDefer.subscribe(MonoDefer.java:52) ~[reactor-core-3.5.4.jar:3.5.4]
		at reactor.core.publisher.Mono.subscribe(Mono.java:4485) ~[reactor-core-3.5.4.jar:3.5.4]
		at reactor.core.publisher.MonoIgnoreThen$ThenIgnoreMain.subscribeNext(MonoIgnoreThen.java:263) ~[reactor-core-3.5.4.jar:3.5.4]
		at reactor.core.publisher.MonoIgnoreThen.subscribe(MonoIgnoreThen.java:51) ~[reactor-core-3.5.4.jar:3.5.4]
		at reactor.core.publisher.Mono.subscribe(Mono.java:4485) ~[reactor-core-3.5.4.jar:3.5.4]
		at reactor.core.publisher.FluxSwitchIfEmpty$SwitchIfEmptySubscriber.onComplete(FluxSwitchIfEmpty.java:82) ~[reactor-core-3.5.4.jar:3.5.4]
		at reactor.core.publisher.FluxFilter$FilterSubscriber.onComplete(FluxFilter.java:166) ~[reactor-core-3.5.4.jar:3.5.4]
		at reactor.core.publisher.FluxPeekFuseable$PeekConditionalSubscriber.onComplete(FluxPeekFuseable.java:940) ~[reactor-core-3.5.4.jar:3.5.4]
		at reactor.core.publisher.FluxSwitchIfEmpty$SwitchIfEmptySubscriber.onComplete(FluxSwitchIfEmpty.java:85) ~[reactor-core-3.5.4.jar:3.5.4]
		at org.springframework.security.test.context.support.ReactorContextTestExecutionListener$DelegateTestExecutionListener$SecuritySubContext.onComplete(ReactorContextTestExecutionListener.java:130) ~[spring-security-test-6.0.2.jar:6.0.2]
		at reactor.core.publisher.Operators$ScalarSubscription.request(Operators.java:2547) ~[reactor-core-3.5.4.jar:3.5.4]
		at reactor.core.publisher.Operators$MultiSubscriptionSubscriber.set(Operators.java:2341) ~[reactor-core-3.5.4.jar:3.5.4]
		at reactor.core.publisher.Operators$MultiSubscriptionSubscriber.onSubscribe(Operators.java:2215) ~[reactor-core-3.5.4.jar:3.5.4]
		at org.springframework.security.test.context.support.ReactorContextTestExecutionListener$DelegateTestExecutionListener$SecuritySubContext.onSubscribe(ReactorContextTestExecutionListener.java:115) ~[spring-security-test-6.0.2.jar:6.0.2]
		at reactor.core.publisher.MonoJust.subscribe(MonoJust.java:55) ~[reactor-core-3.5.4.jar:3.5.4]
		at reactor.core.publisher.Mono.subscribe(Mono.java:4485) ~[reactor-core-3.5.4.jar:3.5.4]
		at reactor.core.publisher.FluxSwitchIfEmpty$SwitchIfEmptySubscriber.onComplete(FluxSwitchIfEmpty.java:82) ~[reactor-core-3.5.4.jar:3.5.4]
		at reactor.core.publisher.MonoNext$NextSubscriber.onComplete(MonoNext.java:102) ~[reactor-core-3.5.4.jar:3.5.4]
		at reactor.core.publisher.FluxFilter$FilterSubscriber.onComplete(FluxFilter.java:166) ~[reactor-core-3.5.4.jar:3.5.4]
		at reactor.core.publisher.FluxFlatMap$FlatMapMain.checkTerminated(FluxFlatMap.java:847) ~[reactor-core-3.5.4.jar:3.5.4]
		at reactor.core.publisher.FluxFlatMap$FlatMapMain.drainLoop(FluxFlatMap.java:609) ~[reactor-core-3.5.4.jar:3.5.4]
		at reactor.core.publisher.FluxFlatMap$FlatMapMain.drain(FluxFlatMap.java:589) ~[reactor-core-3.5.4.jar:3.5.4]
		at reactor.core.publisher.FluxFlatMap$FlatMapMain.onComplete(FluxFlatMap.java:466) ~[reactor-core-3.5.4.jar:3.5.4]
		at reactor.core.publisher.FluxPeekFuseable$PeekFuseableSubscriber.onComplete(FluxPeekFuseable.java:277) ~[reactor-core-3.5.4.jar:3.5.4]
		at reactor.core.publisher.FluxIterable$IterableSubscription.slowPath(FluxIterable.java:357) ~[reactor-core-3.5.4.jar:3.5.4]
		at reactor.core.publisher.FluxIterable$IterableSubscription.request(FluxIterable.java:294) ~[reactor-core-3.5.4.jar:3.5.4]
		at reactor.core.publisher.FluxPeekFuseable$PeekFuseableSubscriber.request(FluxPeekFuseable.java:144) ~[reactor-core-3.5.4.jar:3.5.4]
		at reactor.core.publisher.FluxFlatMap$FlatMapMain.onSubscribe(FluxFlatMap.java:371) ~[reactor-core-3.5.4.jar:3.5.4]
		at reactor.core.publisher.FluxPeekFuseable$PeekFuseableSubscriber.onSubscribe(FluxPeekFuseable.java:178) ~[reactor-core-3.5.4.jar:3.5.4]
		at reactor.core.publisher.FluxIterable.subscribe(FluxIterable.java:201) ~[reactor-core-3.5.4.jar:3.5.4]
		at reactor.core.publisher.FluxIterable.subscribe(FluxIterable.java:83) ~[reactor-core-3.5.4.jar:3.5.4]
		at reactor.core.publisher.InternalMonoOperator.subscribe(InternalMonoOperator.java:64) ~[reactor-core-3.5.4.jar:3.5.4]
		at reactor.core.publisher.MonoDefer.subscribe(MonoDefer.java:52) ~[reactor-core-3.5.4.jar:3.5.4]
		at reactor.core.publisher.Mono.subscribe(Mono.java:4485) ~[reactor-core-3.5.4.jar:3.5.4]
		at reactor.core.publisher.MonoIgnoreThen$ThenIgnoreMain.subscribeNext(MonoIgnoreThen.java:263) ~[reactor-core-3.5.4.jar:3.5.4]
		at reactor.core.publisher.MonoIgnoreThen.subscribe(MonoIgnoreThen.java:51) ~[reactor-core-3.5.4.jar:3.5.4]
		at reactor.core.publisher.Mono.subscribe(Mono.java:4485) ~[reactor-core-3.5.4.jar:3.5.4]
		at reactor.core.publisher.FluxSwitchIfEmpty$SwitchIfEmptySubscriber.onComplete(FluxSwitchIfEmpty.java:82) ~[reactor-core-3.5.4.jar:3.5.4]
		at reactor.core.publisher.MonoFlatMap$FlatMapMain.onComplete(MonoFlatMap.java:189) ~[reactor-core-3.5.4.jar:3.5.4]
		at reactor.core.publisher.FluxFilter$FilterSubscriber.onComplete(FluxFilter.java:166) ~[reactor-core-3.5.4.jar:3.5.4]
		at reactor.core.publisher.FluxPeekFuseable$PeekConditionalSubscriber.onComplete(FluxPeekFuseable.java:940) ~[reactor-core-3.5.4.jar:3.5.4]
		at reactor.core.publisher.FluxSwitchIfEmpty$SwitchIfEmptySubscriber.onComplete(FluxSwitchIfEmpty.java:85) ~[reactor-core-3.5.4.jar:3.5.4]
		at org.springframework.security.test.context.support.ReactorContextTestExecutionListener$DelegateTestExecutionListener$SecuritySubContext.onComplete(ReactorContextTestExecutionListener.java:130) ~[spring-security-test-6.0.2.jar:6.0.2]
		at reactor.core.publisher.Operators$ScalarSubscription.request(Operators.java:2547) ~[reactor-core-3.5.4.jar:3.5.4]
		at reactor.core.publisher.Operators$MultiSubscriptionSubscriber.set(Operators.java:2341) ~[reactor-core-3.5.4.jar:3.5.4]
		at reactor.core.publisher.Operators$MultiSubscriptionSubscriber.onSubscribe(Operators.java:2215) ~[reactor-core-3.5.4.jar:3.5.4]
		at org.springframework.security.test.context.support.ReactorContextTestExecutionListener$DelegateTestExecutionListener$SecuritySubContext.onSubscribe(ReactorContextTestExecutionListener.java:115) ~[spring-security-test-6.0.2.jar:6.0.2]
		at reactor.core.publisher.MonoJust.subscribe(MonoJust.java:55) ~[reactor-core-3.5.4.jar:3.5.4]
		at reactor.core.publisher.Mono.subscribe(Mono.java:4485) ~[reactor-core-3.5.4.jar:3.5.4]
		at reactor.core.publisher.FluxSwitchIfEmpty$SwitchIfEmptySubscriber.onComplete(FluxSwitchIfEmpty.java:82) ~[reactor-core-3.5.4.jar:3.5.4]
		at reactor.core.publisher.MonoNext$NextSubscriber.onComplete(MonoNext.java:102) ~[reactor-core-3.5.4.jar:3.5.4]
		at reactor.core.publisher.FluxFilter$FilterSubscriber.onComplete(FluxFilter.java:166) ~[reactor-core-3.5.4.jar:3.5.4]
		at reactor.core.publisher.FluxFlatMap$FlatMapMain.checkTerminated(FluxFlatMap.java:847) ~[reactor-core-3.5.4.jar:3.5.4]
		at reactor.core.publisher.FluxFlatMap$FlatMapMain.drainLoop(FluxFlatMap.java:609) ~[reactor-core-3.5.4.jar:3.5.4]
		at reactor.core.publisher.FluxFlatMap$FlatMapMain.drain(FluxFlatMap.java:589) ~[reactor-core-3.5.4.jar:3.5.4]
		at reactor.core.publisher.FluxFlatMap$FlatMapMain.onComplete(FluxFlatMap.java:466) ~[reactor-core-3.5.4.jar:3.5.4]
		at reactor.core.publisher.FluxPeekFuseable$PeekFuseableSubscriber.onComplete(FluxPeekFuseable.java:277) ~[reactor-core-3.5.4.jar:3.5.4]
		at reactor.core.publisher.FluxIterable$IterableSubscription.slowPath(FluxIterable.java:357) ~[reactor-core-3.5.4.jar:3.5.4]
		at reactor.core.publisher.FluxIterable$IterableSubscription.request(FluxIterable.java:294) ~[reactor-core-3.5.4.jar:3.5.4]
		at reactor.core.publisher.FluxPeekFuseable$PeekFuseableSubscriber.request(FluxPeekFuseable.java:144) ~[reactor-core-3.5.4.jar:3.5.4]
		at reactor.core.publisher.FluxFlatMap$FlatMapMain.onSubscribe(FluxFlatMap.java:371) ~[reactor-core-3.5.4.jar:3.5.4]
		at reactor.core.publisher.FluxPeekFuseable$PeekFuseableSubscriber.onSubscribe(FluxPeekFuseable.java:178) ~[reactor-core-3.5.4.jar:3.5.4]
		at reactor.core.publisher.FluxIterable.subscribe(FluxIterable.java:201) ~[reactor-core-3.5.4.jar:3.5.4]
		at reactor.core.publisher.FluxIterable.subscribe(FluxIterable.java:83) ~[reactor-core-3.5.4.jar:3.5.4]
		at reactor.core.publisher.InternalMonoOperator.subscribe(InternalMonoOperator.java:64) ~[reactor-core-3.5.4.jar:3.5.4]
		at reactor.core.publisher.MonoDefer.subscribe(MonoDefer.java:52) ~[reactor-core-3.5.4.jar:3.5.4]
		at reactor.core.publisher.MonoDefer.subscribe(MonoDefer.java:52) ~[reactor-core-3.5.4.jar:3.5.4]
		at reactor.core.publisher.Mono.subscribe(Mono.java:4485) ~[reactor-core-3.5.4.jar:3.5.4]
		at reactor.core.publisher.FluxSwitchIfEmpty$SwitchIfEmptySubscriber.onComplete(FluxSwitchIfEmpty.java:82) ~[reactor-core-3.5.4.jar:3.5.4]
		at reactor.core.publisher.MonoPeekTerminal$MonoTerminalPeekSubscriber.onComplete(MonoPeekTerminal.java:299) ~[reactor-core-3.5.4.jar:3.5.4]
		at reactor.core.publisher.MonoPeekTerminal$MonoTerminalPeekSubscriber.onComplete(MonoPeekTerminal.java:299) ~[reactor-core-3.5.4.jar:3.5.4]
		at reactor.core.publisher.MonoFlatMap$FlatMapMain.onNext(MonoFlatMap.java:155) ~[reactor-core-3.5.4.jar:3.5.4]
		at reactor.core.publisher.FluxSwitchIfEmpty$SwitchIfEmptySubscriber.onNext(FluxSwitchIfEmpty.java:74) ~[reactor-core-3.5.4.jar:3.5.4]
		at reactor.core.publisher.FluxFilter$FilterSubscriber.onNext(FluxFilter.java:113) ~[reactor-core-3.5.4.jar:3.5.4]
		at reactor.core.publisher.FluxDefaultIfEmpty$DefaultIfEmptySubscriber.onNext(FluxDefaultIfEmpty.java:122) ~[reactor-core-3.5.4.jar:3.5.4]
		at reactor.core.publisher.MonoNext$NextSubscriber.onNext(MonoNext.java:82) ~[reactor-core-3.5.4.jar:3.5.4]
		at reactor.core.publisher.FluxConcatMapNoPrefetch$FluxConcatMapNoPrefetchSubscriber.innerNext(FluxConcatMapNoPrefetch.java:258) ~[reactor-core-3.5.4.jar:3.5.4]
		at reactor.core.publisher.FluxConcatMap$ConcatMapInner.onNext(FluxConcatMap.java:863) ~[reactor-core-3.5.4.jar:3.5.4]
		at org.springframework.security.test.context.support.ReactorContextTestExecutionListener$DelegateTestExecutionListener$SecuritySubContext.onNext(ReactorContextTestExecutionListener.java:120) ~[spring-security-test-6.0.2.jar:6.0.2]
		at reactor.core.publisher.MonoFlatMap$FlatMapMain.onNext(MonoFlatMap.java:158) ~[reactor-core-3.5.4.jar:3.5.4]
		at reactor.core.publisher.FluxMap$MapSubscriber.onNext(FluxMap.java:122) ~[reactor-core-3.5.4.jar:3.5.4]
		at reactor.core.publisher.FluxFilter$FilterSubscriber.onNext(FluxFilter.java:113) ~[reactor-core-3.5.4.jar:3.5.4]
		at reactor.core.publisher.FluxPeekFuseable$PeekConditionalSubscriber.onNext(FluxPeekFuseable.java:854) ~[reactor-core-3.5.4.jar:3.5.4]
		at reactor.core.publisher.FluxSwitchIfEmpty$SwitchIfEmptySubscriber.onNext(FluxSwitchIfEmpty.java:74) ~[reactor-core-3.5.4.jar:3.5.4]
		at reactor.core.publisher.MonoNext$NextSubscriber.onNext(MonoNext.java:82) ~[reactor-core-3.5.4.jar:3.5.4]
		at reactor.core.publisher.FluxFilter$FilterSubscriber.onNext(FluxFilter.java:113) ~[reactor-core-3.5.4.jar:3.5.4]
		at reactor.core.publisher.FluxFlatMap$FlatMapMain.tryEmitScalar(FluxFlatMap.java:489) ~[reactor-core-3.5.4.jar:3.5.4]
		at reactor.core.publisher.FluxFlatMap$FlatMapMain.onNext(FluxFlatMap.java:422) ~[reactor-core-3.5.4.jar:3.5.4]
		at reactor.core.publisher.FluxPeekFuseable$PeekFuseableSubscriber.onNext(FluxPeekFuseable.java:210) ~[reactor-core-3.5.4.jar:3.5.4]
		at reactor.core.publisher.FluxIterable$IterableSubscription.slowPath(FluxIterable.java:335) ~[reactor-core-3.5.4.jar:3.5.4]
		at reactor.core.publisher.FluxIterable$IterableSubscription.request(FluxIterable.java:294) ~[reactor-core-3.5.4.jar:3.5.4]
		at reactor.core.publisher.FluxPeekFuseable$PeekFuseableSubscriber.request(FluxPeekFuseable.java:144) ~[reactor-core-3.5.4.jar:3.5.4]
		at reactor.core.publisher.FluxFlatMap$FlatMapMain.onSubscribe(FluxFlatMap.java:371) ~[reactor-core-3.5.4.jar:3.5.4]
		at reactor.core.publisher.FluxPeekFuseable$PeekFuseableSubscriber.onSubscribe(FluxPeekFuseable.java:178) ~[reactor-core-3.5.4.jar:3.5.4]
		at reactor.core.publisher.FluxIterable.subscribe(FluxIterable.java:201) ~[reactor-core-3.5.4.jar:3.5.4]
		at reactor.core.publisher.FluxIterable.subscribe(FluxIterable.java:83) ~[reactor-core-3.5.4.jar:3.5.4]
		at reactor.core.publisher.Mono.subscribe(Mono.java:4485) ~[reactor-core-3.5.4.jar:3.5.4]
		at reactor.core.publisher.FluxConcatMapNoPrefetch$FluxConcatMapNoPrefetchSubscriber.onNext(FluxConcatMapNoPrefetch.java:206) ~[reactor-core-3.5.4.jar:3.5.4]
		at reactor.core.publisher.FluxIterable$IterableSubscription.slowPath(FluxIterable.java:335) ~[reactor-core-3.5.4.jar:3.5.4]
		at reactor.core.publisher.FluxIterable$IterableSubscription.request(FluxIterable.java:294) ~[reactor-core-3.5.4.jar:3.5.4]
		at reactor.core.publisher.FluxConcatMapNoPrefetch$FluxConcatMapNoPrefetchSubscriber.innerComplete(FluxConcatMapNoPrefetch.java:274) ~[reactor-core-3.5.4.jar:3.5.4]
		at reactor.core.publisher.FluxConcatMap$ConcatMapInner.onComplete(FluxConcatMap.java:887) ~[reactor-core-3.5.4.jar:3.5.4]
		at org.springframework.security.test.context.support.ReactorContextTestExecutionListener$DelegateTestExecutionListener$SecuritySubContext.onComplete(ReactorContextTestExecutionListener.java:130) ~[spring-security-test-6.0.2.jar:6.0.2]
		at reactor.core.publisher.MonoFlatMap$FlatMapMain.onComplete(MonoFlatMap.java:189) ~[reactor-core-3.5.4.jar:3.5.4]
		at reactor.core.publisher.FluxMap$MapSubscriber.onComplete(FluxMap.java:144) ~[reactor-core-3.5.4.jar:3.5.4]
		at reactor.core.publisher.FluxFilter$FilterSubscriber.onComplete(FluxFilter.java:166) ~[reactor-core-3.5.4.jar:3.5.4]
		at reactor.core.publisher.FluxPeekFuseable$PeekConditionalSubscriber.onComplete(FluxPeekFuseable.java:940) ~[reactor-core-3.5.4.jar:3.5.4]
		at reactor.core.publisher.FluxSwitchIfEmpty$SwitchIfEmptySubscriber.onComplete(FluxSwitchIfEmpty.java:85) ~[reactor-core-3.5.4.jar:3.5.4]
		at org.springframework.security.test.context.support.ReactorContextTestExecutionListener$DelegateTestExecutionListener$SecuritySubContext.onComplete(ReactorContextTestExecutionListener.java:130) ~[spring-security-test-6.0.2.jar:6.0.2]
		at reactor.core.publisher.Operators$ScalarSubscription.request(Operators.java:2547) ~[reactor-core-3.5.4.jar:3.5.4]
		at reactor.core.publisher.Operators$MultiSubscriptionSubscriber.set(Operators.java:2341) ~[reactor-core-3.5.4.jar:3.5.4]
		at reactor.core.publisher.Operators$MultiSubscriptionSubscriber.onSubscribe(Operators.java:2215) ~[reactor-core-3.5.4.jar:3.5.4]
		at org.springframework.security.test.context.support.ReactorContextTestExecutionListener$DelegateTestExecutionListener$SecuritySubContext.onSubscribe(ReactorContextTestExecutionListener.java:115) ~[spring-security-test-6.0.2.jar:6.0.2]
		at reactor.core.publisher.MonoJust.subscribe(MonoJust.java:55) ~[reactor-core-3.5.4.jar:3.5.4]
		at reactor.core.publisher.Mono.subscribe(Mono.java:4485) ~[reactor-core-3.5.4.jar:3.5.4]
		at reactor.core.publisher.FluxSwitchIfEmpty$SwitchIfEmptySubscriber.onComplete(FluxSwitchIfEmpty.java:82) ~[reactor-core-3.5.4.jar:3.5.4]
		at reactor.core.publisher.MonoNext$NextSubscriber.onComplete(MonoNext.java:102) ~[reactor-core-3.5.4.jar:3.5.4]
		at reactor.core.publisher.FluxFilter$FilterSubscriber.onComplete(FluxFilter.java:166) ~[reactor-core-3.5.4.jar:3.5.4]
		at reactor.core.publisher.FluxFlatMap$FlatMapMain.checkTerminated(FluxFlatMap.java:847) ~[reactor-core-3.5.4.jar:3.5.4]
		at reactor.core.publisher.FluxFlatMap$FlatMapMain.drainLoop(FluxFlatMap.java:609) ~[reactor-core-3.5.4.jar:3.5.4]
		at reactor.core.publisher.FluxFlatMap$FlatMapMain.drain(FluxFlatMap.java:589) ~[reactor-core-3.5.4.jar:3.5.4]
		at reactor.core.publisher.FluxFlatMap$FlatMapMain.request(FluxFlatMap.java:347) ~[reactor-core-3.5.4.jar:3.5.4]
		at reactor.core.publisher.FluxFilter$FilterSubscriber.request(FluxFilter.java:186) ~[reactor-core-3.5.4.jar:3.5.4]
		at reactor.core.publisher.MonoNext$NextSubscriber.request(MonoNext.java:108) ~[reactor-core-3.5.4.jar:3.5.4]
		at reactor.core.publisher.Operators$MultiSubscriptionSubscriber.request(Operators.java:2305) ~[reactor-core-3.5.4.jar:3.5.4]
		at reactor.core.publisher.FluxPeekFuseable$PeekConditionalSubscriber.request(FluxPeekFuseable.java:783) ~[reactor-core-3.5.4.jar:3.5.4]
		at reactor.core.publisher.FluxFilter$FilterSubscriber.request(FluxFilter.java:186) ~[reactor-core-3.5.4.jar:3.5.4]
		at reactor.core.publisher.FluxMap$MapSubscriber.request(FluxMap.java:164) ~[reactor-core-3.5.4.jar:3.5.4]
		at reactor.core.publisher.MonoFlatMap$FlatMapMain.request(MonoFlatMap.java:194) ~[reactor-core-3.5.4.jar:3.5.4]
		at reactor.core.publisher.Operators$MultiSubscriptionSubscriber.request(Operators.java:2305) ~[reactor-core-3.5.4.jar:3.5.4]
		at reactor.core.publisher.FluxConcatMapNoPrefetch$FluxConcatMapNoPrefetchSubscriber.request(FluxConcatMapNoPrefetch.java:338) ~[reactor-core-3.5.4.jar:3.5.4]
		at reactor.core.publisher.MonoNext$NextSubscriber.request(MonoNext.java:108) ~[reactor-core-3.5.4.jar:3.5.4]
		at reactor.core.publisher.FluxDefaultIfEmpty$DefaultIfEmptySubscriber.request(FluxDefaultIfEmpty.java:98) ~[reactor-core-3.5.4.jar:3.5.4]
		at reactor.core.publisher.FluxFilter$FilterSubscriber.request(FluxFilter.java:186) ~[reactor-core-3.5.4.jar:3.5.4]
		at reactor.core.publisher.Operators$MultiSubscriptionSubscriber.set(Operators.java:2341) ~[reactor-core-3.5.4.jar:3.5.4]
		at reactor.core.publisher.Operators$MultiSubscriptionSubscriber.onSubscribe(Operators.java:2215) ~[reactor-core-3.5.4.jar:3.5.4]
		at reactor.core.publisher.FluxFilter$FilterSubscriber.onSubscribe(FluxFilter.java:85) ~[reactor-core-3.5.4.jar:3.5.4]
		at reactor.core.publisher.Operators$BaseFluxToMonoOperator.onSubscribe(Operators.java:2025) ~[reactor-core-3.5.4.jar:3.5.4]
		at reactor.core.publisher.MonoNext$NextSubscriber.onSubscribe(MonoNext.java:70) ~[reactor-core-3.5.4.jar:3.5.4]
		at reactor.core.publisher.FluxConcatMapNoPrefetch$FluxConcatMapNoPrefetchSubscriber.onSubscribe(FluxConcatMapNoPrefetch.java:164) ~[reactor-core-3.5.4.jar:3.5.4]
		at reactor.core.publisher.FluxIterable.subscribe(FluxIterable.java:201) ~[reactor-core-3.5.4.jar:3.5.4]
		at reactor.core.publisher.FluxIterable.subscribe(FluxIterable.java:83) ~[reactor-core-3.5.4.jar:3.5.4]
		at reactor.core.publisher.InternalMonoOperator.subscribe(InternalMonoOperator.java:64) ~[reactor-core-3.5.4.jar:3.5.4]
		at reactor.core.publisher.MonoDefer.subscribe(MonoDefer.java:52) ~[reactor-core-3.5.4.jar:3.5.4]
		at reactor.core.publisher.InternalMonoOperator.subscribe(InternalMonoOperator.java:64) ~[reactor-core-3.5.4.jar:3.5.4]
		at reactor.core.publisher.MonoDefer.subscribe(MonoDefer.java:52) ~[reactor-core-3.5.4.jar:3.5.4]
		at reactor.core.publisher.Mono.subscribe(Mono.java:4485) ~[reactor-core-3.5.4.jar:3.5.4]
		at reactor.core.publisher.MonoIgnoreThen$ThenIgnoreMain.subscribeNext(MonoIgnoreThen.java:263) ~[reactor-core-3.5.4.jar:3.5.4]
		at reactor.core.publisher.MonoIgnoreThen.subscribe(MonoIgnoreThen.java:51) ~[reactor-core-3.5.4.jar:3.5.4]
		at reactor.core.publisher.Mono.subscribe(Mono.java:4485) ~[reactor-core-3.5.4.jar:3.5.4]
		at reactor.core.publisher.FluxSwitchIfEmpty$SwitchIfEmptySubscriber.onComplete(FluxSwitchIfEmpty.java:82) ~[reactor-core-3.5.4.jar:3.5.4]
		at reactor.core.publisher.FluxFilter$FilterSubscriber.onComplete(FluxFilter.java:166) ~[reactor-core-3.5.4.jar:3.5.4]
		at reactor.core.publisher.FluxPeekFuseable$PeekConditionalSubscriber.onComplete(FluxPeekFuseable.java:940) ~[reactor-core-3.5.4.jar:3.5.4]
		at reactor.core.publisher.FluxSwitchIfEmpty$SwitchIfEmptySubscriber.onComplete(FluxSwitchIfEmpty.java:85) ~[reactor-core-3.5.4.jar:3.5.4]
		at org.springframework.security.test.context.support.ReactorContextTestExecutionListener$DelegateTestExecutionListener$SecuritySubContext.onComplete(ReactorContextTestExecutionListener.java:130) ~[spring-security-test-6.0.2.jar:6.0.2]
		at reactor.core.publisher.Operators$ScalarSubscription.request(Operators.java:2547) ~[reactor-core-3.5.4.jar:3.5.4]
		at reactor.core.publisher.Operators$MultiSubscriptionSubscriber.set(Operators.java:2341) ~[reactor-core-3.5.4.jar:3.5.4]
		at reactor.core.publisher.Operators$MultiSubscriptionSubscriber.onSubscribe(Operators.java:2215) ~[reactor-core-3.5.4.jar:3.5.4]
		at org.springframework.security.test.context.support.ReactorContextTestExecutionListener$DelegateTestExecutionListener$SecuritySubContext.onSubscribe(ReactorContextTestExecutionListener.java:115) ~[spring-security-test-6.0.2.jar:6.0.2]
		at reactor.core.publisher.MonoJust.subscribe(MonoJust.java:55) ~[reactor-core-3.5.4.jar:3.5.4]
		at reactor.core.publisher.Mono.subscribe(Mono.java:4485) ~[reactor-core-3.5.4.jar:3.5.4]
		at reactor.core.publisher.FluxSwitchIfEmpty$SwitchIfEmptySubscriber.onComplete(FluxSwitchIfEmpty.java:82) ~[reactor-core-3.5.4.jar:3.5.4]
		at reactor.core.publisher.MonoNext$NextSubscriber.onComplete(MonoNext.java:102) ~[reactor-core-3.5.4.jar:3.5.4]
		at reactor.core.publisher.FluxFilter$FilterSubscriber.onComplete(FluxFilter.java:166) ~[reactor-core-3.5.4.jar:3.5.4]
		at reactor.core.publisher.FluxFlatMap$FlatMapMain.checkTerminated(FluxFlatMap.java:847) ~[reactor-core-3.5.4.jar:3.5.4]
		at reactor.core.publisher.FluxFlatMap$FlatMapMain.drainLoop(FluxFlatMap.java:609) ~[reactor-core-3.5.4.jar:3.5.4]
		at reactor.core.publisher.FluxFlatMap$FlatMapMain.drain(FluxFlatMap.java:589) ~[reactor-core-3.5.4.jar:3.5.4]
		at reactor.core.publisher.FluxFlatMap$FlatMapMain.onComplete(FluxFlatMap.java:466) ~[reactor-core-3.5.4.jar:3.5.4]
		at reactor.core.publisher.FluxPeekFuseable$PeekFuseableSubscriber.onComplete(FluxPeekFuseable.java:277) ~[reactor-core-3.5.4.jar:3.5.4]
		at reactor.core.publisher.FluxIterable$IterableSubscription.slowPath(FluxIterable.java:357) ~[reactor-core-3.5.4.jar:3.5.4]
		at reactor.core.publisher.FluxIterable$IterableSubscription.request(FluxIterable.java:294) ~[reactor-core-3.5.4.jar:3.5.4]
		at reactor.core.publisher.FluxPeekFuseable$PeekFuseableSubscriber.request(FluxPeekFuseable.java:144) ~[reactor-core-3.5.4.jar:3.5.4]
		at reactor.core.publisher.FluxFlatMap$FlatMapMain.onSubscribe(FluxFlatMap.java:371) ~[reactor-core-3.5.4.jar:3.5.4]
		at reactor.core.publisher.FluxPeekFuseable$PeekFuseableSubscriber.onSubscribe(FluxPeekFuseable.java:178) ~[reactor-core-3.5.4.jar:3.5.4]
		at reactor.core.publisher.FluxIterable.subscribe(FluxIterable.java:201) ~[reactor-core-3.5.4.jar:3.5.4]
		at reactor.core.publisher.FluxIterable.subscribe(FluxIterable.java:83) ~[reactor-core-3.5.4.jar:3.5.4]
		at reactor.core.publisher.InternalMonoOperator.subscribe(InternalMonoOperator.java:64) ~[reactor-core-3.5.4.jar:3.5.4]
		at reactor.core.publisher.MonoDefer.subscribe(MonoDefer.java:52) ~[reactor-core-3.5.4.jar:3.5.4]
		at reactor.core.publisher.MonoFlatMap$FlatMapMain.onNext(MonoFlatMap.java:165) ~[reactor-core-3.5.4.jar:3.5.4]
		at reactor.core.publisher.Operators$BaseFluxToMonoOperator.completePossiblyEmpty(Operators.java:2071) ~[reactor-core-3.5.4.jar:3.5.4]
		at reactor.core.publisher.FluxDefaultIfEmpty$DefaultIfEmptySubscriber.onComplete(FluxDefaultIfEmpty.java:134) ~[reactor-core-3.5.4.jar:3.5.4]
		at reactor.core.publisher.FluxMap$MapSubscriber.onComplete(FluxMap.java:144) ~[reactor-core-3.5.4.jar:3.5.4]
		at reactor.core.publisher.FluxMap$MapSubscriber.onComplete(FluxMap.java:144) ~[reactor-core-3.5.4.jar:3.5.4]
		at reactor.core.publisher.FluxFilter$FilterSubscriber.onComplete(FluxFilter.java:166) ~[reactor-core-3.5.4.jar:3.5.4]
		at reactor.core.publisher.FluxMap$MapConditionalSubscriber.onComplete(FluxMap.java:275) ~[reactor-core-3.5.4.jar:3.5.4]
		at reactor.core.publisher.Operators$MonoSubscriber.complete(Operators.java:1840) ~[reactor-core-3.5.4.jar:3.5.4]
		at reactor.core.publisher.MonoCacheTime$CoordinatorSubscriber.signalCached(MonoCacheTime.java:337) ~[reactor-core-3.5.4.jar:3.5.4]
		at reactor.core.publisher.MonoCacheTime$CoordinatorSubscriber.onNext(MonoCacheTime.java:354) ~[reactor-core-3.5.4.jar:3.5.4]
		at reactor.core.publisher.FluxPeek$PeekSubscriber.onNext(FluxPeek.java:200) ~[reactor-core-3.5.4.jar:3.5.4]
		at reactor.core.publisher.FluxSwitchIfEmpty$SwitchIfEmptySubscriber.onNext(FluxSwitchIfEmpty.java:74) ~[reactor-core-3.5.4.jar:3.5.4]
		at org.springframework.security.test.context.support.ReactorContextTestExecutionListener$DelegateTestExecutionListener$SecuritySubContext.onNext(ReactorContextTestExecutionListener.java:120) ~[spring-security-test-6.0.2.jar:6.0.2]
		at reactor.core.publisher.FluxPeekFuseable$PeekFuseableSubscriber.onNext(FluxPeekFuseable.java:210) ~[reactor-core-3.5.4.jar:3.5.4]
		at reactor.core.publisher.MonoPeekTerminal$MonoTerminalPeekSubscriber.onNext(MonoPeekTerminal.java:180) ~[reactor-core-3.5.4.jar:3.5.4]
		at reactor.core.publisher.MonoPublishOn$PublishOnSubscriber.run(MonoPublishOn.java:181) ~[reactor-core-3.5.4.jar:3.5.4]
		at reactor.core.scheduler.SchedulerTask.call(SchedulerTask.java:68) ~[reactor-core-3.5.4.jar:3.5.4]
		at reactor.core.scheduler.SchedulerTask.call(SchedulerTask.java:28) ~[reactor-core-3.5.4.jar:3.5.4]
		at java.base/java.util.concurrent.FutureTask.run(FutureTask.java:264) ~[na:na]
		at java.base/java.util.concurrent.ScheduledThreadPoolExecutor$ScheduledFutureTask.run(ScheduledThreadPoolExecutor.java:304) ~[na:na]
		at java.base/java.util.concurrent.ThreadPoolExecutor.runWorker(ThreadPoolExecutor.java:1136) ~[na:na]
		at java.base/java.util.concurrent.ThreadPoolExecutor$Worker.run(ThreadPoolExecutor.java:635) ~[na:na]
		at java.base/java.lang.Thread.run(Thread.java:840) ~[na:na]

2024-12-24T01:46:51.398+03:00 TRACE 8752 --- [     parallel-4] o.s.http.codec.json.Jackson2JsonEncoder  : [7a3849e3] Encoding [{timestamp=Tue Dec 24 01:46:50 AST 2024, path=/posts, status=500, error=Internal Server Error, requestId=7a3849e3}]
2024-12-24T01:46:51.608+03:00 TRACE 8752 --- [     parallel-4] o.s.w.s.adapter.HttpWebHandlerAdapter    : [7a3849e3] Completed 500 INTERNAL_SERVER_ERROR, headers={masked}
2024-12-24T01:46:51.612+03:00 TRACE 8752 --- [     parallel-4] o.s.w.r.f.client.ExchangeFunctions       : [68823b6b] [12e40e0c] Response 500 INTERNAL_SERVER_ERROR, headers={masked}
2024-12-24T01:46:51.732+03:00 ERROR 8752 --- [           main] o.s.t.w.reactive.server.ExchangeResult   : Request details for assertion failure:

> GET /posts
> WebTestClient-Request-Id: [2]

No content

< 500 INTERNAL_SERVER_ERROR Internal Server Error
< Content-Type: [application/json]
< Content-Length: [161]
< Cache-Control: [no-cache, no-store, max-age=0, must-revalidate]
< Pragma: [no-cache]
< Expires: [0]
< X-Content-Type-Options: [nosniff]
< X-Frame-Options: [DENY]
< X-XSS-Protection: [0]
< Referrer-Policy: [no-referrer]

{
  "timestamp" : "2024-12-23T22:46:50.815+00:00",
  "path" : "/posts",
  "status" : 500,
  "error" : "Internal Server Error",
  "requestId" : "7a3849e3"
}

2024-12-24T01:46:51.744+03:00 DEBUG 8752 --- [           main] com.example.demo.PostControllerTest      : after each...
]]></system-out>
  </testcase>
  <testcase name="deletePost_shouldBeOk" classname="com.example.demo.PostControllerTest" time="0.28">
    <failure message="Status expected:&lt;204 NO_CONTENT&gt; but was:&lt;401 UNAUTHORIZED&gt;" type="java.lang.AssertionError"><![CDATA[java.lang.AssertionError: Status expected:<204 NO_CONTENT> but was:<401 UNAUTHORIZED>
	at com.example.demo.PostControllerTest.deletePost_shouldBeOk(PostControllerTest.java:238)
]]></failure>
    <system-out><![CDATA[2024-12-24T01:46:52.073+03:00 DEBUG 8752 --- [           main] com.example.demo.PostControllerTest      : before each...
2024-12-24T01:46:52.098+03:00 TRACE 8752 --- [           main] o.s.w.r.f.client.ExchangeFunctions       : [5b784f16] HTTP DELETE /posts/1, headers={masked}
2024-12-24T01:46:52.100+03:00 TRACE 8752 --- [     parallel-1] o.s.w.s.adapter.HttpWebHandlerAdapter    : [74a7a16e] HTTP DELETE "/posts/1", headers={masked}
2024-12-24T01:46:52.101+03:00 DEBUG 8752 --- [     parallel-1] o.s.s.w.s.u.m.OrServerWebExchangeMatcher : Trying to match using PathMatcherServerWebExchangeMatcher{pattern='/login', method=POST}
2024-12-24T01:46:52.101+03:00 DEBUG 8752 --- [     parallel-1] athPatternParserServerWebExchangeMatcher : Request 'DELETE /posts/1' doesn't match 'POST /login'
2024-12-24T01:46:52.102+03:00 DEBUG 8752 --- [     parallel-1] o.s.s.w.s.u.m.OrServerWebExchangeMatcher : No matches found
2024-12-24T01:46:52.103+03:00 DEBUG 8752 --- [     parallel-2] o.s.w.s.s.DefaultWebSessionManager       : Created new WebSession.
2024-12-24T01:46:52.104+03:00 DEBUG 8752 --- [     parallel-2] o.s.s.w.s.u.m.OrServerWebExchangeMatcher : Trying to match using PathMatcherServerWebExchangeMatcher{pattern='/logout', method=POST}
2024-12-24T01:46:52.104+03:00 DEBUG 8752 --- [     parallel-2] athPatternParserServerWebExchangeMatcher : Request 'DELETE /posts/1' doesn't match 'POST /logout'
2024-12-24T01:46:52.104+03:00 DEBUG 8752 --- [     parallel-2] o.s.s.w.s.u.m.OrServerWebExchangeMatcher : No matches found
2024-12-24T01:46:52.105+03:00 DEBUG 8752 --- [     parallel-2] o.s.s.w.s.u.m.OrServerWebExchangeMatcher : Trying to match using PathMatcherServerWebExchangeMatcher{pattern='/', method=null}
2024-12-24T01:46:52.105+03:00 DEBUG 8752 --- [     parallel-2] athPatternParserServerWebExchangeMatcher : Request 'DELETE /posts/1' doesn't match 'null /'
2024-12-24T01:46:52.105+03:00 DEBUG 8752 --- [     parallel-2] o.s.s.w.s.u.m.OrServerWebExchangeMatcher : Trying to match using PathMatcherServerWebExchangeMatcher{pattern='/login', method=null}
2024-12-24T01:46:52.105+03:00 DEBUG 8752 --- [     parallel-2] athPatternParserServerWebExchangeMatcher : Request 'DELETE /posts/1' doesn't match 'null /login'
2024-12-24T01:46:52.105+03:00 DEBUG 8752 --- [     parallel-2] o.s.s.w.s.u.m.OrServerWebExchangeMatcher : Trying to match using PathMatcherServerWebExchangeMatcher{pattern='/logout', method=null}
2024-12-24T01:46:52.106+03:00 DEBUG 8752 --- [     parallel-2] athPatternParserServerWebExchangeMatcher : Request 'DELETE /posts/1' doesn't match 'null /logout'
2024-12-24T01:46:52.107+03:00 DEBUG 8752 --- [     parallel-2] o.s.s.w.s.u.m.OrServerWebExchangeMatcher : No matches found
2024-12-24T01:46:52.107+03:00 DEBUG 8752 --- [     parallel-2] o.s.s.w.s.u.m.OrServerWebExchangeMatcher : Trying to match using PathMatcherServerWebExchangeMatcher{pattern='/posts/**', method=GET}
2024-12-24T01:46:52.107+03:00 DEBUG 8752 --- [     parallel-2] athPatternParserServerWebExchangeMatcher : Request 'DELETE /posts/1' doesn't match 'GET /posts/**'
2024-12-24T01:46:52.108+03:00 DEBUG 8752 --- [     parallel-2] o.s.s.w.s.u.m.OrServerWebExchangeMatcher : No matches found
2024-12-24T01:46:52.108+03:00 DEBUG 8752 --- [     parallel-2] o.s.s.w.s.u.m.OrServerWebExchangeMatcher : Trying to match using PathMatcherServerWebExchangeMatcher{pattern='/posts/**', method=DELETE}
2024-12-24T01:46:52.108+03:00 DEBUG 8752 --- [     parallel-2] athPatternParserServerWebExchangeMatcher : Checking match of request : '/posts/1'; against '/posts/**'
2024-12-24T01:46:52.108+03:00 DEBUG 8752 --- [     parallel-2] o.s.s.w.s.u.m.OrServerWebExchangeMatcher : matched
2024-12-24T01:46:52.109+03:00 DEBUG 8752 --- [     parallel-2] a.DelegatingReactiveAuthorizationManager : Checking authorization on '/posts/1' using org.springframework.security.authorization.AuthorityReactiveAuthorizationManager@37f26e60
2024-12-24T01:46:52.117+03:00 DEBUG 8752 --- [     parallel-2] ebSessionServerSecurityContextRepository : No SecurityContext found in WebSession: 'org.springframework.web.server.session.InMemoryWebSessionStore$InMemoryWebSession@1dd76a64'
2024-12-24T01:46:52.118+03:00 DEBUG 8752 --- [     parallel-2] o.s.s.w.s.a.AuthorizationWebFilter       : Authorization failed: Access Denied
2024-12-24T01:46:52.123+03:00 DEBUG 8752 --- [     parallel-2] ebSessionServerSecurityContextRepository : No SecurityContext found in WebSession: 'org.springframework.web.server.session.InMemoryWebSessionStore$InMemoryWebSession@1dd76a64'
2024-12-24T01:46:52.124+03:00 TRACE 8752 --- [     parallel-2] o.s.w.s.adapter.HttpWebHandlerAdapter    : [74a7a16e] Completed 401 UNAUTHORIZED, headers={masked}
2024-12-24T01:46:52.127+03:00 TRACE 8752 --- [     parallel-2] o.s.w.r.f.client.ExchangeFunctions       : [5b784f16] [50a0d294] Response 401 UNAUTHORIZED, headers={masked}
2024-12-24T01:46:52.131+03:00 ERROR 8752 --- [           main] o.s.t.w.reactive.server.ExchangeResult   : Request details for assertion failure:

> DELETE /posts/1
> WebTestClient-Request-Id: [3]

No content

< 401 UNAUTHORIZED Unauthorized
< WWW-Authenticate: [Basic realm="Realm"]
< Cache-Control: [no-cache, no-store, max-age=0, must-revalidate]
< Pragma: [no-cache]
< Expires: [0]
< X-Content-Type-Options: [nosniff]
< X-Frame-Options: [DENY]
< X-XSS-Protection: [0]
< Referrer-Policy: [no-referrer]

0 bytes of content (unknown content-type).

2024-12-24T01:46:52.133+03:00 DEBUG 8752 --- [           main] com.example.demo.PostControllerTest      : after each...
]]></system-out>
  </testcase>
  <testcase name="createPost_shouldBeOk" classname="com.example.demo.PostControllerTest" time="0.042">
    <failure message="Status expected:&lt;201 CREATED&gt; but was:&lt;401 UNAUTHORIZED&gt;" type="java.lang.AssertionError"><![CDATA[java.lang.AssertionError: Status expected:<201 CREATED> but was:<401 UNAUTHORIZED>
	at com.example.demo.PostControllerTest.createPost_shouldBeOk(PostControllerTest.java:219)
]]></failure>
    <system-out><![CDATA[2024-12-24T01:46:52.150+03:00 DEBUG 8752 --- [           main] com.example.demo.PostControllerTest      : before each...
2024-12-24T01:46:52.152+03:00 TRACE 8752 --- [           main] o.s.w.r.f.client.ExchangeFunctions       : [727b3b0] HTTP POST /posts, headers={masked}
2024-12-24T01:46:52.196+03:00 TRACE 8752 --- [     parallel-3] o.s.http.codec.json.Jackson2JsonEncoder  : [727b3b0] Encoding [Post(id=null, title=my first post, content=content of my first post, status=DRAFT, comments=[], createdDate=null, createdBy=null, lastModifiedDate=null, lastModifiedBy=null)]
2024-12-24T01:46:52.206+03:00 TRACE 8752 --- [     parallel-3] o.s.w.s.adapter.HttpWebHandlerAdapter    : [1bba4a33] HTTP POST "/posts", headers={masked}
2024-12-24T01:46:52.211+03:00 DEBUG 8752 --- [     parallel-3] o.s.s.w.s.u.m.OrServerWebExchangeMatcher : Trying to match using PathMatcherServerWebExchangeMatcher{pattern='/login', method=POST}
2024-12-24T01:46:52.211+03:00 DEBUG 8752 --- [     parallel-3] athPatternParserServerWebExchangeMatcher : Request 'POST /posts' doesn't match 'POST /login'
2024-12-24T01:46:52.212+03:00 DEBUG 8752 --- [     parallel-3] o.s.s.w.s.u.m.OrServerWebExchangeMatcher : No matches found
2024-12-24T01:46:52.213+03:00 DEBUG 8752 --- [     parallel-4] o.s.w.s.s.DefaultWebSessionManager       : Created new WebSession.
2024-12-24T01:46:52.213+03:00 DEBUG 8752 --- [     parallel-4] o.s.s.w.s.u.m.OrServerWebExchangeMatcher : Trying to match using PathMatcherServerWebExchangeMatcher{pattern='/logout', method=POST}
2024-12-24T01:46:52.214+03:00 DEBUG 8752 --- [     parallel-4] athPatternParserServerWebExchangeMatcher : Request 'POST /posts' doesn't match 'POST /logout'
2024-12-24T01:46:52.215+03:00 DEBUG 8752 --- [     parallel-4] o.s.s.w.s.u.m.OrServerWebExchangeMatcher : No matches found
2024-12-24T01:46:52.215+03:00 DEBUG 8752 --- [     parallel-4] o.s.s.w.s.u.m.OrServerWebExchangeMatcher : Trying to match using PathMatcherServerWebExchangeMatcher{pattern='/', method=null}
2024-12-24T01:46:52.216+03:00 DEBUG 8752 --- [     parallel-4] athPatternParserServerWebExchangeMatcher : Request 'POST /posts' doesn't match 'null /'
2024-12-24T01:46:52.216+03:00 DEBUG 8752 --- [     parallel-4] o.s.s.w.s.u.m.OrServerWebExchangeMatcher : Trying to match using PathMatcherServerWebExchangeMatcher{pattern='/login', method=null}
2024-12-24T01:46:52.216+03:00 DEBUG 8752 --- [     parallel-4] athPatternParserServerWebExchangeMatcher : Request 'POST /posts' doesn't match 'null /login'
2024-12-24T01:46:52.217+03:00 DEBUG 8752 --- [     parallel-4] o.s.s.w.s.u.m.OrServerWebExchangeMatcher : Trying to match using PathMatcherServerWebExchangeMatcher{pattern='/logout', method=null}
2024-12-24T01:46:52.217+03:00 DEBUG 8752 --- [     parallel-4] athPatternParserServerWebExchangeMatcher : Request 'POST /posts' doesn't match 'null /logout'
2024-12-24T01:46:52.217+03:00 DEBUG 8752 --- [     parallel-4] o.s.s.w.s.u.m.OrServerWebExchangeMatcher : No matches found
2024-12-24T01:46:52.218+03:00 DEBUG 8752 --- [     parallel-4] o.s.s.w.s.u.m.OrServerWebExchangeMatcher : Trying to match using PathMatcherServerWebExchangeMatcher{pattern='/posts/**', method=GET}
2024-12-24T01:46:52.218+03:00 DEBUG 8752 --- [     parallel-4] athPatternParserServerWebExchangeMatcher : Request 'POST /posts' doesn't match 'GET /posts/**'
2024-12-24T01:46:52.219+03:00 DEBUG 8752 --- [     parallel-4] o.s.s.w.s.u.m.OrServerWebExchangeMatcher : No matches found
2024-12-24T01:46:52.219+03:00 DEBUG 8752 --- [     parallel-4] o.s.s.w.s.u.m.OrServerWebExchangeMatcher : Trying to match using PathMatcherServerWebExchangeMatcher{pattern='/posts/**', method=DELETE}
2024-12-24T01:46:52.220+03:00 DEBUG 8752 --- [     parallel-4] athPatternParserServerWebExchangeMatcher : Request 'POST /posts' doesn't match 'DELETE /posts/**'
2024-12-24T01:46:52.221+03:00 DEBUG 8752 --- [     parallel-4] o.s.s.w.s.u.m.OrServerWebExchangeMatcher : No matches found
2024-12-24T01:46:52.222+03:00 DEBUG 8752 --- [     parallel-4] o.s.s.w.s.u.m.OrServerWebExchangeMatcher : Trying to match using PathMatcherServerWebExchangeMatcher{pattern='/posts/**', method=null}
2024-12-24T01:46:52.222+03:00 DEBUG 8752 --- [     parallel-4] athPatternParserServerWebExchangeMatcher : Checking match of request : '/posts'; against '/posts/**'
2024-12-24T01:46:52.223+03:00 DEBUG 8752 --- [     parallel-4] o.s.s.w.s.u.m.OrServerWebExchangeMatcher : matched
2024-12-24T01:46:52.223+03:00 DEBUG 8752 --- [     parallel-4] a.DelegatingReactiveAuthorizationManager : Checking authorization on '/posts' using org.springframework.security.authorization.AuthenticatedReactiveAuthorizationManager@c4d4aef
2024-12-24T01:46:52.228+03:00 DEBUG 8752 --- [     parallel-4] ebSessionServerSecurityContextRepository : No SecurityContext found in WebSession: 'org.springframework.web.server.session.InMemoryWebSessionStore$InMemoryWebSession@3c96d9b'
2024-12-24T01:46:52.229+03:00 DEBUG 8752 --- [     parallel-4] o.s.s.w.s.a.AuthorizationWebFilter       : Authorization failed: Access Denied
2024-12-24T01:46:52.232+03:00 DEBUG 8752 --- [     parallel-4] ebSessionServerSecurityContextRepository : No SecurityContext found in WebSession: 'org.springframework.web.server.session.InMemoryWebSessionStore$InMemoryWebSession@3c96d9b'
2024-12-24T01:46:52.232+03:00 TRACE 8752 --- [     parallel-4] o.s.w.s.adapter.HttpWebHandlerAdapter    : [1bba4a33] Completed 401 UNAUTHORIZED, headers={masked}
2024-12-24T01:46:52.233+03:00 TRACE 8752 --- [     parallel-4] o.s.w.r.f.client.ExchangeFunctions       : [727b3b0] [57c4552e] Response 401 UNAUTHORIZED, headers={masked}
2024-12-24T01:46:52.234+03:00 ERROR 8752 --- [           main] o.s.t.w.reactive.server.ExchangeResult   : Request details for assertion failure:

> POST /posts
> WebTestClient-Request-Id: [4]
> Content-Type: [application/json]
> Content-Length: [120]

{
  "title" : "my first post",
  "content" : "content of my first post",
  "status" : "DRAFT",
  "comments" : [ ]
}

< 401 UNAUTHORIZED Unauthorized
< WWW-Authenticate: [Basic realm="Realm"]
< Cache-Control: [no-cache, no-store, max-age=0, must-revalidate]
< Pragma: [no-cache]
< Expires: [0]
< X-Content-Type-Options: [nosniff]
< X-Frame-Options: [DENY]
< X-XSS-Protection: [0]
< Referrer-Policy: [no-referrer]

0 bytes of content (unknown content-type).

2024-12-24T01:46:52.235+03:00 DEBUG 8752 --- [           main] com.example.demo.PostControllerTest      : after each...
]]></system-out>
  </testcase>
  <testcase name="updatePostStatus_shouldBeOk" classname="com.example.demo.PostControllerTest" time="0.166">
    <failure message="Status expected:&lt;204 NO_CONTENT&gt; but was:&lt;401 UNAUTHORIZED&gt;" type="java.lang.AssertionError"><![CDATA[java.lang.AssertionError: Status expected:<204 NO_CONTENT> but was:<401 UNAUTHORIZED>
	at com.example.demo.PostControllerTest.updatePostStatus_shouldBeOk(PostControllerTest.java:204)
]]></failure>
    <system-out><![CDATA[2024-12-24T01:46:52.257+03:00 DEBUG 8752 --- [           main] com.example.demo.PostControllerTest      : before each...
2024-12-24T01:46:52.260+03:00 TRACE 8752 --- [           main] o.s.w.r.f.client.ExchangeFunctions       : [4290fcd7] HTTP PUT /posts/1/status, headers={masked}
2024-12-24T01:46:52.272+03:00 TRACE 8752 --- [     parallel-1] o.s.http.codec.json.Jackson2JsonEncoder  : [4290fcd7] Encoding [UpdatePostStatusCommand[status=PUBLISHED]]
2024-12-24T01:46:52.273+03:00 TRACE 8752 --- [     parallel-1] o.s.w.s.adapter.HttpWebHandlerAdapter    : [7552d5ac] HTTP PUT "/posts/1/status", headers={masked}
2024-12-24T01:46:52.275+03:00 DEBUG 8752 --- [     parallel-1] o.s.s.w.s.u.m.OrServerWebExchangeMatcher : Trying to match using PathMatcherServerWebExchangeMatcher{pattern='/login', method=POST}
2024-12-24T01:46:52.276+03:00 DEBUG 8752 --- [     parallel-1] athPatternParserServerWebExchangeMatcher : Request 'PUT /posts/1/status' doesn't match 'POST /login'
2024-12-24T01:46:52.276+03:00 DEBUG 8752 --- [     parallel-1] o.s.s.w.s.u.m.OrServerWebExchangeMatcher : No matches found
2024-12-24T01:46:52.277+03:00 DEBUG 8752 --- [     parallel-2] o.s.w.s.s.DefaultWebSessionManager       : Created new WebSession.
2024-12-24T01:46:52.277+03:00 DEBUG 8752 --- [     parallel-2] o.s.s.w.s.u.m.OrServerWebExchangeMatcher : Trying to match using PathMatcherServerWebExchangeMatcher{pattern='/logout', method=POST}
2024-12-24T01:46:52.278+03:00 DEBUG 8752 --- [     parallel-2] athPatternParserServerWebExchangeMatcher : Request 'PUT /posts/1/status' doesn't match 'POST /logout'
2024-12-24T01:46:52.278+03:00 DEBUG 8752 --- [     parallel-2] o.s.s.w.s.u.m.OrServerWebExchangeMatcher : No matches found
2024-12-24T01:46:52.279+03:00 DEBUG 8752 --- [     parallel-2] o.s.s.w.s.u.m.OrServerWebExchangeMatcher : Trying to match using PathMatcherServerWebExchangeMatcher{pattern='/', method=null}
2024-12-24T01:46:52.279+03:00 DEBUG 8752 --- [     parallel-2] athPatternParserServerWebExchangeMatcher : Request 'PUT /posts/1/status' doesn't match 'null /'
2024-12-24T01:46:52.280+03:00 DEBUG 8752 --- [     parallel-2] o.s.s.w.s.u.m.OrServerWebExchangeMatcher : Trying to match using PathMatcherServerWebExchangeMatcher{pattern='/login', method=null}
2024-12-24T01:46:52.280+03:00 DEBUG 8752 --- [     parallel-2] athPatternParserServerWebExchangeMatcher : Request 'PUT /posts/1/status' doesn't match 'null /login'
2024-12-24T01:46:52.280+03:00 DEBUG 8752 --- [     parallel-2] o.s.s.w.s.u.m.OrServerWebExchangeMatcher : Trying to match using PathMatcherServerWebExchangeMatcher{pattern='/logout', method=null}
2024-12-24T01:46:52.281+03:00 DEBUG 8752 --- [     parallel-2] athPatternParserServerWebExchangeMatcher : Request 'PUT /posts/1/status' doesn't match 'null /logout'
2024-12-24T01:46:52.281+03:00 DEBUG 8752 --- [     parallel-2] o.s.s.w.s.u.m.OrServerWebExchangeMatcher : No matches found
2024-12-24T01:46:52.282+03:00 DEBUG 8752 --- [     parallel-2] o.s.s.w.s.u.m.OrServerWebExchangeMatcher : Trying to match using PathMatcherServerWebExchangeMatcher{pattern='/posts/**', method=GET}
2024-12-24T01:46:52.282+03:00 DEBUG 8752 --- [     parallel-2] athPatternParserServerWebExchangeMatcher : Request 'PUT /posts/1/status' doesn't match 'GET /posts/**'
2024-12-24T01:46:52.283+03:00 DEBUG 8752 --- [     parallel-2] o.s.s.w.s.u.m.OrServerWebExchangeMatcher : No matches found
2024-12-24T01:46:52.283+03:00 DEBUG 8752 --- [     parallel-2] o.s.s.w.s.u.m.OrServerWebExchangeMatcher : Trying to match using PathMatcherServerWebExchangeMatcher{pattern='/posts/**', method=DELETE}
2024-12-24T01:46:52.283+03:00 DEBUG 8752 --- [     parallel-2] athPatternParserServerWebExchangeMatcher : Request 'PUT /posts/1/status' doesn't match 'DELETE /posts/**'
2024-12-24T01:46:52.283+03:00 DEBUG 8752 --- [     parallel-2] o.s.s.w.s.u.m.OrServerWebExchangeMatcher : No matches found
2024-12-24T01:46:52.284+03:00 DEBUG 8752 --- [     parallel-2] o.s.s.w.s.u.m.OrServerWebExchangeMatcher : Trying to match using PathMatcherServerWebExchangeMatcher{pattern='/posts/**', method=null}
2024-12-24T01:46:52.284+03:00 DEBUG 8752 --- [     parallel-2] athPatternParserServerWebExchangeMatcher : Checking match of request : '/posts/1/status'; against '/posts/**'
2024-12-24T01:46:52.284+03:00 DEBUG 8752 --- [     parallel-2] o.s.s.w.s.u.m.OrServerWebExchangeMatcher : matched
2024-12-24T01:46:52.284+03:00 DEBUG 8752 --- [     parallel-2] a.DelegatingReactiveAuthorizationManager : Checking authorization on '/posts/1/status' using org.springframework.security.authorization.AuthenticatedReactiveAuthorizationManager@c4d4aef
2024-12-24T01:46:52.284+03:00 DEBUG 8752 --- [     parallel-2] ebSessionServerSecurityContextRepository : No SecurityContext found in WebSession: 'org.springframework.web.server.session.InMemoryWebSessionStore$InMemoryWebSession@7bf1e52d'
2024-12-24T01:46:52.285+03:00 DEBUG 8752 --- [     parallel-2] o.s.s.w.s.a.AuthorizationWebFilter       : Authorization failed: Access Denied
2024-12-24T01:46:52.287+03:00 DEBUG 8752 --- [     parallel-2] ebSessionServerSecurityContextRepository : No SecurityContext found in WebSession: 'org.springframework.web.server.session.InMemoryWebSessionStore$InMemoryWebSession@7bf1e52d'
2024-12-24T01:46:52.287+03:00 TRACE 8752 --- [     parallel-2] o.s.w.s.adapter.HttpWebHandlerAdapter    : [7552d5ac] Completed 401 UNAUTHORIZED, headers={masked}
2024-12-24T01:46:52.287+03:00 TRACE 8752 --- [     parallel-2] o.s.w.r.f.client.ExchangeFunctions       : [4290fcd7] [24c84b2d] Response 401 UNAUTHORIZED, headers={masked}
2024-12-24T01:46:52.289+03:00 ERROR 8752 --- [           main] o.s.t.w.reactive.server.ExchangeResult   : Request details for assertion failure:

> PUT /posts/1/status
> WebTestClient-Request-Id: [5]
> Content-Type: [application/json]
> Content-Length: [30]

{
  "status" : "PUBLISHED"
}

< 401 UNAUTHORIZED Unauthorized
< WWW-Authenticate: [Basic realm="Realm"]
< Cache-Control: [no-cache, no-store, max-age=0, must-revalidate]
< Pragma: [no-cache]
< Expires: [0]
< X-Content-Type-Options: [nosniff]
< X-Frame-Options: [DENY]
< X-XSS-Protection: [0]
< Referrer-Policy: [no-referrer]

0 bytes of content (unknown content-type).

2024-12-24T01:46:52.291+03:00 DEBUG 8752 --- [           main] com.example.demo.PostControllerTest      : after each...
]]></system-out>
  </testcase>
  <testcase name="getAllPostsByKeyword_shouldBeOk" classname="com.example.demo.PostControllerTest" time="1.33">
    <failure message="Status expected:&lt;200 OK&gt; but was:&lt;500 INTERNAL_SERVER_ERROR&gt;" type="java.lang.AssertionError"><![CDATA[java.lang.AssertionError: Status expected:<200 OK> but was:<500 INTERNAL_SERVER_ERROR>
	at com.example.demo.PostControllerTest.getAllPostsByKeyword_shouldBeOk(PostControllerTest.java:112)
]]></failure>
    <system-out><![CDATA[2024-12-24T01:46:52.670+03:00 DEBUG 8752 --- [           main] com.example.demo.PostControllerTest      : before each...
2024-12-24T01:46:52.772+03:00 TRACE 8752 --- [           main] o.s.w.r.f.client.ExchangeFunctions       : [6ba19932] HTTP GET /posts, headers={masked}
2024-12-24T01:46:52.774+03:00 TRACE 8752 --- [     parallel-3] o.s.w.s.adapter.HttpWebHandlerAdapter    : [46777691] HTTP GET "/posts", headers={masked}
2024-12-24T01:46:52.775+03:00 DEBUG 8752 --- [     parallel-3] o.s.s.w.s.u.m.OrServerWebExchangeMatcher : Trying to match using PathMatcherServerWebExchangeMatcher{pattern='/login', method=POST}
2024-12-24T01:46:52.777+03:00 DEBUG 8752 --- [     parallel-3] athPatternParserServerWebExchangeMatcher : Request 'GET /posts' doesn't match 'POST /login'
2024-12-24T01:46:52.778+03:00 DEBUG 8752 --- [     parallel-3] o.s.s.w.s.u.m.OrServerWebExchangeMatcher : No matches found
2024-12-24T01:46:52.780+03:00 DEBUG 8752 --- [     parallel-4] o.s.w.s.s.DefaultWebSessionManager       : Created new WebSession.
2024-12-24T01:46:52.781+03:00 DEBUG 8752 --- [     parallel-4] o.s.s.w.s.u.m.OrServerWebExchangeMatcher : Trying to match using PathMatcherServerWebExchangeMatcher{pattern='/logout', method=POST}
2024-12-24T01:46:52.782+03:00 DEBUG 8752 --- [     parallel-4] athPatternParserServerWebExchangeMatcher : Request 'GET /posts' doesn't match 'POST /logout'
2024-12-24T01:46:52.783+03:00 DEBUG 8752 --- [     parallel-4] o.s.s.w.s.u.m.OrServerWebExchangeMatcher : No matches found
2024-12-24T01:46:52.786+03:00 DEBUG 8752 --- [     parallel-4] o.s.s.w.s.u.m.OrServerWebExchangeMatcher : Trying to match using PathMatcherServerWebExchangeMatcher{pattern='/', method=null}
2024-12-24T01:46:52.787+03:00 DEBUG 8752 --- [     parallel-4] athPatternParserServerWebExchangeMatcher : Request 'GET /posts' doesn't match 'null /'
2024-12-24T01:46:52.793+03:00 DEBUG 8752 --- [     parallel-4] o.s.s.w.s.u.m.OrServerWebExchangeMatcher : Trying to match using PathMatcherServerWebExchangeMatcher{pattern='/login', method=null}
2024-12-24T01:46:52.813+03:00 DEBUG 8752 --- [     parallel-4] athPatternParserServerWebExchangeMatcher : Request 'GET /posts' doesn't match 'null /login'
2024-12-24T01:46:52.817+03:00 DEBUG 8752 --- [     parallel-4] o.s.s.w.s.u.m.OrServerWebExchangeMatcher : Trying to match using PathMatcherServerWebExchangeMatcher{pattern='/logout', method=null}
2024-12-24T01:46:52.820+03:00 DEBUG 8752 --- [     parallel-4] athPatternParserServerWebExchangeMatcher : Request 'GET /posts' doesn't match 'null /logout'
2024-12-24T01:46:52.823+03:00 DEBUG 8752 --- [     parallel-4] o.s.s.w.s.u.m.OrServerWebExchangeMatcher : No matches found
2024-12-24T01:46:52.828+03:00 DEBUG 8752 --- [     parallel-4] o.s.s.w.s.u.m.OrServerWebExchangeMatcher : Trying to match using PathMatcherServerWebExchangeMatcher{pattern='/posts/**', method=GET}
2024-12-24T01:46:52.830+03:00 DEBUG 8752 --- [     parallel-4] athPatternParserServerWebExchangeMatcher : Checking match of request : '/posts'; against '/posts/**'
2024-12-24T01:46:52.831+03:00 DEBUG 8752 --- [     parallel-4] o.s.s.w.s.u.m.OrServerWebExchangeMatcher : matched
2024-12-24T01:46:52.832+03:00 DEBUG 8752 --- [     parallel-4] a.DelegatingReactiveAuthorizationManager : Checking authorization on '/posts' using org.springframework.security.config.web.server.ServerHttpSecurity$AuthorizeExchangeSpec$Access$$Lambda$1018/0x0000020e40670660@32a58016
2024-12-24T01:46:52.840+03:00 DEBUG 8752 --- [     parallel-4] o.s.s.w.s.a.AuthorizationWebFilter       : Authorization successful
2024-12-24T01:46:52.842+03:00 DEBUG 8752 --- [     parallel-4] o.s.s.w.s.u.m.OrServerWebExchangeMatcher : Trying to match using PathMatcherServerWebExchangeMatcher{pattern='/login', method=POST}
2024-12-24T01:46:52.846+03:00 DEBUG 8752 --- [     parallel-4] athPatternParserServerWebExchangeMatcher : Request 'GET /posts' doesn't match 'POST /login'
2024-12-24T01:46:52.848+03:00 DEBUG 8752 --- [     parallel-4] o.s.s.w.s.u.m.OrServerWebExchangeMatcher : No matches found
2024-12-24T01:46:52.850+03:00 DEBUG 8752 --- [     parallel-4] o.s.s.w.s.u.m.OrServerWebExchangeMatcher : Trying to match using PathMatcherServerWebExchangeMatcher{pattern='/logout', method=POST}
2024-12-24T01:46:52.854+03:00 DEBUG 8752 --- [     parallel-4] athPatternParserServerWebExchangeMatcher : Request 'GET /posts' doesn't match 'POST /logout'
2024-12-24T01:46:52.857+03:00 DEBUG 8752 --- [     parallel-4] o.s.s.w.s.u.m.OrServerWebExchangeMatcher : No matches found
2024-12-24T01:46:52.859+03:00 DEBUG 8752 --- [     parallel-4] s.w.r.r.m.a.RequestMappingHandlerMapping : [46777691] Mapped to com.example.demo.interfaces.PostController#all(String, int, int)
2024-12-24T01:46:52.876+03:00 TRACE 8752 --- [     parallel-4] o.s.w.r.function.server.RouterFunctions  : [46777691] Matched org.springframework.web.reactive.function.server.RequestPredicates$$Lambda$1431/0x0000020e407a6f80@6b0f7c5a
2024-12-24T01:46:52.877+03:00 DEBUG 8752 --- [     parallel-4] org.springframework.web.HttpLogging      : [46777691] Resolved [NullPointerException: Cannot invoke "reactor.core.publisher.Flux.collectList()" because the return value of "com.example.demo.domain.repository.PostRepository.findByKeyword(String, int, int)" is null] for HTTP GET /posts
2024-12-24T01:46:52.877+03:00 ERROR 8752 --- [     parallel-4] a.w.r.e.AbstractErrorWebExceptionHandler : [46777691]  500 Server Error for HTTP GET "/posts"

java.lang.NullPointerException: Cannot invoke "reactor.core.publisher.Flux.collectList()" because the return value of "com.example.demo.domain.repository.PostRepository.findByKeyword(String, int, int)" is null
	at com.example.demo.interfaces.PostController.all(PostController.java:38) ~[classes/:na]
	Suppressed: reactor.core.publisher.FluxOnAssembly$OnAssemblyException: 
Error has been observed at the following site(s):
	*__checkpoint ? org.springframework.security.web.server.authentication.logout.LogoutWebFilter [DefaultWebFilterChain]
	*__checkpoint ? org.springframework.security.web.server.authentication.AuthenticationWebFilter [DefaultWebFilterChain]
	*__checkpoint ? org.springframework.security.web.server.authorization.AuthorizationWebFilter [DefaultWebFilterChain]
	*__checkpoint ? org.springframework.security.web.server.authorization.ExceptionTranslationWebFilter [DefaultWebFilterChain]
	*__checkpoint ? org.springframework.security.web.server.authentication.logout.LogoutWebFilter [DefaultWebFilterChain]
	*__checkpoint ? org.springframework.security.web.server.savedrequest.ServerRequestCacheWebFilter [DefaultWebFilterChain]
	*__checkpoint ? org.springframework.security.web.server.context.SecurityContextServerWebExchangeWebFilter [DefaultWebFilterChain]
	*__checkpoint ? org.springframework.security.web.server.authentication.AuthenticationWebFilter [DefaultWebFilterChain]
	*__checkpoint ? org.springframework.security.web.server.context.ReactorContextWebFilter [DefaultWebFilterChain]
	*__checkpoint ? org.springframework.security.web.server.header.HttpHeaderWriterWebFilter [DefaultWebFilterChain]
	*__checkpoint ? org.springframework.security.config.web.server.ServerHttpSecurity$ServerWebExchangeReactorContextWebFilter [DefaultWebFilterChain]
	*__checkpoint ? org.springframework.security.web.server.WebFilterChainProxy [DefaultWebFilterChain]
	*__checkpoint ? org.springframework.security.test.web.reactive.server.SecurityMockServerConfigurers$MutatorFilter [DefaultWebFilterChain]
	*__checkpoint ? HTTP GET "/posts" [ExceptionHandlingWebHandler]
Original Stack Trace:
		at com.example.demo.interfaces.PostController.all(PostController.java:38) ~[classes/:na]
		at java.base/jdk.internal.reflect.NativeMethodAccessorImpl.invoke0(Native Method) ~[na:na]
		at java.base/jdk.internal.reflect.NativeMethodAccessorImpl.invoke(NativeMethodAccessorImpl.java:77) ~[na:na]
		at java.base/jdk.internal.reflect.DelegatingMethodAccessorImpl.invoke(DelegatingMethodAccessorImpl.java:43) ~[na:na]
		at java.base/java.lang.reflect.Method.invoke(Method.java:569) ~[na:na]
		at org.springframework.aop.support.AopUtils.invokeJoinpointUsingReflection(AopUtils.java:343) ~[spring-aop-6.0.7.jar:6.0.7]
		at org.springframework.aop.framework.ReflectiveMethodInvocation.invokeJoinpoint(ReflectiveMethodInvocation.java:196) ~[spring-aop-6.0.7.jar:6.0.7]
		at org.springframework.aop.framework.ReflectiveMethodInvocation.proceed(ReflectiveMethodInvocation.java:163) ~[spring-aop-6.0.7.jar:6.0.7]
		at org.springframework.aop.framework.CglibAopProxy$CglibMethodInvocation.proceed(CglibAopProxy.java:750) ~[spring-aop-6.0.7.jar:6.0.7]
		at org.springframework.validation.beanvalidation.MethodValidationInterceptor.invoke(MethodValidationInterceptor.java:141) ~[spring-context-6.0.7.jar:6.0.7]
		at org.springframework.aop.framework.ReflectiveMethodInvocation.proceed(ReflectiveMethodInvocation.java:184) ~[spring-aop-6.0.7.jar:6.0.7]
		at org.springframework.aop.framework.CglibAopProxy$CglibMethodInvocation.proceed(CglibAopProxy.java:750) ~[spring-aop-6.0.7.jar:6.0.7]
		at org.springframework.aop.framework.CglibAopProxy$DynamicAdvisedInterceptor.intercept(CglibAopProxy.java:702) ~[spring-aop-6.0.7.jar:6.0.7]
		at com.example.demo.interfaces.PostController$$SpringCGLIB$$0.all(<generated>) ~[classes/:na]
		at java.base/jdk.internal.reflect.NativeMethodAccessorImpl.invoke0(Native Method) ~[na:na]
		at java.base/jdk.internal.reflect.NativeMethodAccessorImpl.invoke(NativeMethodAccessorImpl.java:77) ~[na:na]
		at java.base/jdk.internal.reflect.DelegatingMethodAccessorImpl.invoke(DelegatingMethodAccessorImpl.java:43) ~[na:na]
		at java.base/java.lang.reflect.Method.invoke(Method.java:569) ~[na:na]
		at org.springframework.web.reactive.result.method.InvocableHandlerMethod.lambda$invoke$0(InvocableHandlerMethod.java:145) ~[spring-webflux-6.0.7.jar:6.0.7]
		at reactor.core.publisher.MonoFlatMap$FlatMapMain.onNext(MonoFlatMap.java:132) ~[reactor-core-3.5.4.jar:3.5.4]
		at reactor.core.publisher.MonoZip$ZipCoordinator.signal(MonoZip.java:293) ~[reactor-core-3.5.4.jar:3.5.4]
		at reactor.core.publisher.MonoZip$ZipInner.onNext(MonoZip.java:474) ~[reactor-core-3.5.4.jar:3.5.4]
		at reactor.core.publisher.MonoPeekTerminal$MonoTerminalPeekSubscriber.onNext(MonoPeekTerminal.java:180) ~[reactor-core-3.5.4.jar:3.5.4]
		at reactor.core.publisher.FluxDefaultIfEmpty$DefaultIfEmptySubscriber.onNext(FluxDefaultIfEmpty.java:122) ~[reactor-core-3.5.4.jar:3.5.4]
		at reactor.core.publisher.FluxSwitchIfEmpty$SwitchIfEmptySubscriber.onNext(FluxSwitchIfEmpty.java:74) ~[reactor-core-3.5.4.jar:3.5.4]
		at org.springframework.security.test.context.support.ReactorContextTestExecutionListener$DelegateTestExecutionListener$SecuritySubContext.onNext(ReactorContextTestExecutionListener.java:120) ~[spring-security-test-6.0.2.jar:6.0.2]
		at reactor.core.publisher.MonoSupplier$MonoSupplierSubscription.request(MonoSupplier.java:145) ~[reactor-core-3.5.4.jar:3.5.4]
		at reactor.core.publisher.Operators$MultiSubscriptionSubscriber.set(Operators.java:2341) ~[reactor-core-3.5.4.jar:3.5.4]
		at reactor.core.publisher.Operators$MultiSubscriptionSubscriber.onSubscribe(Operators.java:2215) ~[reactor-core-3.5.4.jar:3.5.4]
		at org.springframework.security.test.context.support.ReactorContextTestExecutionListener$DelegateTestExecutionListener$SecuritySubContext.onSubscribe(ReactorContextTestExecutionListener.java:115) ~[spring-security-test-6.0.2.jar:6.0.2]
		at reactor.core.publisher.MonoSupplier.subscribe(MonoSupplier.java:48) ~[reactor-core-3.5.4.jar:3.5.4]
		at reactor.core.publisher.Mono.subscribe(Mono.java:4485) ~[reactor-core-3.5.4.jar:3.5.4]
		at reactor.core.publisher.FluxSwitchIfEmpty$SwitchIfEmptySubscriber.onComplete(FluxSwitchIfEmpty.java:82) ~[reactor-core-3.5.4.jar:3.5.4]
		at reactor.core.publisher.Operators.complete(Operators.java:137) ~[reactor-core-3.5.4.jar:3.5.4]
		at reactor.core.publisher.FluxFlatMap.trySubscribeScalarMap(FluxFlatMap.java:145) ~[reactor-core-3.5.4.jar:3.5.4]
		at reactor.core.publisher.MonoFlatMap.subscribeOrReturn(MonoFlatMap.java:53) ~[reactor-core-3.5.4.jar:3.5.4]
		at reactor.core.publisher.InternalMonoOperator.subscribe(InternalMonoOperator.java:57) ~[reactor-core-3.5.4.jar:3.5.4]
		at reactor.core.publisher.MonoZip$ZipCoordinator.request(MonoZip.java:216) ~[reactor-core-3.5.4.jar:3.5.4]
		at reactor.core.publisher.MonoFlatMap$FlatMapMain.request(MonoFlatMap.java:194) ~[reactor-core-3.5.4.jar:3.5.4]
		at reactor.core.publisher.MonoIgnoreThen$ThenIgnoreMain.onSubscribe(MonoIgnoreThen.java:134) ~[reactor-core-3.5.4.jar:3.5.4]
		at reactor.core.publisher.MonoFlatMap$FlatMapMain.onSubscribe(MonoFlatMap.java:117) ~[reactor-core-3.5.4.jar:3.5.4]
		at reactor.core.publisher.MonoZip.subscribe(MonoZip.java:125) ~[reactor-core-3.5.4.jar:3.5.4]
		at reactor.core.publisher.InternalMonoOperator.subscribe(InternalMonoOperator.java:64) ~[reactor-core-3.5.4.jar:3.5.4]
		at reactor.core.publisher.MonoDefer.subscribe(MonoDefer.java:52) ~[reactor-core-3.5.4.jar:3.5.4]
		at reactor.core.publisher.MonoIgnoreThen$ThenIgnoreMain.subscribeNext(MonoIgnoreThen.java:240) ~[reactor-core-3.5.4.jar:3.5.4]
		at reactor.core.publisher.MonoIgnoreThen$ThenIgnoreMain.onComplete(MonoIgnoreThen.java:203) ~[reactor-core-3.5.4.jar:3.5.4]
		at org.springframework.security.test.context.support.ReactorContextTestExecutionListener$DelegateTestExecutionListener$SecuritySubContext.onComplete(ReactorContextTestExecutionListener.java:130) ~[spring-security-test-6.0.2.jar:6.0.2]
		at reactor.core.publisher.MonoFlatMap$FlatMapMain.onComplete(MonoFlatMap.java:189) ~[reactor-core-3.5.4.jar:3.5.4]
		at reactor.core.publisher.Operators.complete(Operators.java:137) ~[reactor-core-3.5.4.jar:3.5.4]
		at reactor.core.publisher.MonoZip.subscribe(MonoZip.java:121) ~[reactor-core-3.5.4.jar:3.5.4]
		at reactor.core.publisher.Mono.subscribe(Mono.java:4485) ~[reactor-core-3.5.4.jar:3.5.4]
		at reactor.core.publisher.MonoIgnoreThen$ThenIgnoreMain.subscribeNext(MonoIgnoreThen.java:263) ~[reactor-core-3.5.4.jar:3.5.4]
		at reactor.core.publisher.MonoIgnoreThen.subscribe(MonoIgnoreThen.java:51) ~[reactor-core-3.5.4.jar:3.5.4]
		at reactor.core.publisher.InternalMonoOperator.subscribe(InternalMonoOperator.java:64) ~[reactor-core-3.5.4.jar:3.5.4]
		at reactor.core.publisher.MonoFlatMap$FlatMapMain.onNext(MonoFlatMap.java:165) ~[reactor-core-3.5.4.jar:3.5.4]
		at reactor.core.publisher.FluxOnErrorResume$ResumeSubscriber.onNext(FluxOnErrorResume.java:79) ~[reactor-core-3.5.4.jar:3.5.4]
		at reactor.core.publisher.FluxSwitchIfEmpty$SwitchIfEmptySubscriber.onNext(FluxSwitchIfEmpty.java:74) ~[reactor-core-3.5.4.jar:3.5.4]
		at reactor.core.publisher.MonoNext$NextSubscriber.onNext(MonoNext.java:82) ~[reactor-core-3.5.4.jar:3.5.4]
		at reactor.core.publisher.FluxConcatMapNoPrefetch$FluxConcatMapNoPrefetchSubscriber.innerNext(FluxConcatMapNoPrefetch.java:258) ~[reactor-core-3.5.4.jar:3.5.4]
		at reactor.core.publisher.FluxConcatMap$ConcatMapInner.onNext(FluxConcatMap.java:863) ~[reactor-core-3.5.4.jar:3.5.4]
		at org.springframework.security.test.context.support.ReactorContextTestExecutionListener$DelegateTestExecutionListener$SecuritySubContext.onNext(ReactorContextTestExecutionListener.java:120) ~[spring-security-test-6.0.2.jar:6.0.2]
		at reactor.core.publisher.FluxMapFuseable$MapFuseableSubscriber.onNext(FluxMapFuseable.java:129) ~[reactor-core-3.5.4.jar:3.5.4]
		at reactor.core.publisher.MonoPeekTerminal$MonoTerminalPeekSubscriber.onNext(MonoPeekTerminal.java:180) ~[reactor-core-3.5.4.jar:3.5.4]
		at reactor.core.publisher.Operators$ScalarSubscription.request(Operators.java:2545) ~[reactor-core-3.5.4.jar:3.5.4]
		at reactor.core.publisher.MonoPeekTerminal$MonoTerminalPeekSubscriber.request(MonoPeekTerminal.java:139) ~[reactor-core-3.5.4.jar:3.5.4]
		at reactor.core.publisher.FluxMapFuseable$MapFuseableSubscriber.request(FluxMapFuseable.java:171) ~[reactor-core-3.5.4.jar:3.5.4]
		at reactor.core.publisher.Operators$MultiSubscriptionSubscriber.request(Operators.java:2305) ~[reactor-core-3.5.4.jar:3.5.4]
		at reactor.core.publisher.FluxConcatMapNoPrefetch$FluxConcatMapNoPrefetchSubscriber.request(FluxConcatMapNoPrefetch.java:338) ~[reactor-core-3.5.4.jar:3.5.4]
		at reactor.core.publisher.MonoNext$NextSubscriber.request(MonoNext.java:108) ~[reactor-core-3.5.4.jar:3.5.4]
		at reactor.core.publisher.Operators$MultiSubscriptionSubscriber.set(Operators.java:2341) ~[reactor-core-3.5.4.jar:3.5.4]
		at reactor.core.publisher.Operators$MultiSubscriptionSubscriber.onSubscribe(Operators.java:2215) ~[reactor-core-3.5.4.jar:3.5.4]
		at reactor.core.publisher.MonoNext$NextSubscriber.onSubscribe(MonoNext.java:70) ~[reactor-core-3.5.4.jar:3.5.4]
		at reactor.core.publisher.FluxConcatMapNoPrefetch$FluxConcatMapNoPrefetchSubscriber.onSubscribe(FluxConcatMapNoPrefetch.java:164) ~[reactor-core-3.5.4.jar:3.5.4]
		at reactor.core.publisher.FluxIterable.subscribe(FluxIterable.java:201) ~[reactor-core-3.5.4.jar:3.5.4]
		at reactor.core.publisher.FluxIterable.subscribe(FluxIterable.java:83) ~[reactor-core-3.5.4.jar:3.5.4]
		at reactor.core.publisher.InternalMonoOperator.subscribe(InternalMonoOperator.java:64) ~[reactor-core-3.5.4.jar:3.5.4]
		at reactor.core.publisher.MonoDefer.subscribe(MonoDefer.java:52) ~[reactor-core-3.5.4.jar:3.5.4]
		at reactor.core.publisher.Mono.subscribe(Mono.java:4485) ~[reactor-core-3.5.4.jar:3.5.4]
		at reactor.core.publisher.MonoIgnoreThen$ThenIgnoreMain.subscribeNext(MonoIgnoreThen.java:263) ~[reactor-core-3.5.4.jar:3.5.4]
		at reactor.core.publisher.MonoIgnoreThen.subscribe(MonoIgnoreThen.java:51) ~[reactor-core-3.5.4.jar:3.5.4]
		at reactor.core.publisher.Mono.subscribe(Mono.java:4485) ~[reactor-core-3.5.4.jar:3.5.4]
		at reactor.core.publisher.FluxSwitchIfEmpty$SwitchIfEmptySubscriber.onComplete(FluxSwitchIfEmpty.java:82) ~[reactor-core-3.5.4.jar:3.5.4]
		at reactor.core.publisher.FluxFilter$FilterSubscriber.onComplete(FluxFilter.java:166) ~[reactor-core-3.5.4.jar:3.5.4]
		at reactor.core.publisher.FluxPeekFuseable$PeekConditionalSubscriber.onComplete(FluxPeekFuseable.java:940) ~[reactor-core-3.5.4.jar:3.5.4]
		at reactor.core.publisher.FluxSwitchIfEmpty$SwitchIfEmptySubscriber.onComplete(FluxSwitchIfEmpty.java:85) ~[reactor-core-3.5.4.jar:3.5.4]
		at org.springframework.security.test.context.support.ReactorContextTestExecutionListener$DelegateTestExecutionListener$SecuritySubContext.onComplete(ReactorContextTestExecutionListener.java:130) ~[spring-security-test-6.0.2.jar:6.0.2]
		at reactor.core.publisher.Operators$ScalarSubscription.request(Operators.java:2547) ~[reactor-core-3.5.4.jar:3.5.4]
		at reactor.core.publisher.Operators$MultiSubscriptionSubscriber.set(Operators.java:2341) ~[reactor-core-3.5.4.jar:3.5.4]
		at reactor.core.publisher.Operators$MultiSubscriptionSubscriber.onSubscribe(Operators.java:2215) ~[reactor-core-3.5.4.jar:3.5.4]
		at org.springframework.security.test.context.support.ReactorContextTestExecutionListener$DelegateTestExecutionListener$SecuritySubContext.onSubscribe(ReactorContextTestExecutionListener.java:115) ~[spring-security-test-6.0.2.jar:6.0.2]
		at reactor.core.publisher.MonoJust.subscribe(MonoJust.java:55) ~[reactor-core-3.5.4.jar:3.5.4]
		at reactor.core.publisher.Mono.subscribe(Mono.java:4485) ~[reactor-core-3.5.4.jar:3.5.4]
		at reactor.core.publisher.FluxSwitchIfEmpty$SwitchIfEmptySubscriber.onComplete(FluxSwitchIfEmpty.java:82) ~[reactor-core-3.5.4.jar:3.5.4]
		at reactor.core.publisher.MonoNext$NextSubscriber.onComplete(MonoNext.java:102) ~[reactor-core-3.5.4.jar:3.5.4]
		at reactor.core.publisher.FluxFilter$FilterSubscriber.onComplete(FluxFilter.java:166) ~[reactor-core-3.5.4.jar:3.5.4]
		at reactor.core.publisher.FluxFlatMap$FlatMapMain.checkTerminated(FluxFlatMap.java:847) ~[reactor-core-3.5.4.jar:3.5.4]
		at reactor.core.publisher.FluxFlatMap$FlatMapMain.drainLoop(FluxFlatMap.java:609) ~[reactor-core-3.5.4.jar:3.5.4]
		at reactor.core.publisher.FluxFlatMap$FlatMapMain.drain(FluxFlatMap.java:589) ~[reactor-core-3.5.4.jar:3.5.4]
		at reactor.core.publisher.FluxFlatMap$FlatMapMain.onComplete(FluxFlatMap.java:466) ~[reactor-core-3.5.4.jar:3.5.4]
		at reactor.core.publisher.FluxPeekFuseable$PeekFuseableSubscriber.onComplete(FluxPeekFuseable.java:277) ~[reactor-core-3.5.4.jar:3.5.4]
		at reactor.core.publisher.FluxIterable$IterableSubscription.slowPath(FluxIterable.java:357) ~[reactor-core-3.5.4.jar:3.5.4]
		at reactor.core.publisher.FluxIterable$IterableSubscription.request(FluxIterable.java:294) ~[reactor-core-3.5.4.jar:3.5.4]
		at reactor.core.publisher.FluxPeekFuseable$PeekFuseableSubscriber.request(FluxPeekFuseable.java:144) ~[reactor-core-3.5.4.jar:3.5.4]
		at reactor.core.publisher.FluxFlatMap$FlatMapMain.onSubscribe(FluxFlatMap.java:371) ~[reactor-core-3.5.4.jar:3.5.4]
		at reactor.core.publisher.FluxPeekFuseable$PeekFuseableSubscriber.onSubscribe(FluxPeekFuseable.java:178) ~[reactor-core-3.5.4.jar:3.5.4]
		at reactor.core.publisher.FluxIterable.subscribe(FluxIterable.java:201) ~[reactor-core-3.5.4.jar:3.5.4]
		at reactor.core.publisher.FluxIterable.subscribe(FluxIterable.java:83) ~[reactor-core-3.5.4.jar:3.5.4]
		at reactor.core.publisher.InternalMonoOperator.subscribe(InternalMonoOperator.java:64) ~[reactor-core-3.5.4.jar:3.5.4]
		at reactor.core.publisher.MonoDefer.subscribe(MonoDefer.java:52) ~[reactor-core-3.5.4.jar:3.5.4]
		at reactor.core.publisher.Mono.subscribe(Mono.java:4485) ~[reactor-core-3.5.4.jar:3.5.4]
		at reactor.core.publisher.MonoIgnoreThen$ThenIgnoreMain.subscribeNext(MonoIgnoreThen.java:263) ~[reactor-core-3.5.4.jar:3.5.4]
		at reactor.core.publisher.MonoIgnoreThen.subscribe(MonoIgnoreThen.java:51) ~[reactor-core-3.5.4.jar:3.5.4]
		at reactor.core.publisher.Mono.subscribe(Mono.java:4485) ~[reactor-core-3.5.4.jar:3.5.4]
		at reactor.core.publisher.FluxSwitchIfEmpty$SwitchIfEmptySubscriber.onComplete(FluxSwitchIfEmpty.java:82) ~[reactor-core-3.5.4.jar:3.5.4]
		at reactor.core.publisher.MonoFlatMap$FlatMapMain.onComplete(MonoFlatMap.java:189) ~[reactor-core-3.5.4.jar:3.5.4]
		at reactor.core.publisher.FluxFilter$FilterSubscriber.onComplete(FluxFilter.java:166) ~[reactor-core-3.5.4.jar:3.5.4]
		at reactor.core.publisher.FluxPeekFuseable$PeekConditionalSubscriber.onComplete(FluxPeekFuseable.java:940) ~[reactor-core-3.5.4.jar:3.5.4]
		at reactor.core.publisher.FluxSwitchIfEmpty$SwitchIfEmptySubscriber.onComplete(FluxSwitchIfEmpty.java:85) ~[reactor-core-3.5.4.jar:3.5.4]
		at org.springframework.security.test.context.support.ReactorContextTestExecutionListener$DelegateTestExecutionListener$SecuritySubContext.onComplete(ReactorContextTestExecutionListener.java:130) ~[spring-security-test-6.0.2.jar:6.0.2]
		at reactor.core.publisher.Operators$ScalarSubscription.request(Operators.java:2547) ~[reactor-core-3.5.4.jar:3.5.4]
		at reactor.core.publisher.Operators$MultiSubscriptionSubscriber.set(Operators.java:2341) ~[reactor-core-3.5.4.jar:3.5.4]
		at reactor.core.publisher.Operators$MultiSubscriptionSubscriber.onSubscribe(Operators.java:2215) ~[reactor-core-3.5.4.jar:3.5.4]
		at org.springframework.security.test.context.support.ReactorContextTestExecutionListener$DelegateTestExecutionListener$SecuritySubContext.onSubscribe(ReactorContextTestExecutionListener.java:115) ~[spring-security-test-6.0.2.jar:6.0.2]
		at reactor.core.publisher.MonoJust.subscribe(MonoJust.java:55) ~[reactor-core-3.5.4.jar:3.5.4]
		at reactor.core.publisher.Mono.subscribe(Mono.java:4485) ~[reactor-core-3.5.4.jar:3.5.4]
		at reactor.core.publisher.FluxSwitchIfEmpty$SwitchIfEmptySubscriber.onComplete(FluxSwitchIfEmpty.java:82) ~[reactor-core-3.5.4.jar:3.5.4]
		at reactor.core.publisher.MonoNext$NextSubscriber.onComplete(MonoNext.java:102) ~[reactor-core-3.5.4.jar:3.5.4]
		at reactor.core.publisher.FluxFilter$FilterSubscriber.onComplete(FluxFilter.java:166) ~[reactor-core-3.5.4.jar:3.5.4]
		at reactor.core.publisher.FluxFlatMap$FlatMapMain.checkTerminated(FluxFlatMap.java:847) ~[reactor-core-3.5.4.jar:3.5.4]
		at reactor.core.publisher.FluxFlatMap$FlatMapMain.drainLoop(FluxFlatMap.java:609) ~[reactor-core-3.5.4.jar:3.5.4]
		at reactor.core.publisher.FluxFlatMap$FlatMapMain.drain(FluxFlatMap.java:589) ~[reactor-core-3.5.4.jar:3.5.4]
		at reactor.core.publisher.FluxFlatMap$FlatMapMain.onComplete(FluxFlatMap.java:466) ~[reactor-core-3.5.4.jar:3.5.4]
		at reactor.core.publisher.FluxPeekFuseable$PeekFuseableSubscriber.onComplete(FluxPeekFuseable.java:277) ~[reactor-core-3.5.4.jar:3.5.4]
		at reactor.core.publisher.FluxIterable$IterableSubscription.slowPath(FluxIterable.java:357) ~[reactor-core-3.5.4.jar:3.5.4]
		at reactor.core.publisher.FluxIterable$IterableSubscription.request(FluxIterable.java:294) ~[reactor-core-3.5.4.jar:3.5.4]
		at reactor.core.publisher.FluxPeekFuseable$PeekFuseableSubscriber.request(FluxPeekFuseable.java:144) ~[reactor-core-3.5.4.jar:3.5.4]
		at reactor.core.publisher.FluxFlatMap$FlatMapMain.onSubscribe(FluxFlatMap.java:371) ~[reactor-core-3.5.4.jar:3.5.4]
		at reactor.core.publisher.FluxPeekFuseable$PeekFuseableSubscriber.onSubscribe(FluxPeekFuseable.java:178) ~[reactor-core-3.5.4.jar:3.5.4]
		at reactor.core.publisher.FluxIterable.subscribe(FluxIterable.java:201) ~[reactor-core-3.5.4.jar:3.5.4]
		at reactor.core.publisher.FluxIterable.subscribe(FluxIterable.java:83) ~[reactor-core-3.5.4.jar:3.5.4]
		at reactor.core.publisher.InternalMonoOperator.subscribe(InternalMonoOperator.java:64) ~[reactor-core-3.5.4.jar:3.5.4]
		at reactor.core.publisher.MonoDefer.subscribe(MonoDefer.java:52) ~[reactor-core-3.5.4.jar:3.5.4]
		at reactor.core.publisher.MonoDefer.subscribe(MonoDefer.java:52) ~[reactor-core-3.5.4.jar:3.5.4]
		at reactor.core.publisher.Mono.subscribe(Mono.java:4485) ~[reactor-core-3.5.4.jar:3.5.4]
		at reactor.core.publisher.FluxSwitchIfEmpty$SwitchIfEmptySubscriber.onComplete(FluxSwitchIfEmpty.java:82) ~[reactor-core-3.5.4.jar:3.5.4]
		at reactor.core.publisher.MonoPeekTerminal$MonoTerminalPeekSubscriber.onComplete(MonoPeekTerminal.java:299) ~[reactor-core-3.5.4.jar:3.5.4]
		at reactor.core.publisher.MonoPeekTerminal$MonoTerminalPeekSubscriber.onComplete(MonoPeekTerminal.java:299) ~[reactor-core-3.5.4.jar:3.5.4]
		at reactor.core.publisher.MonoFlatMap$FlatMapMain.onNext(MonoFlatMap.java:155) ~[reactor-core-3.5.4.jar:3.5.4]
		at reactor.core.publisher.FluxSwitchIfEmpty$SwitchIfEmptySubscriber.onNext(FluxSwitchIfEmpty.java:74) ~[reactor-core-3.5.4.jar:3.5.4]
		at reactor.core.publisher.FluxFilter$FilterSubscriber.onNext(FluxFilter.java:113) ~[reactor-core-3.5.4.jar:3.5.4]
		at reactor.core.publisher.FluxDefaultIfEmpty$DefaultIfEmptySubscriber.onNext(FluxDefaultIfEmpty.java:122) ~[reactor-core-3.5.4.jar:3.5.4]
		at reactor.core.publisher.MonoNext$NextSubscriber.onNext(MonoNext.java:82) ~[reactor-core-3.5.4.jar:3.5.4]
		at reactor.core.publisher.FluxConcatMapNoPrefetch$FluxConcatMapNoPrefetchSubscriber.innerNext(FluxConcatMapNoPrefetch.java:258) ~[reactor-core-3.5.4.jar:3.5.4]
		at reactor.core.publisher.FluxConcatMap$ConcatMapInner.onNext(FluxConcatMap.java:863) ~[reactor-core-3.5.4.jar:3.5.4]
		at org.springframework.security.test.context.support.ReactorContextTestExecutionListener$DelegateTestExecutionListener$SecuritySubContext.onNext(ReactorContextTestExecutionListener.java:120) ~[spring-security-test-6.0.2.jar:6.0.2]
		at reactor.core.publisher.MonoFlatMap$FlatMapMain.onNext(MonoFlatMap.java:158) ~[reactor-core-3.5.4.jar:3.5.4]
		at reactor.core.publisher.FluxMap$MapSubscriber.onNext(FluxMap.java:122) ~[reactor-core-3.5.4.jar:3.5.4]
		at reactor.core.publisher.FluxFilter$FilterSubscriber.onNext(FluxFilter.java:113) ~[reactor-core-3.5.4.jar:3.5.4]
		at reactor.core.publisher.FluxPeekFuseable$PeekConditionalSubscriber.onNext(FluxPeekFuseable.java:854) ~[reactor-core-3.5.4.jar:3.5.4]
		at reactor.core.publisher.FluxSwitchIfEmpty$SwitchIfEmptySubscriber.onNext(FluxSwitchIfEmpty.java:74) ~[reactor-core-3.5.4.jar:3.5.4]
		at reactor.core.publisher.MonoNext$NextSubscriber.onNext(MonoNext.java:82) ~[reactor-core-3.5.4.jar:3.5.4]
		at reactor.core.publisher.FluxFilter$FilterSubscriber.onNext(FluxFilter.java:113) ~[reactor-core-3.5.4.jar:3.5.4]
		at reactor.core.publisher.FluxFlatMap$FlatMapMain.tryEmitScalar(FluxFlatMap.java:489) ~[reactor-core-3.5.4.jar:3.5.4]
		at reactor.core.publisher.FluxFlatMap$FlatMapMain.onNext(FluxFlatMap.java:422) ~[reactor-core-3.5.4.jar:3.5.4]
		at reactor.core.publisher.FluxPeekFuseable$PeekFuseableSubscriber.onNext(FluxPeekFuseable.java:210) ~[reactor-core-3.5.4.jar:3.5.4]
		at reactor.core.publisher.FluxIterable$IterableSubscription.slowPath(FluxIterable.java:335) ~[reactor-core-3.5.4.jar:3.5.4]
		at reactor.core.publisher.FluxIterable$IterableSubscription.request(FluxIterable.java:294) ~[reactor-core-3.5.4.jar:3.5.4]
		at reactor.core.publisher.FluxPeekFuseable$PeekFuseableSubscriber.request(FluxPeekFuseable.java:144) ~[reactor-core-3.5.4.jar:3.5.4]
		at reactor.core.publisher.FluxFlatMap$FlatMapMain.onSubscribe(FluxFlatMap.java:371) ~[reactor-core-3.5.4.jar:3.5.4]
		at reactor.core.publisher.FluxPeekFuseable$PeekFuseableSubscriber.onSubscribe(FluxPeekFuseable.java:178) ~[reactor-core-3.5.4.jar:3.5.4]
		at reactor.core.publisher.FluxIterable.subscribe(FluxIterable.java:201) ~[reactor-core-3.5.4.jar:3.5.4]
		at reactor.core.publisher.FluxIterable.subscribe(FluxIterable.java:83) ~[reactor-core-3.5.4.jar:3.5.4]
		at reactor.core.publisher.Mono.subscribe(Mono.java:4485) ~[reactor-core-3.5.4.jar:3.5.4]
		at reactor.core.publisher.FluxConcatMapNoPrefetch$FluxConcatMapNoPrefetchSubscriber.onNext(FluxConcatMapNoPrefetch.java:206) ~[reactor-core-3.5.4.jar:3.5.4]
		at reactor.core.publisher.FluxIterable$IterableSubscription.slowPath(FluxIterable.java:335) ~[reactor-core-3.5.4.jar:3.5.4]
		at reactor.core.publisher.FluxIterable$IterableSubscription.request(FluxIterable.java:294) ~[reactor-core-3.5.4.jar:3.5.4]
		at reactor.core.publisher.FluxConcatMapNoPrefetch$FluxConcatMapNoPrefetchSubscriber.innerComplete(FluxConcatMapNoPrefetch.java:274) ~[reactor-core-3.5.4.jar:3.5.4]
		at reactor.core.publisher.FluxConcatMap$ConcatMapInner.onComplete(FluxConcatMap.java:887) ~[reactor-core-3.5.4.jar:3.5.4]
		at org.springframework.security.test.context.support.ReactorContextTestExecutionListener$DelegateTestExecutionListener$SecuritySubContext.onComplete(ReactorContextTestExecutionListener.java:130) ~[spring-security-test-6.0.2.jar:6.0.2]
		at reactor.core.publisher.MonoFlatMap$FlatMapMain.onComplete(MonoFlatMap.java:189) ~[reactor-core-3.5.4.jar:3.5.4]
		at reactor.core.publisher.FluxMap$MapSubscriber.onComplete(FluxMap.java:144) ~[reactor-core-3.5.4.jar:3.5.4]
		at reactor.core.publisher.FluxFilter$FilterSubscriber.onComplete(FluxFilter.java:166) ~[reactor-core-3.5.4.jar:3.5.4]
		at reactor.core.publisher.FluxPeekFuseable$PeekConditionalSubscriber.onComplete(FluxPeekFuseable.java:940) ~[reactor-core-3.5.4.jar:3.5.4]
		at reactor.core.publisher.FluxSwitchIfEmpty$SwitchIfEmptySubscriber.onComplete(FluxSwitchIfEmpty.java:85) ~[reactor-core-3.5.4.jar:3.5.4]
		at org.springframework.security.test.context.support.ReactorContextTestExecutionListener$DelegateTestExecutionListener$SecuritySubContext.onComplete(ReactorContextTestExecutionListener.java:130) ~[spring-security-test-6.0.2.jar:6.0.2]
		at reactor.core.publisher.Operators$ScalarSubscription.request(Operators.java:2547) ~[reactor-core-3.5.4.jar:3.5.4]
		at reactor.core.publisher.Operators$MultiSubscriptionSubscriber.set(Operators.java:2341) ~[reactor-core-3.5.4.jar:3.5.4]
		at reactor.core.publisher.Operators$MultiSubscriptionSubscriber.onSubscribe(Operators.java:2215) ~[reactor-core-3.5.4.jar:3.5.4]
		at org.springframework.security.test.context.support.ReactorContextTestExecutionListener$DelegateTestExecutionListener$SecuritySubContext.onSubscribe(ReactorContextTestExecutionListener.java:115) ~[spring-security-test-6.0.2.jar:6.0.2]
		at reactor.core.publisher.MonoJust.subscribe(MonoJust.java:55) ~[reactor-core-3.5.4.jar:3.5.4]
		at reactor.core.publisher.Mono.subscribe(Mono.java:4485) ~[reactor-core-3.5.4.jar:3.5.4]
		at reactor.core.publisher.FluxSwitchIfEmpty$SwitchIfEmptySubscriber.onComplete(FluxSwitchIfEmpty.java:82) ~[reactor-core-3.5.4.jar:3.5.4]
		at reactor.core.publisher.MonoNext$NextSubscriber.onComplete(MonoNext.java:102) ~[reactor-core-3.5.4.jar:3.5.4]
		at reactor.core.publisher.FluxFilter$FilterSubscriber.onComplete(FluxFilter.java:166) ~[reactor-core-3.5.4.jar:3.5.4]
		at reactor.core.publisher.FluxFlatMap$FlatMapMain.checkTerminated(FluxFlatMap.java:847) ~[reactor-core-3.5.4.jar:3.5.4]
		at reactor.core.publisher.FluxFlatMap$FlatMapMain.drainLoop(FluxFlatMap.java:609) ~[reactor-core-3.5.4.jar:3.5.4]
		at reactor.core.publisher.FluxFlatMap$FlatMapMain.drain(FluxFlatMap.java:589) ~[reactor-core-3.5.4.jar:3.5.4]
		at reactor.core.publisher.FluxFlatMap$FlatMapMain.request(FluxFlatMap.java:347) ~[reactor-core-3.5.4.jar:3.5.4]
		at reactor.core.publisher.FluxFilter$FilterSubscriber.request(FluxFilter.java:186) ~[reactor-core-3.5.4.jar:3.5.4]
		at reactor.core.publisher.MonoNext$NextSubscriber.request(MonoNext.java:108) ~[reactor-core-3.5.4.jar:3.5.4]
		at reactor.core.publisher.Operators$MultiSubscriptionSubscriber.request(Operators.java:2305) ~[reactor-core-3.5.4.jar:3.5.4]
		at reactor.core.publisher.FluxPeekFuseable$PeekConditionalSubscriber.request(FluxPeekFuseable.java:783) ~[reactor-core-3.5.4.jar:3.5.4]
		at reactor.core.publisher.FluxFilter$FilterSubscriber.request(FluxFilter.java:186) ~[reactor-core-3.5.4.jar:3.5.4]
		at reactor.core.publisher.FluxMap$MapSubscriber.request(FluxMap.java:164) ~[reactor-core-3.5.4.jar:3.5.4]
		at reactor.core.publisher.MonoFlatMap$FlatMapMain.request(MonoFlatMap.java:194) ~[reactor-core-3.5.4.jar:3.5.4]
		at reactor.core.publisher.Operators$MultiSubscriptionSubscriber.request(Operators.java:2305) ~[reactor-core-3.5.4.jar:3.5.4]
		at reactor.core.publisher.FluxConcatMapNoPrefetch$FluxConcatMapNoPrefetchSubscriber.request(FluxConcatMapNoPrefetch.java:338) ~[reactor-core-3.5.4.jar:3.5.4]
		at reactor.core.publisher.MonoNext$NextSubscriber.request(MonoNext.java:108) ~[reactor-core-3.5.4.jar:3.5.4]
		at reactor.core.publisher.FluxDefaultIfEmpty$DefaultIfEmptySubscriber.request(FluxDefaultIfEmpty.java:98) ~[reactor-core-3.5.4.jar:3.5.4]
		at reactor.core.publisher.FluxFilter$FilterSubscriber.request(FluxFilter.java:186) ~[reactor-core-3.5.4.jar:3.5.4]
		at reactor.core.publisher.Operators$MultiSubscriptionSubscriber.set(Operators.java:2341) ~[reactor-core-3.5.4.jar:3.5.4]
		at reactor.core.publisher.Operators$MultiSubscriptionSubscriber.onSubscribe(Operators.java:2215) ~[reactor-core-3.5.4.jar:3.5.4]
		at reactor.core.publisher.FluxFilter$FilterSubscriber.onSubscribe(FluxFilter.java:85) ~[reactor-core-3.5.4.jar:3.5.4]
		at reactor.core.publisher.Operators$BaseFluxToMonoOperator.onSubscribe(Operators.java:2025) ~[reactor-core-3.5.4.jar:3.5.4]
		at reactor.core.publisher.MonoNext$NextSubscriber.onSubscribe(MonoNext.java:70) ~[reactor-core-3.5.4.jar:3.5.4]
		at reactor.core.publisher.FluxConcatMapNoPrefetch$FluxConcatMapNoPrefetchSubscriber.onSubscribe(FluxConcatMapNoPrefetch.java:164) ~[reactor-core-3.5.4.jar:3.5.4]
		at reactor.core.publisher.FluxIterable.subscribe(FluxIterable.java:201) ~[reactor-core-3.5.4.jar:3.5.4]
		at reactor.core.publisher.FluxIterable.subscribe(FluxIterable.java:83) ~[reactor-core-3.5.4.jar:3.5.4]
		at reactor.core.publisher.InternalMonoOperator.subscribe(InternalMonoOperator.java:64) ~[reactor-core-3.5.4.jar:3.5.4]
		at reactor.core.publisher.MonoDefer.subscribe(MonoDefer.java:52) ~[reactor-core-3.5.4.jar:3.5.4]
		at reactor.core.publisher.InternalMonoOperator.subscribe(InternalMonoOperator.java:64) ~[reactor-core-3.5.4.jar:3.5.4]
		at reactor.core.publisher.MonoDefer.subscribe(MonoDefer.java:52) ~[reactor-core-3.5.4.jar:3.5.4]
		at reactor.core.publisher.Mono.subscribe(Mono.java:4485) ~[reactor-core-3.5.4.jar:3.5.4]
		at reactor.core.publisher.MonoIgnoreThen$ThenIgnoreMain.subscribeNext(MonoIgnoreThen.java:263) ~[reactor-core-3.5.4.jar:3.5.4]
		at reactor.core.publisher.MonoIgnoreThen.subscribe(MonoIgnoreThen.java:51) ~[reactor-core-3.5.4.jar:3.5.4]
		at reactor.core.publisher.Mono.subscribe(Mono.java:4485) ~[reactor-core-3.5.4.jar:3.5.4]
		at reactor.core.publisher.FluxSwitchIfEmpty$SwitchIfEmptySubscriber.onComplete(FluxSwitchIfEmpty.java:82) ~[reactor-core-3.5.4.jar:3.5.4]
		at reactor.core.publisher.FluxFilter$FilterSubscriber.onComplete(FluxFilter.java:166) ~[reactor-core-3.5.4.jar:3.5.4]
		at reactor.core.publisher.FluxPeekFuseable$PeekConditionalSubscriber.onComplete(FluxPeekFuseable.java:940) ~[reactor-core-3.5.4.jar:3.5.4]
		at reactor.core.publisher.FluxSwitchIfEmpty$SwitchIfEmptySubscriber.onComplete(FluxSwitchIfEmpty.java:85) ~[reactor-core-3.5.4.jar:3.5.4]
		at org.springframework.security.test.context.support.ReactorContextTestExecutionListener$DelegateTestExecutionListener$SecuritySubContext.onComplete(ReactorContextTestExecutionListener.java:130) ~[spring-security-test-6.0.2.jar:6.0.2]
		at reactor.core.publisher.Operators$ScalarSubscription.request(Operators.java:2547) ~[reactor-core-3.5.4.jar:3.5.4]
		at reactor.core.publisher.Operators$MultiSubscriptionSubscriber.set(Operators.java:2341) ~[reactor-core-3.5.4.jar:3.5.4]
		at reactor.core.publisher.Operators$MultiSubscriptionSubscriber.onSubscribe(Operators.java:2215) ~[reactor-core-3.5.4.jar:3.5.4]
		at org.springframework.security.test.context.support.ReactorContextTestExecutionListener$DelegateTestExecutionListener$SecuritySubContext.onSubscribe(ReactorContextTestExecutionListener.java:115) ~[spring-security-test-6.0.2.jar:6.0.2]
		at reactor.core.publisher.MonoJust.subscribe(MonoJust.java:55) ~[reactor-core-3.5.4.jar:3.5.4]
		at reactor.core.publisher.Mono.subscribe(Mono.java:4485) ~[reactor-core-3.5.4.jar:3.5.4]
		at reactor.core.publisher.FluxSwitchIfEmpty$SwitchIfEmptySubscriber.onComplete(FluxSwitchIfEmpty.java:82) ~[reactor-core-3.5.4.jar:3.5.4]
		at reactor.core.publisher.MonoNext$NextSubscriber.onComplete(MonoNext.java:102) ~[reactor-core-3.5.4.jar:3.5.4]
		at reactor.core.publisher.FluxFilter$FilterSubscriber.onComplete(FluxFilter.java:166) ~[reactor-core-3.5.4.jar:3.5.4]
		at reactor.core.publisher.FluxFlatMap$FlatMapMain.checkTerminated(FluxFlatMap.java:847) ~[reactor-core-3.5.4.jar:3.5.4]
		at reactor.core.publisher.FluxFlatMap$FlatMapMain.drainLoop(FluxFlatMap.java:609) ~[reactor-core-3.5.4.jar:3.5.4]
		at reactor.core.publisher.FluxFlatMap$FlatMapMain.drain(FluxFlatMap.java:589) ~[reactor-core-3.5.4.jar:3.5.4]
		at reactor.core.publisher.FluxFlatMap$FlatMapMain.onComplete(FluxFlatMap.java:466) ~[reactor-core-3.5.4.jar:3.5.4]
		at reactor.core.publisher.FluxPeekFuseable$PeekFuseableSubscriber.onComplete(FluxPeekFuseable.java:277) ~[reactor-core-3.5.4.jar:3.5.4]
		at reactor.core.publisher.FluxIterable$IterableSubscription.slowPath(FluxIterable.java:357) ~[reactor-core-3.5.4.jar:3.5.4]
		at reactor.core.publisher.FluxIterable$IterableSubscription.request(FluxIterable.java:294) ~[reactor-core-3.5.4.jar:3.5.4]
		at reactor.core.publisher.FluxPeekFuseable$PeekFuseableSubscriber.request(FluxPeekFuseable.java:144) ~[reactor-core-3.5.4.jar:3.5.4]
		at reactor.core.publisher.FluxFlatMap$FlatMapMain.onSubscribe(FluxFlatMap.java:371) ~[reactor-core-3.5.4.jar:3.5.4]
		at reactor.core.publisher.FluxPeekFuseable$PeekFuseableSubscriber.onSubscribe(FluxPeekFuseable.java:178) ~[reactor-core-3.5.4.jar:3.5.4]
		at reactor.core.publisher.FluxIterable.subscribe(FluxIterable.java:201) ~[reactor-core-3.5.4.jar:3.5.4]
		at reactor.core.publisher.FluxIterable.subscribe(FluxIterable.java:83) ~[reactor-core-3.5.4.jar:3.5.4]
		at reactor.core.publisher.InternalMonoOperator.subscribe(InternalMonoOperator.java:64) ~[reactor-core-3.5.4.jar:3.5.4]
		at reactor.core.publisher.MonoDefer.subscribe(MonoDefer.java:52) ~[reactor-core-3.5.4.jar:3.5.4]
		at reactor.core.publisher.MonoFlatMap$FlatMapMain.onNext(MonoFlatMap.java:165) ~[reactor-core-3.5.4.jar:3.5.4]
		at reactor.core.publisher.Operators$BaseFluxToMonoOperator.completePossiblyEmpty(Operators.java:2071) ~[reactor-core-3.5.4.jar:3.5.4]
		at reactor.core.publisher.FluxDefaultIfEmpty$DefaultIfEmptySubscriber.onComplete(FluxDefaultIfEmpty.java:134) ~[reactor-core-3.5.4.jar:3.5.4]
		at reactor.core.publisher.FluxMap$MapSubscriber.onComplete(FluxMap.java:144) ~[reactor-core-3.5.4.jar:3.5.4]
		at reactor.core.publisher.FluxMap$MapSubscriber.onComplete(FluxMap.java:144) ~[reactor-core-3.5.4.jar:3.5.4]
		at reactor.core.publisher.FluxFilter$FilterSubscriber.onComplete(FluxFilter.java:166) ~[reactor-core-3.5.4.jar:3.5.4]
		at reactor.core.publisher.FluxMap$MapConditionalSubscriber.onComplete(FluxMap.java:275) ~[reactor-core-3.5.4.jar:3.5.4]
		at reactor.core.publisher.Operators$MonoSubscriber.complete(Operators.java:1840) ~[reactor-core-3.5.4.jar:3.5.4]
		at reactor.core.publisher.MonoCacheTime$CoordinatorSubscriber.signalCached(MonoCacheTime.java:337) ~[reactor-core-3.5.4.jar:3.5.4]
		at reactor.core.publisher.MonoCacheTime$CoordinatorSubscriber.onNext(MonoCacheTime.java:354) ~[reactor-core-3.5.4.jar:3.5.4]
		at reactor.core.publisher.FluxPeek$PeekSubscriber.onNext(FluxPeek.java:200) ~[reactor-core-3.5.4.jar:3.5.4]
		at reactor.core.publisher.FluxSwitchIfEmpty$SwitchIfEmptySubscriber.onNext(FluxSwitchIfEmpty.java:74) ~[reactor-core-3.5.4.jar:3.5.4]
		at org.springframework.security.test.context.support.ReactorContextTestExecutionListener$DelegateTestExecutionListener$SecuritySubContext.onNext(ReactorContextTestExecutionListener.java:120) ~[spring-security-test-6.0.2.jar:6.0.2]
		at reactor.core.publisher.FluxPeekFuseable$PeekFuseableSubscriber.onNext(FluxPeekFuseable.java:210) ~[reactor-core-3.5.4.jar:3.5.4]
		at reactor.core.publisher.MonoPeekTerminal$MonoTerminalPeekSubscriber.onNext(MonoPeekTerminal.java:180) ~[reactor-core-3.5.4.jar:3.5.4]
		at reactor.core.publisher.MonoPublishOn$PublishOnSubscriber.run(MonoPublishOn.java:181) ~[reactor-core-3.5.4.jar:3.5.4]
		at reactor.core.scheduler.SchedulerTask.call(SchedulerTask.java:68) ~[reactor-core-3.5.4.jar:3.5.4]
		at reactor.core.scheduler.SchedulerTask.call(SchedulerTask.java:28) ~[reactor-core-3.5.4.jar:3.5.4]
		at java.base/java.util.concurrent.FutureTask.run(FutureTask.java:264) ~[na:na]
		at java.base/java.util.concurrent.ScheduledThreadPoolExecutor$ScheduledFutureTask.run(ScheduledThreadPoolExecutor.java:304) ~[na:na]
		at java.base/java.util.concurrent.ThreadPoolExecutor.runWorker(ThreadPoolExecutor.java:1136) ~[na:na]
		at java.base/java.util.concurrent.ThreadPoolExecutor$Worker.run(ThreadPoolExecutor.java:635) ~[na:na]
		at java.base/java.lang.Thread.run(Thread.java:840) ~[na:na]

2024-12-24T01:46:53.354+03:00 TRACE 8752 --- [     parallel-4] o.s.http.codec.json.Jackson2JsonEncoder  : [46777691] Encoding [{timestamp=Tue Dec 24 01:46:52 AST 2024, path=/posts, status=500, error=Internal Server Error, requestId=46777691}]
2024-12-24T01:46:53.357+03:00 TRACE 8752 --- [     parallel-4] o.s.w.s.adapter.HttpWebHandlerAdapter    : [46777691] Completed 500 INTERNAL_SERVER_ERROR, headers={masked}
2024-12-24T01:46:53.357+03:00 TRACE 8752 --- [     parallel-4] o.s.w.r.f.client.ExchangeFunctions       : [6ba19932] [19858304] Response 500 INTERNAL_SERVER_ERROR, headers={masked}
2024-12-24T01:46:53.417+03:00 ERROR 8752 --- [           main] o.s.t.w.reactive.server.ExchangeResult   : Request details for assertion failure:

> GET /posts
> WebTestClient-Request-Id: [6]

No content

< 500 INTERNAL_SERVER_ERROR Internal Server Error
< Content-Type: [application/json]
< Content-Length: [161]
< Cache-Control: [no-cache, no-store, max-age=0, must-revalidate]
< Pragma: [no-cache]
< Expires: [0]
< X-Content-Type-Options: [nosniff]
< X-Frame-Options: [DENY]
< X-XSS-Protection: [0]
< Referrer-Policy: [no-referrer]

{
  "timestamp" : "2024-12-23T22:46:52.876+00:00",
  "path" : "/posts",
  "status" : 500,
  "error" : "Internal Server Error",
  "requestId" : "46777691"
}

2024-12-24T01:46:53.419+03:00 DEBUG 8752 --- [           main] com.example.demo.PostControllerTest      : after each...
]]></system-out>
  </testcase>
  <testcase name="getPostById_shouldBeOk" classname="com.example.demo.PostControllerTest" time="0.461"/>
  <testcase name="getPostByNonExistedId_shouldReturn404" classname="com.example.demo.PostControllerTest" time="0.09"/>
  <testcase name="updatePost_shouldBeOk" classname="com.example.demo.PostControllerTest" time="0.165">
    <failure message="Status expected:&lt;204 NO_CONTENT&gt; but was:&lt;401 UNAUTHORIZED&gt;" type="java.lang.AssertionError"><![CDATA[java.lang.AssertionError: Status expected:<204 NO_CONTENT> but was:<401 UNAUTHORIZED>
	at com.example.demo.PostControllerTest.updatePost_shouldBeOk(PostControllerTest.java:183)
]]></failure>
    <system-out><![CDATA[2024-12-24T01:46:54.391+03:00 DEBUG 8752 --- [           main] com.example.demo.PostControllerTest      : before each...
2024-12-24T01:46:54.393+03:00 TRACE 8752 --- [           main] o.s.w.r.f.client.ExchangeFunctions       : [6529b078] HTTP PUT /posts/1, headers={masked}
2024-12-24T01:46:54.395+03:00 TRACE 8752 --- [     parallel-1] o.s.http.codec.json.Jackson2JsonEncoder  : [6529b078] Encoding [Post(id=1, title=updated title, content=updated content, status=DRAFT, comments=[], createdDate=2024-12-24T01:46:54.392494100, createdBy=null, lastModifiedDate=null, lastModifiedBy=null)]
2024-12-24T01:46:54.396+03:00 TRACE 8752 --- [     parallel-1] o.s.w.s.adapter.HttpWebHandlerAdapter    : [4b5520db] HTTP PUT "/posts/1", headers={masked}
2024-12-24T01:46:54.397+03:00 DEBUG 8752 --- [     parallel-1] o.s.s.w.s.u.m.OrServerWebExchangeMatcher : Trying to match using PathMatcherServerWebExchangeMatcher{pattern='/login', method=POST}
2024-12-24T01:46:54.397+03:00 DEBUG 8752 --- [     parallel-1] athPatternParserServerWebExchangeMatcher : Request 'PUT /posts/1' doesn't match 'POST /login'
2024-12-24T01:46:54.397+03:00 DEBUG 8752 --- [     parallel-1] o.s.s.w.s.u.m.OrServerWebExchangeMatcher : No matches found
2024-12-24T01:46:54.398+03:00 DEBUG 8752 --- [     parallel-2] o.s.w.s.s.DefaultWebSessionManager       : Created new WebSession.
2024-12-24T01:46:54.398+03:00 DEBUG 8752 --- [     parallel-2] o.s.s.w.s.u.m.OrServerWebExchangeMatcher : Trying to match using PathMatcherServerWebExchangeMatcher{pattern='/logout', method=POST}
2024-12-24T01:46:54.399+03:00 DEBUG 8752 --- [     parallel-2] athPatternParserServerWebExchangeMatcher : Request 'PUT /posts/1' doesn't match 'POST /logout'
2024-12-24T01:46:54.399+03:00 DEBUG 8752 --- [     parallel-2] o.s.s.w.s.u.m.OrServerWebExchangeMatcher : No matches found
2024-12-24T01:46:54.400+03:00 DEBUG 8752 --- [     parallel-2] o.s.s.w.s.u.m.OrServerWebExchangeMatcher : Trying to match using PathMatcherServerWebExchangeMatcher{pattern='/', method=null}
2024-12-24T01:46:54.400+03:00 DEBUG 8752 --- [     parallel-2] athPatternParserServerWebExchangeMatcher : Request 'PUT /posts/1' doesn't match 'null /'
2024-12-24T01:46:54.400+03:00 DEBUG 8752 --- [     parallel-2] o.s.s.w.s.u.m.OrServerWebExchangeMatcher : Trying to match using PathMatcherServerWebExchangeMatcher{pattern='/login', method=null}
2024-12-24T01:46:54.400+03:00 DEBUG 8752 --- [     parallel-2] athPatternParserServerWebExchangeMatcher : Request 'PUT /posts/1' doesn't match 'null /login'
2024-12-24T01:46:54.400+03:00 DEBUG 8752 --- [     parallel-2] o.s.s.w.s.u.m.OrServerWebExchangeMatcher : Trying to match using PathMatcherServerWebExchangeMatcher{pattern='/logout', method=null}
2024-12-24T01:46:54.400+03:00 DEBUG 8752 --- [     parallel-2] athPatternParserServerWebExchangeMatcher : Request 'PUT /posts/1' doesn't match 'null /logout'
2024-12-24T01:46:54.400+03:00 DEBUG 8752 --- [     parallel-2] o.s.s.w.s.u.m.OrServerWebExchangeMatcher : No matches found
2024-12-24T01:46:54.400+03:00 DEBUG 8752 --- [     parallel-2] o.s.s.w.s.u.m.OrServerWebExchangeMatcher : Trying to match using PathMatcherServerWebExchangeMatcher{pattern='/posts/**', method=GET}
2024-12-24T01:46:54.401+03:00 DEBUG 8752 --- [     parallel-2] athPatternParserServerWebExchangeMatcher : Request 'PUT /posts/1' doesn't match 'GET /posts/**'
2024-12-24T01:46:54.401+03:00 DEBUG 8752 --- [     parallel-2] o.s.s.w.s.u.m.OrServerWebExchangeMatcher : No matches found
2024-12-24T01:46:54.402+03:00 DEBUG 8752 --- [     parallel-2] o.s.s.w.s.u.m.OrServerWebExchangeMatcher : Trying to match using PathMatcherServerWebExchangeMatcher{pattern='/posts/**', method=DELETE}
2024-12-24T01:46:54.402+03:00 DEBUG 8752 --- [     parallel-2] athPatternParserServerWebExchangeMatcher : Request 'PUT /posts/1' doesn't match 'DELETE /posts/**'
2024-12-24T01:46:54.402+03:00 DEBUG 8752 --- [     parallel-2] o.s.s.w.s.u.m.OrServerWebExchangeMatcher : No matches found
2024-12-24T01:46:54.402+03:00 DEBUG 8752 --- [     parallel-2] o.s.s.w.s.u.m.OrServerWebExchangeMatcher : Trying to match using PathMatcherServerWebExchangeMatcher{pattern='/posts/**', method=null}
2024-12-24T01:46:54.403+03:00 DEBUG 8752 --- [     parallel-2] athPatternParserServerWebExchangeMatcher : Checking match of request : '/posts/1'; against '/posts/**'
2024-12-24T01:46:54.403+03:00 DEBUG 8752 --- [     parallel-2] o.s.s.w.s.u.m.OrServerWebExchangeMatcher : matched
2024-12-24T01:46:54.403+03:00 DEBUG 8752 --- [     parallel-2] a.DelegatingReactiveAuthorizationManager : Checking authorization on '/posts/1' using org.springframework.security.authorization.AuthenticatedReactiveAuthorizationManager@c4d4aef
2024-12-24T01:46:54.403+03:00 DEBUG 8752 --- [     parallel-2] ebSessionServerSecurityContextRepository : No SecurityContext found in WebSession: 'org.springframework.web.server.session.InMemoryWebSessionStore$InMemoryWebSession@2932dee6'
2024-12-24T01:46:54.404+03:00 DEBUG 8752 --- [     parallel-2] o.s.s.w.s.a.AuthorizationWebFilter       : Authorization failed: Access Denied
2024-12-24T01:46:54.405+03:00 DEBUG 8752 --- [     parallel-2] ebSessionServerSecurityContextRepository : No SecurityContext found in WebSession: 'org.springframework.web.server.session.InMemoryWebSessionStore$InMemoryWebSession@2932dee6'
2024-12-24T01:46:54.405+03:00 TRACE 8752 --- [     parallel-2] o.s.w.s.adapter.HttpWebHandlerAdapter    : [4b5520db] Completed 401 UNAUTHORIZED, headers={masked}
2024-12-24T01:46:54.406+03:00 TRACE 8752 --- [     parallel-2] o.s.w.r.f.client.ExchangeFunctions       : [6529b078] [7fea4054] Response 401 UNAUTHORIZED, headers={masked}
2024-12-24T01:46:54.407+03:00 ERROR 8752 --- [           main] o.s.t.w.reactive.server.ExchangeResult   : Request details for assertion failure:

> PUT /posts/1
> WebTestClient-Request-Id: [9]
> Content-Type: [application/json]
> Content-Length: [176]

{
  "id" : "1",
  "title" : "updated title",
  "content" : "updated content",
  "status" : "DRAFT",
  "comments" : [ ],
  "createdDate" : "2024-12-24T01:46:54.3924941"
}

< 401 UNAUTHORIZED Unauthorized
< WWW-Authenticate: [Basic realm="Realm"]
< Cache-Control: [no-cache, no-store, max-age=0, must-revalidate]
< Pragma: [no-cache]
< Expires: [0]
< X-Content-Type-Options: [nosniff]
< X-Frame-Options: [DENY]
< X-XSS-Protection: [0]
< Referrer-Policy: [no-referrer]

0 bytes of content (unknown content-type).

2024-12-24T01:46:54.408+03:00 DEBUG 8752 --- [           main] com.example.demo.PostControllerTest      : after each...
]]></system-out>
  </testcase>
</testsuite>